[0.019s] Invoking command in '/home/yangsangmin/ws/build/erp42_msgs': CMAKE_PREFIX_PATH=${CMAKE_PREFIX_PATH}:/home/yangsangmin/ws/install/my_package:/home/yangsangmin/ws/install/my_robot:/home/yangsangmin/install/my_package:/opt/ros/humble /usr/bin/cmake --build /home/yangsangmin/ws/build/erp42_msgs -- -j8 -l8
[0.055s] [  2%] Built target erp42_msgs__cpp
[0.055s] [ 12%] Built target erp42_msgs__rosidl_generator_c
[0.077s] [ 12%] Built target ament_cmake_python_copy_erp42_msgs
[0.080s] [ 23%] Built target erp42_msgs__rosidl_typesupport_cpp
[0.081s] [ 34%] Built target erp42_msgs__rosidl_typesupport_fastrtps_cpp
[0.082s] [ 55%] Built target erp42_msgs__rosidl_typesupport_introspection_cpp
[0.082s] [ 55%] Built target erp42_msgs__rosidl_typesupport_fastrtps_c
[0.082s] [ 65%] Built target erp42_msgs__rosidl_typesupport_introspection_c
[0.084s] [ 76%] Built target erp42_msgs__rosidl_typesupport_c
[0.098s] [ 76%] Built target erp42_msgs
[0.113s] [ 78%] Built target erp42_msgs__py
[0.129s] [ 87%] Built target erp42_msgs__rosidl_generator_py
[0.147s] [ 91%] Built target erp42_msgs__rosidl_typesupport_c__pyext
[0.147s] [ 95%] Built target erp42_msgs__rosidl_typesupport_fastrtps_c__pyext
[0.150s] [100%] Built target erp42_msgs__rosidl_typesupport_introspection_c__pyext
[0.306s] running egg_info
[0.306s] writing erp42_msgs.egg-info/PKG-INFO
[0.307s] writing dependency_links to erp42_msgs.egg-info/dependency_links.txt
[0.307s] writing top-level names to erp42_msgs.egg-info/top_level.txt
[0.309s] reading manifest file 'erp42_msgs.egg-info/SOURCES.txt'
[0.309s] writing manifest file 'erp42_msgs.egg-info/SOURCES.txt'
[0.330s] [100%] Built target ament_cmake_python_build_erp42_msgs_egg
[0.340s] Invoked command in '/home/yangsangmin/ws/build/erp42_msgs' returned '0': CMAKE_PREFIX_PATH=${CMAKE_PREFIX_PATH}:/home/yangsangmin/ws/install/my_package:/home/yangsangmin/ws/install/my_robot:/home/yangsangmin/install/my_package:/opt/ros/humble /usr/bin/cmake --build /home/yangsangmin/ws/build/erp42_msgs -- -j8 -l8
[0.349s] Invoking command in '/home/yangsangmin/ws/build/erp42_msgs': CMAKE_PREFIX_PATH=${CMAKE_PREFIX_PATH}:/home/yangsangmin/ws/install/my_package:/home/yangsangmin/ws/install/my_robot:/home/yangsangmin/install/my_package:/opt/ros/humble /usr/bin/cmake --install /home/yangsangmin/ws/build/erp42_msgs
[0.354s] -- Install configuration: ""
[0.354s] -- Up-to-date: /home/yangsangmin/ws/install/erp42_msgs/share/ament_index/resource_index/rosidl_interfaces/erp42_msgs
[0.355s] -- Up-to-date: /home/yangsangmin/ws/install/erp42_msgs/include/erp42_msgs/erp42_msgs
[0.355s] -- Up-to-date: /home/yangsangmin/ws/install/erp42_msgs/include/erp42_msgs/erp42_msgs/msg
[0.355s] -- Up-to-date: /home/yangsangmin/ws/install/erp42_msgs/include/erp42_msgs/erp42_msgs/msg/control_message.h
[0.355s] -- Up-to-date: /home/yangsangmin/ws/install/erp42_msgs/include/erp42_msgs/erp42_msgs/msg/rosidl_generator_c__visibility_control.h
[0.355s] -- Up-to-date: /home/yangsangmin/ws/install/erp42_msgs/include/erp42_msgs/erp42_msgs/msg/serial_feed_back.h
[0.355s] -- Up-to-date: /home/yangsangmin/ws/install/erp42_msgs/include/erp42_msgs/erp42_msgs/msg/stanley_error.h
[0.355s] -- Up-to-date: /home/yangsangmin/ws/install/erp42_msgs/include/erp42_msgs/erp42_msgs/msg/detail
[0.356s] -- Up-to-date: /home/yangsangmin/ws/install/erp42_msgs/include/erp42_msgs/erp42_msgs/msg/detail/serial_feed_back__functions.c
[0.356s] -- Up-to-date: /home/yangsangmin/ws/install/erp42_msgs/include/erp42_msgs/erp42_msgs/msg/detail/serial_feed_back__type_support.h
[0.356s] -- Up-to-date: /home/yangsangmin/ws/install/erp42_msgs/include/erp42_msgs/erp42_msgs/msg/detail/serial_feed_back__functions.h
[0.356s] -- Up-to-date: /home/yangsangmin/ws/install/erp42_msgs/include/erp42_msgs/erp42_msgs/msg/detail/stanley_error__struct.h
[0.356s] -- Up-to-date: /home/yangsangmin/ws/install/erp42_msgs/include/erp42_msgs/erp42_msgs/msg/detail/control_message__functions.h
[0.356s] -- Up-to-date: /home/yangsangmin/ws/install/erp42_msgs/include/erp42_msgs/erp42_msgs/msg/detail/stanley_error__functions.h
[0.356s] -- Up-to-date: /home/yangsangmin/ws/install/erp42_msgs/include/erp42_msgs/erp42_msgs/msg/detail/control_message__struct.h
[0.356s] -- Up-to-date: /home/yangsangmin/ws/install/erp42_msgs/include/erp42_msgs/erp42_msgs/msg/detail/control_message__type_support.h
[0.356s] -- Up-to-date: /home/yangsangmin/ws/install/erp42_msgs/include/erp42_msgs/erp42_msgs/msg/detail/stanley_error__type_support.h
[0.357s] -- Up-to-date: /home/yangsangmin/ws/install/erp42_msgs/include/erp42_msgs/erp42_msgs/msg/detail/stanley_error__functions.c
[0.357s] -- Up-to-date: /home/yangsangmin/ws/install/erp42_msgs/include/erp42_msgs/erp42_msgs/msg/detail/control_message__functions.c
[0.357s] -- Up-to-date: /home/yangsangmin/ws/install/erp42_msgs/include/erp42_msgs/erp42_msgs/msg/detail/serial_feed_back__struct.h
[0.357s] -- Up-to-date: /home/yangsangmin/ws/install/erp42_msgs/share/erp42_msgs/environment/library_path.sh
[0.357s] -- Up-to-date: /home/yangsangmin/ws/install/erp42_msgs/share/erp42_msgs/environment/library_path.dsv
[0.357s] -- Up-to-date: /home/yangsangmin/ws/install/erp42_msgs/lib/liberp42_msgs__rosidl_generator_c.so
[0.357s] -- Up-to-date: /home/yangsangmin/ws/install/erp42_msgs/include/erp42_msgs/erp42_msgs
[0.357s] -- Up-to-date: /home/yangsangmin/ws/install/erp42_msgs/include/erp42_msgs/erp42_msgs/msg
[0.357s] -- Up-to-date: /home/yangsangmin/ws/install/erp42_msgs/include/erp42_msgs/erp42_msgs/msg/rosidl_typesupport_fastrtps_c__visibility_control.h
[0.358s] -- Up-to-date: /home/yangsangmin/ws/install/erp42_msgs/include/erp42_msgs/erp42_msgs/msg/detail
[0.358s] -- Up-to-date: /home/yangsangmin/ws/install/erp42_msgs/include/erp42_msgs/erp42_msgs/msg/detail/control_message__rosidl_typesupport_fastrtps_c.h
[0.358s] -- Up-to-date: /home/yangsangmin/ws/install/erp42_msgs/include/erp42_msgs/erp42_msgs/msg/detail/serial_feed_back__rosidl_typesupport_fastrtps_c.h
[0.358s] -- Up-to-date: /home/yangsangmin/ws/install/erp42_msgs/include/erp42_msgs/erp42_msgs/msg/detail/stanley_error__rosidl_typesupport_fastrtps_c.h
[0.358s] -- Up-to-date: /home/yangsangmin/ws/install/erp42_msgs/lib/liberp42_msgs__rosidl_typesupport_fastrtps_c.so
[0.358s] -- Up-to-date: /home/yangsangmin/ws/install/erp42_msgs/include/erp42_msgs/erp42_msgs
[0.358s] -- Up-to-date: /home/yangsangmin/ws/install/erp42_msgs/include/erp42_msgs/erp42_msgs/msg
[0.358s] -- Up-to-date: /home/yangsangmin/ws/install/erp42_msgs/include/erp42_msgs/erp42_msgs/msg/rosidl_typesupport_introspection_c__visibility_control.h
[0.358s] -- Up-to-date: /home/yangsangmin/ws/install/erp42_msgs/include/erp42_msgs/erp42_msgs/msg/detail
[0.358s] -- Up-to-date: /home/yangsangmin/ws/install/erp42_msgs/include/erp42_msgs/erp42_msgs/msg/detail/control_message__type_support.c
[0.359s] -- Up-to-date: /home/yangsangmin/ws/install/erp42_msgs/include/erp42_msgs/erp42_msgs/msg/detail/serial_feed_back__type_support.c
[0.359s] -- Up-to-date: /home/yangsangmin/ws/install/erp42_msgs/include/erp42_msgs/erp42_msgs/msg/detail/stanley_error__rosidl_typesupport_introspection_c.h
[0.359s] -- Up-to-date: /home/yangsangmin/ws/install/erp42_msgs/include/erp42_msgs/erp42_msgs/msg/detail/control_message__rosidl_typesupport_introspection_c.h
[0.359s] -- Up-to-date: /home/yangsangmin/ws/install/erp42_msgs/include/erp42_msgs/erp42_msgs/msg/detail/serial_feed_back__rosidl_typesupport_introspection_c.h
[0.359s] -- Up-to-date: /home/yangsangmin/ws/install/erp42_msgs/include/erp42_msgs/erp42_msgs/msg/detail/stanley_error__type_support.c
[0.359s] -- Up-to-date: /home/yangsangmin/ws/install/erp42_msgs/lib/liberp42_msgs__rosidl_typesupport_introspection_c.so
[0.359s] -- Up-to-date: /home/yangsangmin/ws/install/erp42_msgs/lib/liberp42_msgs__rosidl_typesupport_c.so
[0.359s] -- Up-to-date: /home/yangsangmin/ws/install/erp42_msgs/include/erp42_msgs/erp42_msgs
[0.359s] -- Up-to-date: /home/yangsangmin/ws/install/erp42_msgs/include/erp42_msgs/erp42_msgs/msg
[0.359s] -- Up-to-date: /home/yangsangmin/ws/install/erp42_msgs/include/erp42_msgs/erp42_msgs/msg/rosidl_generator_cpp__visibility_control.hpp
[0.360s] -- Up-to-date: /home/yangsangmin/ws/install/erp42_msgs/include/erp42_msgs/erp42_msgs/msg/control_message.hpp
[0.360s] -- Up-to-date: /home/yangsangmin/ws/install/erp42_msgs/include/erp42_msgs/erp42_msgs/msg/serial_feed_back.hpp
[0.360s] -- Up-to-date: /home/yangsangmin/ws/install/erp42_msgs/include/erp42_msgs/erp42_msgs/msg/detail
[0.360s] -- Up-to-date: /home/yangsangmin/ws/install/erp42_msgs/include/erp42_msgs/erp42_msgs/msg/detail/control_message__traits.hpp
[0.360s] -- Up-to-date: /home/yangsangmin/ws/install/erp42_msgs/include/erp42_msgs/erp42_msgs/msg/detail/stanley_error__struct.hpp
[0.360s] -- Up-to-date: /home/yangsangmin/ws/install/erp42_msgs/include/erp42_msgs/erp42_msgs/msg/detail/control_message__type_support.hpp
[0.360s] -- Up-to-date: /home/yangsangmin/ws/install/erp42_msgs/include/erp42_msgs/erp42_msgs/msg/detail/control_message__builder.hpp
[0.360s] -- Up-to-date: /home/yangsangmin/ws/install/erp42_msgs/include/erp42_msgs/erp42_msgs/msg/detail/stanley_error__traits.hpp
[0.360s] -- Up-to-date: /home/yangsangmin/ws/install/erp42_msgs/include/erp42_msgs/erp42_msgs/msg/detail/stanley_error__type_support.hpp
[0.360s] -- Up-to-date: /home/yangsangmin/ws/install/erp42_msgs/include/erp42_msgs/erp42_msgs/msg/detail/control_message__struct.hpp
[0.360s] -- Up-to-date: /home/yangsangmin/ws/install/erp42_msgs/include/erp42_msgs/erp42_msgs/msg/detail/serial_feed_back__traits.hpp
[0.361s] -- Up-to-date: /home/yangsangmin/ws/install/erp42_msgs/include/erp42_msgs/erp42_msgs/msg/detail/serial_feed_back__type_support.hpp
[0.361s] -- Up-to-date: /home/yangsangmin/ws/install/erp42_msgs/include/erp42_msgs/erp42_msgs/msg/detail/serial_feed_back__struct.hpp
[0.361s] -- Up-to-date: /home/yangsangmin/ws/install/erp42_msgs/include/erp42_msgs/erp42_msgs/msg/detail/serial_feed_back__builder.hpp
[0.361s] -- Up-to-date: /home/yangsangmin/ws/install/erp42_msgs/include/erp42_msgs/erp42_msgs/msg/detail/stanley_error__builder.hpp
[0.361s] -- Up-to-date: /home/yangsangmin/ws/install/erp42_msgs/include/erp42_msgs/erp42_msgs/msg/stanley_error.hpp
[0.361s] -- Up-to-date: /home/yangsangmin/ws/install/erp42_msgs/include/erp42_msgs/erp42_msgs
[0.361s] -- Up-to-date: /home/yangsangmin/ws/install/erp42_msgs/include/erp42_msgs/erp42_msgs/msg
[0.361s] -- Up-to-date: /home/yangsangmin/ws/install/erp42_msgs/include/erp42_msgs/erp42_msgs/msg/rosidl_typesupport_fastrtps_cpp__visibility_control.h
[0.361s] -- Up-to-date: /home/yangsangmin/ws/install/erp42_msgs/include/erp42_msgs/erp42_msgs/msg/detail
[0.361s] -- Up-to-date: /home/yangsangmin/ws/install/erp42_msgs/include/erp42_msgs/erp42_msgs/msg/detail/serial_feed_back__rosidl_typesupport_fastrtps_cpp.hpp
[0.361s] -- Up-to-date: /home/yangsangmin/ws/install/erp42_msgs/include/erp42_msgs/erp42_msgs/msg/detail/stanley_error__rosidl_typesupport_fastrtps_cpp.hpp
[0.362s] -- Up-to-date: /home/yangsangmin/ws/install/erp42_msgs/include/erp42_msgs/erp42_msgs/msg/detail/dds_fastrtps
[0.362s] -- Up-to-date: /home/yangsangmin/ws/install/erp42_msgs/include/erp42_msgs/erp42_msgs/msg/detail/control_message__rosidl_typesupport_fastrtps_cpp.hpp
[0.362s] -- Up-to-date: /home/yangsangmin/ws/install/erp42_msgs/lib/liberp42_msgs__rosidl_typesupport_fastrtps_cpp.so
[0.362s] -- Up-to-date: /home/yangsangmin/ws/install/erp42_msgs/include/erp42_msgs/erp42_msgs
[0.362s] -- Up-to-date: /home/yangsangmin/ws/install/erp42_msgs/include/erp42_msgs/erp42_msgs/msg
[0.362s] -- Up-to-date: /home/yangsangmin/ws/install/erp42_msgs/include/erp42_msgs/erp42_msgs/msg/detail
[0.362s] -- Up-to-date: /home/yangsangmin/ws/install/erp42_msgs/include/erp42_msgs/erp42_msgs/msg/detail/stanley_error__rosidl_typesupport_introspection_cpp.hpp
[0.362s] -- Up-to-date: /home/yangsangmin/ws/install/erp42_msgs/include/erp42_msgs/erp42_msgs/msg/detail/serial_feed_back__type_support.cpp
[0.362s] -- Up-to-date: /home/yangsangmin/ws/install/erp42_msgs/include/erp42_msgs/erp42_msgs/msg/detail/control_message__rosidl_typesupport_introspection_cpp.hpp
[0.362s] -- Up-to-date: /home/yangsangmin/ws/install/erp42_msgs/include/erp42_msgs/erp42_msgs/msg/detail/serial_feed_back__rosidl_typesupport_introspection_cpp.hpp
[0.362s] -- Up-to-date: /home/yangsangmin/ws/install/erp42_msgs/include/erp42_msgs/erp42_msgs/msg/detail/stanley_error__type_support.cpp
[0.362s] -- Up-to-date: /home/yangsangmin/ws/install/erp42_msgs/include/erp42_msgs/erp42_msgs/msg/detail/control_message__type_support.cpp
[0.363s] -- Up-to-date: /home/yangsangmin/ws/install/erp42_msgs/lib/liberp42_msgs__rosidl_typesupport_introspection_cpp.so
[0.363s] -- Up-to-date: /home/yangsangmin/ws/install/erp42_msgs/lib/liberp42_msgs__rosidl_typesupport_cpp.so
[0.363s] -- Up-to-date: /home/yangsangmin/ws/install/erp42_msgs/share/erp42_msgs/environment/pythonpath.sh
[0.363s] -- Up-to-date: /home/yangsangmin/ws/install/erp42_msgs/share/erp42_msgs/environment/pythonpath.dsv
[0.363s] -- Up-to-date: /home/yangsangmin/ws/install/erp42_msgs/local/lib/python3.10/dist-packages/erp42_msgs-0.0.0-py3.10.egg-info
[0.363s] -- Installing: /home/yangsangmin/ws/install/erp42_msgs/local/lib/python3.10/dist-packages/erp42_msgs-0.0.0-py3.10.egg-info/PKG-INFO
[0.363s] -- Installing: /home/yangsangmin/ws/install/erp42_msgs/local/lib/python3.10/dist-packages/erp42_msgs-0.0.0-py3.10.egg-info/SOURCES.txt
[0.363s] -- Installing: /home/yangsangmin/ws/install/erp42_msgs/local/lib/python3.10/dist-packages/erp42_msgs-0.0.0-py3.10.egg-info/top_level.txt
[0.363s] -- Installing: /home/yangsangmin/ws/install/erp42_msgs/local/lib/python3.10/dist-packages/erp42_msgs-0.0.0-py3.10.egg-info/dependency_links.txt
[0.363s] -- Up-to-date: /home/yangsangmin/ws/install/erp42_msgs/local/lib/python3.10/dist-packages/erp42_msgs
[0.363s] -- Up-to-date: /home/yangsangmin/ws/install/erp42_msgs/local/lib/python3.10/dist-packages/erp42_msgs/_erp42_msgs_s.ep.rosidl_typesupport_introspection_c.c
[0.364s] -- Up-to-date: /home/yangsangmin/ws/install/erp42_msgs/local/lib/python3.10/dist-packages/erp42_msgs/erp42_msgs_s__rosidl_typesupport_c.cpython-310-x86_64-linux-gnu.so
[0.364s] -- Up-to-date: /home/yangsangmin/ws/install/erp42_msgs/local/lib/python3.10/dist-packages/erp42_msgs/msg
[0.364s] -- Up-to-date: /home/yangsangmin/ws/install/erp42_msgs/local/lib/python3.10/dist-packages/erp42_msgs/msg/_stanley_error_s.c
[0.364s] -- Up-to-date: /home/yangsangmin/ws/install/erp42_msgs/local/lib/python3.10/dist-packages/erp42_msgs/msg/_control_message.py
[0.364s] -- Up-to-date: /home/yangsangmin/ws/install/erp42_msgs/local/lib/python3.10/dist-packages/erp42_msgs/msg/_control_message_s.c
[0.364s] -- Up-to-date: /home/yangsangmin/ws/install/erp42_msgs/local/lib/python3.10/dist-packages/erp42_msgs/msg/__init__.py
[0.364s] -- Up-to-date: /home/yangsangmin/ws/install/erp42_msgs/local/lib/python3.10/dist-packages/erp42_msgs/msg/_stanley_error.py
[0.364s] -- Up-to-date: /home/yangsangmin/ws/install/erp42_msgs/local/lib/python3.10/dist-packages/erp42_msgs/msg/_serial_feed_back_s.c
[0.364s] -- Up-to-date: /home/yangsangmin/ws/install/erp42_msgs/local/lib/python3.10/dist-packages/erp42_msgs/msg/_serial_feed_back.py
[0.364s] -- Up-to-date: /home/yangsangmin/ws/install/erp42_msgs/local/lib/python3.10/dist-packages/erp42_msgs/erp42_msgs_s__rosidl_typesupport_introspection_c.cpython-310-x86_64-linux-gnu.so
[0.364s] -- Up-to-date: /home/yangsangmin/ws/install/erp42_msgs/local/lib/python3.10/dist-packages/erp42_msgs/erp42_msgs_s__rosidl_typesupport_fastrtps_c.cpython-310-x86_64-linux-gnu.so
[0.365s] -- Up-to-date: /home/yangsangmin/ws/install/erp42_msgs/local/lib/python3.10/dist-packages/erp42_msgs/_erp42_msgs_s.ep.rosidl_typesupport_c.c
[0.365s] -- Up-to-date: /home/yangsangmin/ws/install/erp42_msgs/local/lib/python3.10/dist-packages/erp42_msgs/__init__.py
[0.365s] -- Up-to-date: /home/yangsangmin/ws/install/erp42_msgs/local/lib/python3.10/dist-packages/erp42_msgs/liberp42_msgs__rosidl_generator_py.so
[0.365s] -- Up-to-date: /home/yangsangmin/ws/install/erp42_msgs/local/lib/python3.10/dist-packages/erp42_msgs/_erp42_msgs_s.ep.rosidl_typesupport_fastrtps_c.c
[0.385s] Listing '/home/yangsangmin/ws/install/erp42_msgs/local/lib/python3.10/dist-packages/erp42_msgs'...
[0.385s] Listing '/home/yangsangmin/ws/install/erp42_msgs/local/lib/python3.10/dist-packages/erp42_msgs/msg'...
[0.389s] -- Up-to-date: /home/yangsangmin/ws/install/erp42_msgs/local/lib/python3.10/dist-packages/erp42_msgs/erp42_msgs_s__rosidl_typesupport_fastrtps_c.cpython-310-x86_64-linux-gnu.so
[0.389s] -- Up-to-date: /home/yangsangmin/ws/install/erp42_msgs/local/lib/python3.10/dist-packages/erp42_msgs/erp42_msgs_s__rosidl_typesupport_introspection_c.cpython-310-x86_64-linux-gnu.so
[0.389s] -- Up-to-date: /home/yangsangmin/ws/install/erp42_msgs/local/lib/python3.10/dist-packages/erp42_msgs/erp42_msgs_s__rosidl_typesupport_c.cpython-310-x86_64-linux-gnu.so
[0.389s] -- Up-to-date: /home/yangsangmin/ws/install/erp42_msgs/lib/liberp42_msgs__rosidl_generator_py.so
[0.389s] -- Up-to-date: /home/yangsangmin/ws/install/erp42_msgs/share/erp42_msgs/msg/SerialFeedBack.idl
[0.389s] -- Up-to-date: /home/yangsangmin/ws/install/erp42_msgs/share/erp42_msgs/msg/ControlMessage.idl
[0.390s] -- Up-to-date: /home/yangsangmin/ws/install/erp42_msgs/share/erp42_msgs/msg/StanleyError.idl
[0.390s] -- Up-to-date: /home/yangsangmin/ws/install/erp42_msgs/share/erp42_msgs/msg/SerialFeedBack.msg
[0.390s] -- Up-to-date: /home/yangsangmin/ws/install/erp42_msgs/share/erp42_msgs/msg/ControlMessage.msg
[0.390s] -- Up-to-date: /home/yangsangmin/ws/install/erp42_msgs/share/erp42_msgs/msg/StanleyError.msg
[0.390s] -- Up-to-date: /home/yangsangmin/ws/install/erp42_msgs/share/ament_index/resource_index/package_run_dependencies/erp42_msgs
[0.390s] -- Up-to-date: /home/yangsangmin/ws/install/erp42_msgs/share/ament_index/resource_index/parent_prefix_path/erp42_msgs
[0.390s] -- Up-to-date: /home/yangsangmin/ws/install/erp42_msgs/share/erp42_msgs/environment/ament_prefix_path.sh
[0.390s] -- Up-to-date: /home/yangsangmin/ws/install/erp42_msgs/share/erp42_msgs/environment/ament_prefix_path.dsv
[0.391s] -- Up-to-date: /home/yangsangmin/ws/install/erp42_msgs/share/erp42_msgs/environment/path.sh
[0.391s] -- Up-to-date: /home/yangsangmin/ws/install/erp42_msgs/share/erp42_msgs/environment/path.dsv
[0.391s] -- Up-to-date: /home/yangsangmin/ws/install/erp42_msgs/share/erp42_msgs/local_setup.bash
[0.391s] -- Up-to-date: /home/yangsangmin/ws/install/erp42_msgs/share/erp42_msgs/local_setup.sh
[0.391s] -- Up-to-date: /home/yangsangmin/ws/install/erp42_msgs/share/erp42_msgs/local_setup.zsh
[0.391s] -- Up-to-date: /home/yangsangmin/ws/install/erp42_msgs/share/erp42_msgs/local_setup.dsv
[0.391s] -- Installing: /home/yangsangmin/ws/install/erp42_msgs/share/erp42_msgs/package.dsv
[0.391s] -- Up-to-date: /home/yangsangmin/ws/install/erp42_msgs/share/ament_index/resource_index/packages/erp42_msgs
[0.391s] -- Up-to-date: /home/yangsangmin/ws/install/erp42_msgs/share/erp42_msgs/cmake/export_erp42_msgs__rosidl_generator_cExport.cmake
[0.392s] -- Up-to-date: /home/yangsangmin/ws/install/erp42_msgs/share/erp42_msgs/cmake/export_erp42_msgs__rosidl_generator_cExport-noconfig.cmake
[0.392s] -- Up-to-date: /home/yangsangmin/ws/install/erp42_msgs/share/erp42_msgs/cmake/export_erp42_msgs__rosidl_typesupport_fastrtps_cExport.cmake
[0.392s] -- Up-to-date: /home/yangsangmin/ws/install/erp42_msgs/share/erp42_msgs/cmake/export_erp42_msgs__rosidl_typesupport_fastrtps_cExport-noconfig.cmake
[0.392s] -- Up-to-date: /home/yangsangmin/ws/install/erp42_msgs/share/erp42_msgs/cmake/erp42_msgs__rosidl_typesupport_introspection_cExport.cmake
[0.392s] -- Up-to-date: /home/yangsangmin/ws/install/erp42_msgs/share/erp42_msgs/cmake/erp42_msgs__rosidl_typesupport_introspection_cExport-noconfig.cmake
[0.392s] -- Up-to-date: /home/yangsangmin/ws/install/erp42_msgs/share/erp42_msgs/cmake/erp42_msgs__rosidl_typesupport_cExport.cmake
[0.392s] -- Up-to-date: /home/yangsangmin/ws/install/erp42_msgs/share/erp42_msgs/cmake/erp42_msgs__rosidl_typesupport_cExport-noconfig.cmake
[0.392s] -- Up-to-date: /home/yangsangmin/ws/install/erp42_msgs/share/erp42_msgs/cmake/export_erp42_msgs__rosidl_generator_cppExport.cmake
[0.392s] -- Up-to-date: /home/yangsangmin/ws/install/erp42_msgs/share/erp42_msgs/cmake/export_erp42_msgs__rosidl_typesupport_fastrtps_cppExport.cmake
[0.392s] -- Up-to-date: /home/yangsangmin/ws/install/erp42_msgs/share/erp42_msgs/cmake/export_erp42_msgs__rosidl_typesupport_fastrtps_cppExport-noconfig.cmake
[0.393s] -- Up-to-date: /home/yangsangmin/ws/install/erp42_msgs/share/erp42_msgs/cmake/erp42_msgs__rosidl_typesupport_introspection_cppExport.cmake
[0.393s] -- Up-to-date: /home/yangsangmin/ws/install/erp42_msgs/share/erp42_msgs/cmake/erp42_msgs__rosidl_typesupport_introspection_cppExport-noconfig.cmake
[0.393s] -- Up-to-date: /home/yangsangmin/ws/install/erp42_msgs/share/erp42_msgs/cmake/erp42_msgs__rosidl_typesupport_cppExport.cmake
[0.393s] -- Up-to-date: /home/yangsangmin/ws/install/erp42_msgs/share/erp42_msgs/cmake/erp42_msgs__rosidl_typesupport_cppExport-noconfig.cmake
[0.393s] -- Up-to-date: /home/yangsangmin/ws/install/erp42_msgs/share/erp42_msgs/cmake/export_erp42_msgs__rosidl_generator_pyExport.cmake
[0.393s] -- Up-to-date: /home/yangsangmin/ws/install/erp42_msgs/share/erp42_msgs/cmake/export_erp42_msgs__rosidl_generator_pyExport-noconfig.cmake
[0.393s] -- Up-to-date: /home/yangsangmin/ws/install/erp42_msgs/share/erp42_msgs/cmake/rosidl_cmake-extras.cmake
[0.393s] -- Up-to-date: /home/yangsangmin/ws/install/erp42_msgs/share/erp42_msgs/cmake/ament_cmake_export_include_directories-extras.cmake
[0.393s] -- Up-to-date: /home/yangsangmin/ws/install/erp42_msgs/share/erp42_msgs/cmake/ament_cmake_export_libraries-extras.cmake
[0.393s] -- Up-to-date: /home/yangsangmin/ws/install/erp42_msgs/share/erp42_msgs/cmake/ament_cmake_export_targets-extras.cmake
[0.393s] -- Up-to-date: /home/yangsangmin/ws/install/erp42_msgs/share/erp42_msgs/cmake/rosidl_cmake_export_typesupport_targets-extras.cmake
[0.394s] -- Up-to-date: /home/yangsangmin/ws/install/erp42_msgs/share/erp42_msgs/cmake/ament_cmake_export_dependencies-extras.cmake
[0.394s] -- Up-to-date: /home/yangsangmin/ws/install/erp42_msgs/share/erp42_msgs/cmake/rosidl_cmake_export_typesupport_libraries-extras.cmake
[0.394s] -- Up-to-date: /home/yangsangmin/ws/install/erp42_msgs/share/erp42_msgs/cmake/erp42_msgsConfig.cmake
[0.394s] -- Up-to-date: /home/yangsangmin/ws/install/erp42_msgs/share/erp42_msgs/cmake/erp42_msgsConfig-version.cmake
[0.394s] -- Up-to-date: /home/yangsangmin/ws/install/erp42_msgs/share/erp42_msgs/package.xml
[0.395s] Invoked command in '/home/yangsangmin/ws/build/erp42_msgs' returned '0': CMAKE_PREFIX_PATH=${CMAKE_PREFIX_PATH}:/home/yangsangmin/ws/install/my_package:/home/yangsangmin/ws/install/my_robot:/home/yangsangmin/install/my_package:/opt/ros/humble /usr/bin/cmake --install /home/yangsangmin/ws/build/erp42_msgs
