[0.395s] Invoking command in '/home/yangsangmin/ws/src/my_robot': AMENT_PREFIX_PATH=/home/yangsangmin/ws/src/install/erp42_msgs:${AMENT_PREFIX_PATH} CMAKE_PREFIX_PATH=/home/yangsangmin/ws/src/install/erp42_msgs:${CMAKE_PREFIX_PATH} LD_LIBRARY_PATH=/home/yangsangmin/ws/src/install/erp42_msgs/lib:${LD_LIBRARY_PATH} PYTHONPATH=/home/yangsangmin/ws/src/build/my_robot/prefix_override:/usr/lib/python3/dist-packages/colcon_core/task/python/colcon_distutils_commands:/home/yangsangmin/ws/src/install/my_robot/lib/python3.10/site-packages:/home/yangsangmin/ws/src/install/erp42_msgs/local/lib/python3.10/dist-packages:${PYTHONPATH} /usr/bin/python3 -W ignore:setup.py install is deprecated -W ignore:easy_install command is deprecated setup.py egg_info --egg-base ../build/my_robot build --build-base /home/yangsangmin/ws/src/build/my_robot/build install --record /home/yangsangmin/ws/src/build/my_robot/install.log --single-version-externally-managed install_data
[0.552s] running egg_info
[0.552s] creating ../build/my_robot/my_robot.egg-info
[0.552s] writing ../build/my_robot/my_robot.egg-info/PKG-INFO
[0.552s] writing dependency_links to ../build/my_robot/my_robot.egg-info/dependency_links.txt
[0.553s] writing entry points to ../build/my_robot/my_robot.egg-info/entry_points.txt
[0.553s] writing requirements to ../build/my_robot/my_robot.egg-info/requires.txt
[0.553s] writing top-level names to ../build/my_robot/my_robot.egg-info/top_level.txt
[0.553s] writing manifest file '../build/my_robot/my_robot.egg-info/SOURCES.txt'
[0.554s] reading manifest file '../build/my_robot/my_robot.egg-info/SOURCES.txt'
[0.554s] writing manifest file '../build/my_robot/my_robot.egg-info/SOURCES.txt'
[0.554s] running build
[0.554s] running build_py
[0.554s] creating /home/yangsangmin/ws/src/build/my_robot/build
[0.554s] creating /home/yangsangmin/ws/src/build/my_robot/build/lib
[0.555s] creating /home/yangsangmin/ws/src/build/my_robot/build/lib/my_robot
[0.555s] copying my_robot/odom_predictor.py -> /home/yangsangmin/ws/src/build/my_robot/build/lib/my_robot
[0.555s] copying my_robot/__init__.py -> /home/yangsangmin/ws/src/build/my_robot/build/lib/my_robot
[0.555s] running install
[0.555s] running install_lib
[0.555s] creating /home/yangsangmin/ws/src/install/my_robot/lib/python3.10/site-packages/my_robot
[0.555s] copying /home/yangsangmin/ws/src/build/my_robot/build/lib/my_robot/odom_predictor.py -> /home/yangsangmin/ws/src/install/my_robot/lib/python3.10/site-packages/my_robot
[0.555s] copying /home/yangsangmin/ws/src/build/my_robot/build/lib/my_robot/__init__.py -> /home/yangsangmin/ws/src/install/my_robot/lib/python3.10/site-packages/my_robot
[0.556s] byte-compiling /home/yangsangmin/ws/src/install/my_robot/lib/python3.10/site-packages/my_robot/odom_predictor.py to odom_predictor.cpython-310.pyc
[0.557s] byte-compiling /home/yangsangmin/ws/src/install/my_robot/lib/python3.10/site-packages/my_robot/__init__.py to __init__.cpython-310.pyc
[0.557s] running install_data
[0.557s] creating /home/yangsangmin/ws/src/install/my_robot/share/ament_index
[0.557s] creating /home/yangsangmin/ws/src/install/my_robot/share/ament_index/resource_index
[0.557s] creating /home/yangsangmin/ws/src/install/my_robot/share/ament_index/resource_index/packages
[0.557s] copying resource/my_robot -> /home/yangsangmin/ws/src/install/my_robot/share/ament_index/resource_index/packages
[0.557s] copying package.xml -> /home/yangsangmin/ws/src/install/my_robot/share/my_robot
[0.557s] creating /home/yangsangmin/ws/src/install/my_robot/share/my_robot/config
[0.557s] copying config/ekf.yaml -> /home/yangsangmin/ws/src/install/my_robot/share/my_robot/config
[0.557s] running install_egg_info
[0.558s] Copying ../build/my_robot/my_robot.egg-info to /home/yangsangmin/ws/src/install/my_robot/lib/python3.10/site-packages/my_robot-0.0.0-py3.10.egg-info
[0.559s] running install_scripts
[0.575s] Installing odom_predictor script to /home/yangsangmin/ws/src/install/my_robot/lib/my_robot
[0.575s] writing list of installed files to '/home/yangsangmin/ws/src/build/my_robot/install.log'
[0.597s] Invoked command in '/home/yangsangmin/ws/src/my_robot' returned '0': AMENT_PREFIX_PATH=/home/yangsangmin/ws/src/install/erp42_msgs:${AMENT_PREFIX_PATH} CMAKE_PREFIX_PATH=/home/yangsangmin/ws/src/install/erp42_msgs:${CMAKE_PREFIX_PATH} LD_LIBRARY_PATH=/home/yangsangmin/ws/src/install/erp42_msgs/lib:${LD_LIBRARY_PATH} PYTHONPATH=/home/yangsangmin/ws/src/build/my_robot/prefix_override:/usr/lib/python3/dist-packages/colcon_core/task/python/colcon_distutils_commands:/home/yangsangmin/ws/src/install/my_robot/lib/python3.10/site-packages:/home/yangsangmin/ws/src/install/erp42_msgs/local/lib/python3.10/dist-packages:${PYTHONPATH} /usr/bin/python3 -W ignore:setup.py install is deprecated -W ignore:easy_install command is deprecated setup.py egg_info --egg-base ../build/my_robot build --build-base /home/yangsangmin/ws/src/build/my_robot/build install --record /home/yangsangmin/ws/src/build/my_robot/install.log --single-version-externally-managed install_data
