[0.012s] Invoking command in '/home/yangsangmin/ws/src/build/erp42_msgs': CMAKE_PREFIX_PATH=${CMAKE_PREFIX_PATH}:/home/yangsangmin/ws/install/my_package:/home/yangsangmin/install/my_package:/opt/ros/humble /usr/bin/cmake /home/yangsangmin/ws/src/erp42_msgs -DCMAKE_INSTALL_PREFIX=/home/yangsangmin/ws/src/install/erp42_msgs
[0.094s] -- The C compiler identification is GNU 11.4.0
[0.173s] -- The CXX compiler identification is GNU 11.4.0
[0.184s] -- Detecting C compiler ABI info
[0.234s] -- Detecting C compiler ABI info - done
[0.239s] -- Check for working C compiler: /usr/bin/cc - skipped
[0.240s] -- Detecting C compile features
[0.241s] -- Detecting C compile features - done
[0.244s] -- Detecting CXX compiler ABI info
[0.300s] -- Detecting CXX compiler ABI info - done
[0.306s] -- Check for working CXX compiler: /usr/bin/c++ - skipped
[0.306s] -- Detecting CXX compile features
[0.306s] -- Detecting CXX compile features - done
[0.315s] -- Found ament_cmake: 1.3.12 (/opt/ros/humble/share/ament_cmake/cmake)
[0.435s] -- Found Python3: /usr/bin/python3 (found version "3.10.12") found components: Interpreter 
[0.524s] -- Found rosidl_default_generators: 1.2.0 (/opt/ros/humble/share/rosidl_default_generators/cmake)
[0.530s] -- Using all available rosidl_typesupport_c: rosidl_typesupport_fastrtps_c;rosidl_typesupport_introspection_c
[0.539s] -- Found rosidl_adapter: 3.1.8 (/opt/ros/humble/share/rosidl_adapter/cmake)
[0.589s] -- Using all available rosidl_typesupport_cpp: rosidl_typesupport_fastrtps_cpp;rosidl_typesupport_introspection_cpp
[0.625s] -- Found std_msgs: 4.9.0 (/opt/ros/humble/share/std_msgs/cmake)
[0.844s] -- Found ament_cmake_ros: 0.10.0 (/opt/ros/humble/share/ament_cmake_ros/cmake)
[0.981s] -- Using all available rosidl_typesupport_c: rosidl_typesupport_fastrtps_c;rosidl_typesupport_introspection_c
[1.154s] -- Using all available rosidl_typesupport_cpp: rosidl_typesupport_fastrtps_cpp;rosidl_typesupport_introspection_cpp
[1.171s] -- Found PythonInterp: /usr/bin/python3 (found suitable version "3.10.12", minimum required is "3.6") 
[1.173s] -- Found python_cmake_module: 0.10.0 (/opt/ros/humble/share/python_cmake_module/cmake)
[1.195s] -- Found PythonLibs: /usr/lib/x86_64-linux-gnu/libpython3.10.so (found suitable version "3.10.12", minimum required is "3.5") 
[1.195s] -- Using PYTHON_EXECUTABLE: /usr/bin/python3
[1.195s] -- Using PYTHON_INCLUDE_DIRS: /usr/include/python3.10
[1.195s] -- Using PYTHON_LIBRARIES: /usr/lib/x86_64-linux-gnu/libpython3.10.so
[1.210s] -- Found PythonExtra: .so  
[1.237s] -- Found ament_lint_auto: 0.12.14 (/opt/ros/humble/share/ament_lint_auto/cmake)
[1.265s] -- Added test 'lint_cmake' to check CMake code style
[1.267s] -- Added test 'xmllint' to check XML markup files
[1.269s] -- Configuring done
[1.288s] -- Generating done
[1.295s] -- Build files have been written to: /home/yangsangmin/ws/src/build/erp42_msgs
[1.300s] Invoked command in '/home/yangsangmin/ws/src/build/erp42_msgs' returned '0': CMAKE_PREFIX_PATH=${CMAKE_PREFIX_PATH}:/home/yangsangmin/ws/install/my_package:/home/yangsangmin/install/my_package:/opt/ros/humble /usr/bin/cmake /home/yangsangmin/ws/src/erp42_msgs -DCMAKE_INSTALL_PREFIX=/home/yangsangmin/ws/src/install/erp42_msgs
[1.301s] Invoking command in '/home/yangsangmin/ws/src/build/erp42_msgs': CMAKE_PREFIX_PATH=${CMAKE_PREFIX_PATH}:/home/yangsangmin/ws/install/my_package:/home/yangsangmin/install/my_package:/opt/ros/humble /usr/bin/cmake --build /home/yangsangmin/ws/src/build/erp42_msgs -- -j8 -l8
[1.328s] [  2%] [34m[1mGenerating C code for ROS interfaces[0m
[1.335s] [  4%] [34m[1mGenerating C++ code for ROS interfaces[0m
[1.340s] [  4%] Built target ament_cmake_python_copy_erp42_msgs
[1.514s] running egg_info
[1.515s] creating erp42_msgs.egg-info
[1.515s] writing erp42_msgs.egg-info/PKG-INFO
[1.515s] writing dependency_links to erp42_msgs.egg-info/dependency_links.txt
[1.515s] writing top-level names to erp42_msgs.egg-info/top_level.txt
[1.515s] writing manifest file 'erp42_msgs.egg-info/SOURCES.txt'
[1.516s] reading manifest file 'erp42_msgs.egg-info/SOURCES.txt'
[1.517s] writing manifest file 'erp42_msgs.egg-info/SOURCES.txt'
[1.537s] [  4%] Built target ament_cmake_python_build_erp42_msgs_egg
[1.634s] [ 10%] [32mBuilding C object CMakeFiles/erp42_msgs__rosidl_generator_c.dir/rosidl_generator_c/erp42_msgs/msg/detail/control_message__functions.c.o[0m
[1.634s] [ 10%] [32mBuilding C object CMakeFiles/erp42_msgs__rosidl_generator_c.dir/rosidl_generator_c/erp42_msgs/msg/detail/serial_feed_back__functions.c.o[0m
[1.634s] [ 10%] [32mBuilding C object CMakeFiles/erp42_msgs__rosidl_generator_c.dir/rosidl_generator_c/erp42_msgs/msg/detail/stanley_error__functions.c.o[0m
[1.634s] [ 10%] Built target erp42_msgs__cpp
[1.641s] [ 12%] [34m[1mGenerating C++ introspection for ROS interfaces[0m
[1.642s] [ 17%] [34m[1mGenerating C++ type support for eProsima Fast-RTPS[0m
[1.642s] [ 17%] [34m[1mGenerating C++ type support dispatch for ROS interfaces[0m
[1.700s] [ 19%] [32m[1mLinking C shared library liberp42_msgs__rosidl_generator_c.so[0m
[1.729s] [ 19%] Built target erp42_msgs__rosidl_generator_c
[1.739s] [ 21%] [34m[1mGenerating C type support for eProsima Fast-RTPS[0m
[1.740s] [ 23%] [34m[1mGenerating C introspection for ROS interfaces[0m
[1.743s] [ 25%] [34m[1mGenerating C type support dispatch for ROS interfaces[0m
[1.951s] [ 27%] [32mBuilding CXX object CMakeFiles/erp42_msgs__rosidl_typesupport_introspection_cpp.dir/rosidl_typesupport_introspection_cpp/erp42_msgs/msg/detail/serial_feed_back__type_support.cpp.o[0m
[1.951s] [ 29%] [32mBuilding CXX object CMakeFiles/erp42_msgs__rosidl_typesupport_introspection_cpp.dir/rosidl_typesupport_introspection_cpp/erp42_msgs/msg/detail/control_message__type_support.cpp.o[0m
[1.951s] [ 31%] [32mBuilding CXX object CMakeFiles/erp42_msgs__rosidl_typesupport_introspection_cpp.dir/rosidl_typesupport_introspection_cpp/erp42_msgs/msg/detail/stanley_error__type_support.cpp.o[0m
[1.998s] [ 34%] [32mBuilding CXX object CMakeFiles/erp42_msgs__rosidl_typesupport_cpp.dir/rosidl_typesupport_cpp/erp42_msgs/msg/serial_feed_back__type_support.cpp.o[0m
[2.107s] [ 36%] [32mBuilding CXX object CMakeFiles/erp42_msgs__rosidl_typesupport_fastrtps_cpp.dir/rosidl_typesupport_fastrtps_cpp/erp42_msgs/msg/detail/dds_fastrtps/serial_feed_back__type_support.cpp.o[0m
[2.134s] [ 38%] [32mBuilding C object CMakeFiles/erp42_msgs__rosidl_typesupport_introspection_c.dir/rosidl_typesupport_introspection_c/erp42_msgs/msg/detail/serial_feed_back__type_support.c.o[0m
[2.171s] [ 40%] [32mBuilding C object CMakeFiles/erp42_msgs__rosidl_typesupport_introspection_c.dir/rosidl_typesupport_introspection_c/erp42_msgs/msg/detail/control_message__type_support.c.o[0m
[2.173s] [ 42%] [32mBuilding CXX object CMakeFiles/erp42_msgs__rosidl_typesupport_c.dir/rosidl_typesupport_c/erp42_msgs/msg/serial_feed_back__type_support.cpp.o[0m
[2.206s] [ 44%] [32mBuilding CXX object CMakeFiles/erp42_msgs__rosidl_typesupport_c.dir/rosidl_typesupport_c/erp42_msgs/msg/control_message__type_support.cpp.o[0m
[2.207s] [ 46%] [32mBuilding C object CMakeFiles/erp42_msgs__rosidl_typesupport_introspection_c.dir/rosidl_typesupport_introspection_c/erp42_msgs/msg/detail/stanley_error__type_support.c.o[0m
[2.238s] [ 48%] [32mBuilding CXX object CMakeFiles/erp42_msgs__rosidl_typesupport_c.dir/rosidl_typesupport_c/erp42_msgs/msg/stanley_error__type_support.cpp.o[0m
[2.242s] [ 51%] [32m[1mLinking C shared library liberp42_msgs__rosidl_typesupport_introspection_c.so[0m
[2.272s] [ 55%] [32mBuilding CXX object CMakeFiles/erp42_msgs__rosidl_typesupport_fastrtps_c.dir/rosidl_typesupport_fastrtps_c/erp42_msgs/msg/detail/serial_feed_back__type_support_c.cpp.o[0m
[2.272s] [ 55%] [32m[1mLinking CXX shared library liberp42_msgs__rosidl_typesupport_c.so[0m
[2.281s] [ 55%] Built target erp42_msgs__rosidl_typesupport_introspection_c
[2.293s] [ 57%] [32mBuilding CXX object CMakeFiles/erp42_msgs__rosidl_typesupport_fastrtps_cpp.dir/rosidl_typesupport_fastrtps_cpp/erp42_msgs/msg/detail/dds_fastrtps/control_message__type_support.cpp.o[0m
[2.312s] [ 59%] [32mBuilding CXX object CMakeFiles/erp42_msgs__rosidl_typesupport_cpp.dir/rosidl_typesupport_cpp/erp42_msgs/msg/control_message__type_support.cpp.o[0m
[2.320s] [ 59%] Built target erp42_msgs__rosidl_typesupport_c
[2.329s] [ 61%] [32mBuilding CXX object CMakeFiles/erp42_msgs__rosidl_typesupport_fastrtps_cpp.dir/rosidl_typesupport_fastrtps_cpp/erp42_msgs/msg/detail/dds_fastrtps/stanley_error__type_support.cpp.o[0m
[2.404s] [ 63%] [32mBuilding CXX object CMakeFiles/erp42_msgs__rosidl_typesupport_cpp.dir/rosidl_typesupport_cpp/erp42_msgs/msg/stanley_error__type_support.cpp.o[0m
[2.409s] [ 65%] [32mBuilding CXX object CMakeFiles/erp42_msgs__rosidl_typesupport_fastrtps_c.dir/rosidl_typesupport_fastrtps_c/erp42_msgs/msg/detail/control_message__type_support_c.cpp.o[0m
[2.409s] [ 68%] [32m[1mLinking CXX shared library liberp42_msgs__rosidl_typesupport_introspection_cpp.so[0m
[2.454s] [ 68%] Built target erp42_msgs__rosidl_typesupport_introspection_cpp
[2.466s] [ 70%] [32mBuilding CXX object CMakeFiles/erp42_msgs__rosidl_typesupport_fastrtps_c.dir/rosidl_typesupport_fastrtps_c/erp42_msgs/msg/detail/stanley_error__type_support_c.cpp.o[0m
[2.704s] [ 72%] [32m[1mLinking CXX shared library liberp42_msgs__rosidl_typesupport_cpp.so[0m
[2.734s] [ 72%] Built target erp42_msgs__rosidl_typesupport_cpp
[2.759s] [ 74%] [32m[1mLinking CXX shared library liberp42_msgs__rosidl_typesupport_fastrtps_cpp.so[0m
[2.776s] [ 76%] [32m[1mLinking CXX shared library liberp42_msgs__rosidl_typesupport_fastrtps_c.so[0m
[2.817s] [ 76%] Built target erp42_msgs__rosidl_typesupport_fastrtps_cpp
[2.833s] [ 76%] Built target erp42_msgs__rosidl_typesupport_fastrtps_c
[2.847s] [ 76%] Built target erp42_msgs
[2.861s] [ 78%] [34m[1mGenerating Python code for ROS interfaces[0m
[3.238s] [ 78%] Built target erp42_msgs__py
[3.253s] [ 85%] [32mBuilding C object CMakeFiles/erp42_msgs__rosidl_generator_py.dir/rosidl_generator_py/erp42_msgs/msg/_stanley_error_s.c.o[0m
[3.253s] [ 85%] [32mBuilding C object CMakeFiles/erp42_msgs__rosidl_generator_py.dir/rosidl_generator_py/erp42_msgs/msg/_serial_feed_back_s.c.o[0m
[3.253s] [ 85%] [32mBuilding C object CMakeFiles/erp42_msgs__rosidl_generator_py.dir/rosidl_generator_py/erp42_msgs/msg/_control_message_s.c.o[0m
[3.358s] [ 87%] [32m[1mLinking C shared library rosidl_generator_py/erp42_msgs/liberp42_msgs__rosidl_generator_py.so[0m
[3.386s] [ 87%] Built target erp42_msgs__rosidl_generator_py
[3.400s] [ 93%] [32mBuilding C object CMakeFiles/erp42_msgs__rosidl_typesupport_introspection_c__pyext.dir/rosidl_generator_py/erp42_msgs/_erp42_msgs_s.ep.rosidl_typesupport_introspection_c.c.o[0m
[3.401s] [ 93%] [32mBuilding C object CMakeFiles/erp42_msgs__rosidl_typesupport_c__pyext.dir/rosidl_generator_py/erp42_msgs/_erp42_msgs_s.ep.rosidl_typesupport_c.c.o[0m
[3.401s] [ 93%] [32mBuilding C object CMakeFiles/erp42_msgs__rosidl_typesupport_fastrtps_c__pyext.dir/rosidl_generator_py/erp42_msgs/_erp42_msgs_s.ep.rosidl_typesupport_fastrtps_c.c.o[0m
[3.468s] [ 97%] [32m[1mLinking C shared library rosidl_generator_py/erp42_msgs/erp42_msgs_s__rosidl_typesupport_introspection_c.cpython-310-x86_64-linux-gnu.so[0m
[3.468s] [ 97%] [32m[1mLinking C shared library rosidl_generator_py/erp42_msgs/erp42_msgs_s__rosidl_typesupport_c.cpython-310-x86_64-linux-gnu.so[0m
[3.470s] [100%] [32m[1mLinking C shared library rosidl_generator_py/erp42_msgs/erp42_msgs_s__rosidl_typesupport_fastrtps_c.cpython-310-x86_64-linux-gnu.so[0m
[3.491s] [100%] Built target erp42_msgs__rosidl_typesupport_c__pyext
[3.491s] [100%] Built target erp42_msgs__rosidl_typesupport_introspection_c__pyext
[3.494s] [100%] Built target erp42_msgs__rosidl_typesupport_fastrtps_c__pyext
[3.502s] Invoked command in '/home/yangsangmin/ws/src/build/erp42_msgs' returned '0': CMAKE_PREFIX_PATH=${CMAKE_PREFIX_PATH}:/home/yangsangmin/ws/install/my_package:/home/yangsangmin/install/my_package:/opt/ros/humble /usr/bin/cmake --build /home/yangsangmin/ws/src/build/erp42_msgs -- -j8 -l8
[3.509s] Invoking command in '/home/yangsangmin/ws/src/build/erp42_msgs': CMAKE_PREFIX_PATH=${CMAKE_PREFIX_PATH}:/home/yangsangmin/ws/install/my_package:/home/yangsangmin/install/my_package:/opt/ros/humble /usr/bin/cmake --install /home/yangsangmin/ws/src/build/erp42_msgs
[3.515s] -- Install configuration: ""
[3.515s] -- Installing: /home/yangsangmin/ws/src/install/erp42_msgs/share/ament_index/resource_index/rosidl_interfaces/erp42_msgs
[3.515s] -- Installing: /home/yangsangmin/ws/src/install/erp42_msgs/include/erp42_msgs/erp42_msgs
[3.515s] -- Installing: /home/yangsangmin/ws/src/install/erp42_msgs/include/erp42_msgs/erp42_msgs/msg
[3.515s] -- Installing: /home/yangsangmin/ws/src/install/erp42_msgs/include/erp42_msgs/erp42_msgs/msg/control_message.h
[3.515s] -- Installing: /home/yangsangmin/ws/src/install/erp42_msgs/include/erp42_msgs/erp42_msgs/msg/rosidl_generator_c__visibility_control.h
[3.515s] -- Installing: /home/yangsangmin/ws/src/install/erp42_msgs/include/erp42_msgs/erp42_msgs/msg/serial_feed_back.h
[3.515s] -- Installing: /home/yangsangmin/ws/src/install/erp42_msgs/include/erp42_msgs/erp42_msgs/msg/stanley_error.h
[3.515s] -- Installing: /home/yangsangmin/ws/src/install/erp42_msgs/include/erp42_msgs/erp42_msgs/msg/detail
[3.515s] -- Installing: /home/yangsangmin/ws/src/install/erp42_msgs/include/erp42_msgs/erp42_msgs/msg/detail/serial_feed_back__functions.c
[3.515s] -- Installing: /home/yangsangmin/ws/src/install/erp42_msgs/include/erp42_msgs/erp42_msgs/msg/detail/serial_feed_back__type_support.h
[3.515s] -- Installing: /home/yangsangmin/ws/src/install/erp42_msgs/include/erp42_msgs/erp42_msgs/msg/detail/serial_feed_back__functions.h
[3.515s] -- Installing: /home/yangsangmin/ws/src/install/erp42_msgs/include/erp42_msgs/erp42_msgs/msg/detail/stanley_error__struct.h
[3.516s] -- Installing: /home/yangsangmin/ws/src/install/erp42_msgs/include/erp42_msgs/erp42_msgs/msg/detail/control_message__functions.h
[3.516s] -- Installing: /home/yangsangmin/ws/src/install/erp42_msgs/include/erp42_msgs/erp42_msgs/msg/detail/stanley_error__functions.h
[3.516s] -- Installing: /home/yangsangmin/ws/src/install/erp42_msgs/include/erp42_msgs/erp42_msgs/msg/detail/control_message__struct.h
[3.516s] -- Installing: /home/yangsangmin/ws/src/install/erp42_msgs/include/erp42_msgs/erp42_msgs/msg/detail/control_message__type_support.h
[3.516s] -- Installing: /home/yangsangmin/ws/src/install/erp42_msgs/include/erp42_msgs/erp42_msgs/msg/detail/stanley_error__type_support.h
[3.516s] -- Installing: /home/yangsangmin/ws/src/install/erp42_msgs/include/erp42_msgs/erp42_msgs/msg/detail/stanley_error__functions.c
[3.516s] -- Installing: /home/yangsangmin/ws/src/install/erp42_msgs/include/erp42_msgs/erp42_msgs/msg/detail/control_message__functions.c
[3.516s] -- Installing: /home/yangsangmin/ws/src/install/erp42_msgs/include/erp42_msgs/erp42_msgs/msg/detail/serial_feed_back__struct.h
[3.516s] -- Installing: /home/yangsangmin/ws/src/install/erp42_msgs/share/erp42_msgs/environment/library_path.sh
[3.516s] -- Installing: /home/yangsangmin/ws/src/install/erp42_msgs/share/erp42_msgs/environment/library_path.dsv
[3.516s] -- Installing: /home/yangsangmin/ws/src/install/erp42_msgs/lib/liberp42_msgs__rosidl_generator_c.so
[3.517s] -- Set runtime path of "/home/yangsangmin/ws/src/install/erp42_msgs/lib/liberp42_msgs__rosidl_generator_c.so" to ""
[3.517s] -- Up-to-date: /home/yangsangmin/ws/src/install/erp42_msgs/include/erp42_msgs/erp42_msgs
[3.517s] -- Up-to-date: /home/yangsangmin/ws/src/install/erp42_msgs/include/erp42_msgs/erp42_msgs/msg
[3.517s] -- Installing: /home/yangsangmin/ws/src/install/erp42_msgs/include/erp42_msgs/erp42_msgs/msg/rosidl_typesupport_fastrtps_c__visibility_control.h
[3.517s] -- Up-to-date: /home/yangsangmin/ws/src/install/erp42_msgs/include/erp42_msgs/erp42_msgs/msg/detail
[3.517s] -- Installing: /home/yangsangmin/ws/src/install/erp42_msgs/include/erp42_msgs/erp42_msgs/msg/detail/control_message__rosidl_typesupport_fastrtps_c.h
[3.517s] -- Installing: /home/yangsangmin/ws/src/install/erp42_msgs/include/erp42_msgs/erp42_msgs/msg/detail/serial_feed_back__rosidl_typesupport_fastrtps_c.h
[3.517s] -- Installing: /home/yangsangmin/ws/src/install/erp42_msgs/include/erp42_msgs/erp42_msgs/msg/detail/stanley_error__rosidl_typesupport_fastrtps_c.h
[3.517s] -- Installing: /home/yangsangmin/ws/src/install/erp42_msgs/lib/liberp42_msgs__rosidl_typesupport_fastrtps_c.so
[3.517s] -- Set runtime path of "/home/yangsangmin/ws/src/install/erp42_msgs/lib/liberp42_msgs__rosidl_typesupport_fastrtps_c.so" to ""
[3.517s] -- Up-to-date: /home/yangsangmin/ws/src/install/erp42_msgs/include/erp42_msgs/erp42_msgs
[3.517s] -- Up-to-date: /home/yangsangmin/ws/src/install/erp42_msgs/include/erp42_msgs/erp42_msgs/msg
[3.517s] -- Installing: /home/yangsangmin/ws/src/install/erp42_msgs/include/erp42_msgs/erp42_msgs/msg/rosidl_typesupport_introspection_c__visibility_control.h
[3.517s] -- Up-to-date: /home/yangsangmin/ws/src/install/erp42_msgs/include/erp42_msgs/erp42_msgs/msg/detail
[3.518s] -- Installing: /home/yangsangmin/ws/src/install/erp42_msgs/include/erp42_msgs/erp42_msgs/msg/detail/control_message__type_support.c
[3.518s] -- Installing: /home/yangsangmin/ws/src/install/erp42_msgs/include/erp42_msgs/erp42_msgs/msg/detail/serial_feed_back__type_support.c
[3.518s] -- Installing: /home/yangsangmin/ws/src/install/erp42_msgs/include/erp42_msgs/erp42_msgs/msg/detail/stanley_error__rosidl_typesupport_introspection_c.h
[3.518s] -- Installing: /home/yangsangmin/ws/src/install/erp42_msgs/include/erp42_msgs/erp42_msgs/msg/detail/control_message__rosidl_typesupport_introspection_c.h
[3.518s] -- Installing: /home/yangsangmin/ws/src/install/erp42_msgs/include/erp42_msgs/erp42_msgs/msg/detail/serial_feed_back__rosidl_typesupport_introspection_c.h
[3.518s] -- Installing: /home/yangsangmin/ws/src/install/erp42_msgs/include/erp42_msgs/erp42_msgs/msg/detail/stanley_error__type_support.c
[3.518s] -- Installing: /home/yangsangmin/ws/src/install/erp42_msgs/lib/liberp42_msgs__rosidl_typesupport_introspection_c.so
[3.518s] -- Set runtime path of "/home/yangsangmin/ws/src/install/erp42_msgs/lib/liberp42_msgs__rosidl_typesupport_introspection_c.so" to ""
[3.518s] -- Installing: /home/yangsangmin/ws/src/install/erp42_msgs/lib/liberp42_msgs__rosidl_typesupport_c.so
[3.518s] -- Set runtime path of "/home/yangsangmin/ws/src/install/erp42_msgs/lib/liberp42_msgs__rosidl_typesupport_c.so" to ""
[3.518s] -- Up-to-date: /home/yangsangmin/ws/src/install/erp42_msgs/include/erp42_msgs/erp42_msgs
[3.518s] -- Up-to-date: /home/yangsangmin/ws/src/install/erp42_msgs/include/erp42_msgs/erp42_msgs/msg
[3.518s] -- Installing: /home/yangsangmin/ws/src/install/erp42_msgs/include/erp42_msgs/erp42_msgs/msg/rosidl_generator_cpp__visibility_control.hpp
[3.518s] -- Installing: /home/yangsangmin/ws/src/install/erp42_msgs/include/erp42_msgs/erp42_msgs/msg/control_message.hpp
[3.519s] -- Installing: /home/yangsangmin/ws/src/install/erp42_msgs/include/erp42_msgs/erp42_msgs/msg/serial_feed_back.hpp
[3.519s] -- Up-to-date: /home/yangsangmin/ws/src/install/erp42_msgs/include/erp42_msgs/erp42_msgs/msg/detail
[3.519s] -- Installing: /home/yangsangmin/ws/src/install/erp42_msgs/include/erp42_msgs/erp42_msgs/msg/detail/control_message__traits.hpp
[3.519s] -- Installing: /home/yangsangmin/ws/src/install/erp42_msgs/include/erp42_msgs/erp42_msgs/msg/detail/stanley_error__struct.hpp
[3.519s] -- Installing: /home/yangsangmin/ws/src/install/erp42_msgs/include/erp42_msgs/erp42_msgs/msg/detail/control_message__type_support.hpp
[3.519s] -- Installing: /home/yangsangmin/ws/src/install/erp42_msgs/include/erp42_msgs/erp42_msgs/msg/detail/control_message__builder.hpp
[3.519s] -- Installing: /home/yangsangmin/ws/src/install/erp42_msgs/include/erp42_msgs/erp42_msgs/msg/detail/stanley_error__traits.hpp
[3.519s] -- Installing: /home/yangsangmin/ws/src/install/erp42_msgs/include/erp42_msgs/erp42_msgs/msg/detail/stanley_error__type_support.hpp
[3.519s] -- Installing: /home/yangsangmin/ws/src/install/erp42_msgs/include/erp42_msgs/erp42_msgs/msg/detail/control_message__struct.hpp
[3.519s] -- Installing: /home/yangsangmin/ws/src/install/erp42_msgs/include/erp42_msgs/erp42_msgs/msg/detail/serial_feed_back__traits.hpp
[3.519s] -- Installing: /home/yangsangmin/ws/src/install/erp42_msgs/include/erp42_msgs/erp42_msgs/msg/detail/serial_feed_back__type_support.hpp
[3.519s] -- Installing: /home/yangsangmin/ws/src/install/erp42_msgs/include/erp42_msgs/erp42_msgs/msg/detail/serial_feed_back__struct.hpp
[3.519s] -- Installing: /home/yangsangmin/ws/src/install/erp42_msgs/include/erp42_msgs/erp42_msgs/msg/detail/serial_feed_back__builder.hpp
[3.519s] -- Installing: /home/yangsangmin/ws/src/install/erp42_msgs/include/erp42_msgs/erp42_msgs/msg/detail/stanley_error__builder.hpp
[3.519s] -- Installing: /home/yangsangmin/ws/src/install/erp42_msgs/include/erp42_msgs/erp42_msgs/msg/stanley_error.hpp
[3.519s] -- Up-to-date: /home/yangsangmin/ws/src/install/erp42_msgs/include/erp42_msgs/erp42_msgs
[3.519s] -- Up-to-date: /home/yangsangmin/ws/src/install/erp42_msgs/include/erp42_msgs/erp42_msgs/msg
[3.519s] -- Installing: /home/yangsangmin/ws/src/install/erp42_msgs/include/erp42_msgs/erp42_msgs/msg/rosidl_typesupport_fastrtps_cpp__visibility_control.h
[3.519s] -- Up-to-date: /home/yangsangmin/ws/src/install/erp42_msgs/include/erp42_msgs/erp42_msgs/msg/detail
[3.519s] -- Installing: /home/yangsangmin/ws/src/install/erp42_msgs/include/erp42_msgs/erp42_msgs/msg/detail/serial_feed_back__rosidl_typesupport_fastrtps_cpp.hpp
[3.520s] -- Installing: /home/yangsangmin/ws/src/install/erp42_msgs/include/erp42_msgs/erp42_msgs/msg/detail/stanley_error__rosidl_typesupport_fastrtps_cpp.hpp
[3.520s] -- Installing: /home/yangsangmin/ws/src/install/erp42_msgs/include/erp42_msgs/erp42_msgs/msg/detail/dds_fastrtps
[3.520s] -- Installing: /home/yangsangmin/ws/src/install/erp42_msgs/include/erp42_msgs/erp42_msgs/msg/detail/control_message__rosidl_typesupport_fastrtps_cpp.hpp
[3.520s] -- Installing: /home/yangsangmin/ws/src/install/erp42_msgs/lib/liberp42_msgs__rosidl_typesupport_fastrtps_cpp.so
[3.520s] -- Set runtime path of "/home/yangsangmin/ws/src/install/erp42_msgs/lib/liberp42_msgs__rosidl_typesupport_fastrtps_cpp.so" to ""
[3.520s] -- Up-to-date: /home/yangsangmin/ws/src/install/erp42_msgs/include/erp42_msgs/erp42_msgs
[3.520s] -- Up-to-date: /home/yangsangmin/ws/src/install/erp42_msgs/include/erp42_msgs/erp42_msgs/msg
[3.520s] -- Up-to-date: /home/yangsangmin/ws/src/install/erp42_msgs/include/erp42_msgs/erp42_msgs/msg/detail
[3.520s] -- Installing: /home/yangsangmin/ws/src/install/erp42_msgs/include/erp42_msgs/erp42_msgs/msg/detail/stanley_error__rosidl_typesupport_introspection_cpp.hpp
[3.520s] -- Installing: /home/yangsangmin/ws/src/install/erp42_msgs/include/erp42_msgs/erp42_msgs/msg/detail/serial_feed_back__type_support.cpp
[3.520s] -- Installing: /home/yangsangmin/ws/src/install/erp42_msgs/include/erp42_msgs/erp42_msgs/msg/detail/control_message__rosidl_typesupport_introspection_cpp.hpp
[3.520s] -- Installing: /home/yangsangmin/ws/src/install/erp42_msgs/include/erp42_msgs/erp42_msgs/msg/detail/serial_feed_back__rosidl_typesupport_introspection_cpp.hpp
[3.520s] -- Installing: /home/yangsangmin/ws/src/install/erp42_msgs/include/erp42_msgs/erp42_msgs/msg/detail/stanley_error__type_support.cpp
[3.520s] -- Installing: /home/yangsangmin/ws/src/install/erp42_msgs/include/erp42_msgs/erp42_msgs/msg/detail/control_message__type_support.cpp
[3.520s] -- Installing: /home/yangsangmin/ws/src/install/erp42_msgs/lib/liberp42_msgs__rosidl_typesupport_introspection_cpp.so
[3.520s] -- Set runtime path of "/home/yangsangmin/ws/src/install/erp42_msgs/lib/liberp42_msgs__rosidl_typesupport_introspection_cpp.so" to ""
[3.521s] -- Installing: /home/yangsangmin/ws/src/install/erp42_msgs/lib/liberp42_msgs__rosidl_typesupport_cpp.so
[3.521s] -- Set runtime path of "/home/yangsangmin/ws/src/install/erp42_msgs/lib/liberp42_msgs__rosidl_typesupport_cpp.so" to ""
[3.521s] -- Installing: /home/yangsangmin/ws/src/install/erp42_msgs/share/erp42_msgs/environment/pythonpath.sh
[3.521s] -- Installing: /home/yangsangmin/ws/src/install/erp42_msgs/share/erp42_msgs/environment/pythonpath.dsv
[3.521s] -- Installing: /home/yangsangmin/ws/src/install/erp42_msgs/local/lib/python3.10/dist-packages/erp42_msgs-0.0.0-py3.10.egg-info
[3.521s] -- Installing: /home/yangsangmin/ws/src/install/erp42_msgs/local/lib/python3.10/dist-packages/erp42_msgs-0.0.0-py3.10.egg-info/PKG-INFO
[3.521s] -- Installing: /home/yangsangmin/ws/src/install/erp42_msgs/local/lib/python3.10/dist-packages/erp42_msgs-0.0.0-py3.10.egg-info/SOURCES.txt
[3.521s] -- Installing: /home/yangsangmin/ws/src/install/erp42_msgs/local/lib/python3.10/dist-packages/erp42_msgs-0.0.0-py3.10.egg-info/top_level.txt
[3.521s] -- Installing: /home/yangsangmin/ws/src/install/erp42_msgs/local/lib/python3.10/dist-packages/erp42_msgs-0.0.0-py3.10.egg-info/dependency_links.txt
[3.521s] -- Installing: /home/yangsangmin/ws/src/install/erp42_msgs/local/lib/python3.10/dist-packages/erp42_msgs
[3.521s] -- Installing: /home/yangsangmin/ws/src/install/erp42_msgs/local/lib/python3.10/dist-packages/erp42_msgs/_erp42_msgs_s.ep.rosidl_typesupport_introspection_c.c
[3.521s] -- Installing: /home/yangsangmin/ws/src/install/erp42_msgs/local/lib/python3.10/dist-packages/erp42_msgs/erp42_msgs_s__rosidl_typesupport_c.cpython-310-x86_64-linux-gnu.so
[3.521s] -- Installing: /home/yangsangmin/ws/src/install/erp42_msgs/local/lib/python3.10/dist-packages/erp42_msgs/msg
[3.521s] -- Installing: /home/yangsangmin/ws/src/install/erp42_msgs/local/lib/python3.10/dist-packages/erp42_msgs/msg/_stanley_error_s.c
[3.521s] -- Installing: /home/yangsangmin/ws/src/install/erp42_msgs/local/lib/python3.10/dist-packages/erp42_msgs/msg/_control_message.py
[3.522s] -- Installing: /home/yangsangmin/ws/src/install/erp42_msgs/local/lib/python3.10/dist-packages/erp42_msgs/msg/_control_message_s.c
[3.522s] -- Installing: /home/yangsangmin/ws/src/install/erp42_msgs/local/lib/python3.10/dist-packages/erp42_msgs/msg/__init__.py
[3.522s] -- Installing: /home/yangsangmin/ws/src/install/erp42_msgs/local/lib/python3.10/dist-packages/erp42_msgs/msg/_stanley_error.py
[3.522s] -- Installing: /home/yangsangmin/ws/src/install/erp42_msgs/local/lib/python3.10/dist-packages/erp42_msgs/msg/_serial_feed_back_s.c
[3.522s] -- Installing: /home/yangsangmin/ws/src/install/erp42_msgs/local/lib/python3.10/dist-packages/erp42_msgs/msg/_serial_feed_back.py
[3.522s] -- Installing: /home/yangsangmin/ws/src/install/erp42_msgs/local/lib/python3.10/dist-packages/erp42_msgs/erp42_msgs_s__rosidl_typesupport_introspection_c.cpython-310-x86_64-linux-gnu.so
[3.522s] -- Installing: /home/yangsangmin/ws/src/install/erp42_msgs/local/lib/python3.10/dist-packages/erp42_msgs/erp42_msgs_s__rosidl_typesupport_fastrtps_c.cpython-310-x86_64-linux-gnu.so
[3.522s] -- Installing: /home/yangsangmin/ws/src/install/erp42_msgs/local/lib/python3.10/dist-packages/erp42_msgs/_erp42_msgs_s.ep.rosidl_typesupport_c.c
[3.522s] -- Installing: /home/yangsangmin/ws/src/install/erp42_msgs/local/lib/python3.10/dist-packages/erp42_msgs/__init__.py
[3.522s] -- Installing: /home/yangsangmin/ws/src/install/erp42_msgs/local/lib/python3.10/dist-packages/erp42_msgs/liberp42_msgs__rosidl_generator_py.so
[3.522s] -- Installing: /home/yangsangmin/ws/src/install/erp42_msgs/local/lib/python3.10/dist-packages/erp42_msgs/_erp42_msgs_s.ep.rosidl_typesupport_fastrtps_c.c
[3.550s] Listing '/home/yangsangmin/ws/src/install/erp42_msgs/local/lib/python3.10/dist-packages/erp42_msgs'...
[3.550s] Compiling '/home/yangsangmin/ws/src/install/erp42_msgs/local/lib/python3.10/dist-packages/erp42_msgs/__init__.py'...
[3.550s] Listing '/home/yangsangmin/ws/src/install/erp42_msgs/local/lib/python3.10/dist-packages/erp42_msgs/msg'...
[3.550s] Compiling '/home/yangsangmin/ws/src/install/erp42_msgs/local/lib/python3.10/dist-packages/erp42_msgs/msg/__init__.py'...
[3.550s] Compiling '/home/yangsangmin/ws/src/install/erp42_msgs/local/lib/python3.10/dist-packages/erp42_msgs/msg/_control_message.py'...
[3.550s] Compiling '/home/yangsangmin/ws/src/install/erp42_msgs/local/lib/python3.10/dist-packages/erp42_msgs/msg/_serial_feed_back.py'...
[3.550s] Compiling '/home/yangsangmin/ws/src/install/erp42_msgs/local/lib/python3.10/dist-packages/erp42_msgs/msg/_stanley_error.py'...
[3.554s] -- Installing: /home/yangsangmin/ws/src/install/erp42_msgs/local/lib/python3.10/dist-packages/erp42_msgs/erp42_msgs_s__rosidl_typesupport_fastrtps_c.cpython-310-x86_64-linux-gnu.so
[3.554s] -- Set runtime path of "/home/yangsangmin/ws/src/install/erp42_msgs/local/lib/python3.10/dist-packages/erp42_msgs/erp42_msgs_s__rosidl_typesupport_fastrtps_c.cpython-310-x86_64-linux-gnu.so" to ""
[3.554s] -- Installing: /home/yangsangmin/ws/src/install/erp42_msgs/local/lib/python3.10/dist-packages/erp42_msgs/erp42_msgs_s__rosidl_typesupport_introspection_c.cpython-310-x86_64-linux-gnu.so
[3.554s] -- Set runtime path of "/home/yangsangmin/ws/src/install/erp42_msgs/local/lib/python3.10/dist-packages/erp42_msgs/erp42_msgs_s__rosidl_typesupport_introspection_c.cpython-310-x86_64-linux-gnu.so" to ""
[3.554s] -- Installing: /home/yangsangmin/ws/src/install/erp42_msgs/local/lib/python3.10/dist-packages/erp42_msgs/erp42_msgs_s__rosidl_typesupport_c.cpython-310-x86_64-linux-gnu.so
[3.554s] -- Set runtime path of "/home/yangsangmin/ws/src/install/erp42_msgs/local/lib/python3.10/dist-packages/erp42_msgs/erp42_msgs_s__rosidl_typesupport_c.cpython-310-x86_64-linux-gnu.so" to ""
[3.554s] -- Installing: /home/yangsangmin/ws/src/install/erp42_msgs/lib/liberp42_msgs__rosidl_generator_py.so
[3.555s] -- Set runtime path of "/home/yangsangmin/ws/src/install/erp42_msgs/lib/liberp42_msgs__rosidl_generator_py.so" to ""
[3.555s] -- Installing: /home/yangsangmin/ws/src/install/erp42_msgs/share/erp42_msgs/msg/SerialFeedBack.idl
[3.555s] -- Installing: /home/yangsangmin/ws/src/install/erp42_msgs/share/erp42_msgs/msg/ControlMessage.idl
[3.555s] -- Installing: /home/yangsangmin/ws/src/install/erp42_msgs/share/erp42_msgs/msg/StanleyError.idl
[3.555s] -- Installing: /home/yangsangmin/ws/src/install/erp42_msgs/share/erp42_msgs/msg/SerialFeedBack.msg
[3.555s] -- Installing: /home/yangsangmin/ws/src/install/erp42_msgs/share/erp42_msgs/msg/ControlMessage.msg
[3.555s] -- Installing: /home/yangsangmin/ws/src/install/erp42_msgs/share/erp42_msgs/msg/StanleyError.msg
[3.555s] -- Installing: /home/yangsangmin/ws/src/install/erp42_msgs/share/ament_index/resource_index/package_run_dependencies/erp42_msgs
[3.555s] -- Installing: /home/yangsangmin/ws/src/install/erp42_msgs/share/ament_index/resource_index/parent_prefix_path/erp42_msgs
[3.555s] -- Installing: /home/yangsangmin/ws/src/install/erp42_msgs/share/erp42_msgs/environment/ament_prefix_path.sh
[3.555s] -- Installing: /home/yangsangmin/ws/src/install/erp42_msgs/share/erp42_msgs/environment/ament_prefix_path.dsv
[3.555s] -- Installing: /home/yangsangmin/ws/src/install/erp42_msgs/share/erp42_msgs/environment/path.sh
[3.555s] -- Installing: /home/yangsangmin/ws/src/install/erp42_msgs/share/erp42_msgs/environment/path.dsv
[3.555s] -- Installing: /home/yangsangmin/ws/src/install/erp42_msgs/share/erp42_msgs/local_setup.bash
[3.556s] -- Installing: /home/yangsangmin/ws/src/install/erp42_msgs/share/erp42_msgs/local_setup.sh
[3.556s] -- Installing: /home/yangsangmin/ws/src/install/erp42_msgs/share/erp42_msgs/local_setup.zsh
[3.556s] -- Installing: /home/yangsangmin/ws/src/install/erp42_msgs/share/erp42_msgs/local_setup.dsv
[3.556s] -- Installing: /home/yangsangmin/ws/src/install/erp42_msgs/share/erp42_msgs/package.dsv
[3.556s] -- Installing: /home/yangsangmin/ws/src/install/erp42_msgs/share/ament_index/resource_index/packages/erp42_msgs
[3.556s] -- Installing: /home/yangsangmin/ws/src/install/erp42_msgs/share/erp42_msgs/cmake/export_erp42_msgs__rosidl_generator_cExport.cmake
[3.556s] -- Installing: /home/yangsangmin/ws/src/install/erp42_msgs/share/erp42_msgs/cmake/export_erp42_msgs__rosidl_generator_cExport-noconfig.cmake
[3.556s] -- Installing: /home/yangsangmin/ws/src/install/erp42_msgs/share/erp42_msgs/cmake/export_erp42_msgs__rosidl_typesupport_fastrtps_cExport.cmake
[3.556s] -- Installing: /home/yangsangmin/ws/src/install/erp42_msgs/share/erp42_msgs/cmake/export_erp42_msgs__rosidl_typesupport_fastrtps_cExport-noconfig.cmake
[3.556s] -- Installing: /home/yangsangmin/ws/src/install/erp42_msgs/share/erp42_msgs/cmake/erp42_msgs__rosidl_typesupport_introspection_cExport.cmake
[3.556s] -- Installing: /home/yangsangmin/ws/src/install/erp42_msgs/share/erp42_msgs/cmake/erp42_msgs__rosidl_typesupport_introspection_cExport-noconfig.cmake
[3.556s] -- Installing: /home/yangsangmin/ws/src/install/erp42_msgs/share/erp42_msgs/cmake/erp42_msgs__rosidl_typesupport_cExport.cmake
[3.556s] -- Installing: /home/yangsangmin/ws/src/install/erp42_msgs/share/erp42_msgs/cmake/erp42_msgs__rosidl_typesupport_cExport-noconfig.cmake
[3.557s] -- Installing: /home/yangsangmin/ws/src/install/erp42_msgs/share/erp42_msgs/cmake/export_erp42_msgs__rosidl_generator_cppExport.cmake
[3.557s] -- Installing: /home/yangsangmin/ws/src/install/erp42_msgs/share/erp42_msgs/cmake/export_erp42_msgs__rosidl_typesupport_fastrtps_cppExport.cmake
[3.557s] -- Installing: /home/yangsangmin/ws/src/install/erp42_msgs/share/erp42_msgs/cmake/export_erp42_msgs__rosidl_typesupport_fastrtps_cppExport-noconfig.cmake
[3.557s] -- Installing: /home/yangsangmin/ws/src/install/erp42_msgs/share/erp42_msgs/cmake/erp42_msgs__rosidl_typesupport_introspection_cppExport.cmake
[3.557s] -- Installing: /home/yangsangmin/ws/src/install/erp42_msgs/share/erp42_msgs/cmake/erp42_msgs__rosidl_typesupport_introspection_cppExport-noconfig.cmake
[3.557s] -- Installing: /home/yangsangmin/ws/src/install/erp42_msgs/share/erp42_msgs/cmake/erp42_msgs__rosidl_typesupport_cppExport.cmake
[3.557s] -- Installing: /home/yangsangmin/ws/src/install/erp42_msgs/share/erp42_msgs/cmake/erp42_msgs__rosidl_typesupport_cppExport-noconfig.cmake
[3.557s] -- Installing: /home/yangsangmin/ws/src/install/erp42_msgs/share/erp42_msgs/cmake/export_erp42_msgs__rosidl_generator_pyExport.cmake
[3.557s] -- Installing: /home/yangsangmin/ws/src/install/erp42_msgs/share/erp42_msgs/cmake/export_erp42_msgs__rosidl_generator_pyExport-noconfig.cmake
[3.557s] -- Installing: /home/yangsangmin/ws/src/install/erp42_msgs/share/erp42_msgs/cmake/rosidl_cmake-extras.cmake
[3.557s] -- Installing: /home/yangsangmin/ws/src/install/erp42_msgs/share/erp42_msgs/cmake/ament_cmake_export_include_directories-extras.cmake
[3.557s] -- Installing: /home/yangsangmin/ws/src/install/erp42_msgs/share/erp42_msgs/cmake/ament_cmake_export_libraries-extras.cmake
[3.557s] -- Installing: /home/yangsangmin/ws/src/install/erp42_msgs/share/erp42_msgs/cmake/ament_cmake_export_targets-extras.cmake
[3.558s] -- Installing: /home/yangsangmin/ws/src/install/erp42_msgs/share/erp42_msgs/cmake/rosidl_cmake_export_typesupport_targets-extras.cmake
[3.558s] -- Installing: /home/yangsangmin/ws/src/install/erp42_msgs/share/erp42_msgs/cmake/ament_cmake_export_dependencies-extras.cmake
[3.558s] -- Installing: /home/yangsangmin/ws/src/install/erp42_msgs/share/erp42_msgs/cmake/rosidl_cmake_export_typesupport_libraries-extras.cmake
[3.558s] -- Installing: /home/yangsangmin/ws/src/install/erp42_msgs/share/erp42_msgs/cmake/erp42_msgsConfig.cmake
[3.558s] -- Installing: /home/yangsangmin/ws/src/install/erp42_msgs/share/erp42_msgs/cmake/erp42_msgsConfig-version.cmake
[3.558s] -- Installing: /home/yangsangmin/ws/src/install/erp42_msgs/share/erp42_msgs/package.xml
[3.560s] Invoked command in '/home/yangsangmin/ws/src/build/erp42_msgs' returned '0': CMAKE_PREFIX_PATH=${CMAKE_PREFIX_PATH}:/home/yangsangmin/ws/install/my_package:/home/yangsangmin/install/my_package:/opt/ros/humble /usr/bin/cmake --install /home/yangsangmin/ws/src/build/erp42_msgs
