-- The C compiler identification is GNU 11.4.0
-- The CXX compiler identification is GNU 11.4.0
-- Detecting C compiler ABI info
-- Detecting C compiler ABI info - done
-- Check for working C compiler: /usr/bin/cc - skipped
-- Detecting C compile features
-- Detecting C compile features - done
-- Detecting CXX compiler ABI info
-- Detecting CXX compiler ABI info - done
-- Check for working CXX compiler: /usr/bin/c++ - skipped
-- Detecting CXX compile features
-- Detecting CXX compile features - done
-- Found ament_cmake: 1.3.12 (/opt/ros/humble/share/ament_cmake/cmake)
-- Found Python3: /usr/bin/python3 (found version "3.10.12") found components: Interpreter 
-- Found rosidl_default_generators: 1.2.0 (/opt/ros/humble/share/rosidl_default_generators/cmake)
-- Using all available rosidl_typesupport_c: rosidl_typesupport_fastrtps_c;rosidl_typesupport_introspection_c
-- Found rosidl_adapter: 3.1.8 (/opt/ros/humble/share/rosidl_adapter/cmake)
-- Using all available rosidl_typesupport_cpp: rosidl_typesupport_fastrtps_cpp;rosidl_typesupport_introspection_cpp
-- Found std_msgs: 4.9.0 (/opt/ros/humble/share/std_msgs/cmake)
-- Found ament_cmake_ros: 0.10.0 (/opt/ros/humble/share/ament_cmake_ros/cmake)
-- Using all available rosidl_typesupport_c: rosidl_typesupport_fastrtps_c;rosidl_typesupport_introspection_c
-- Using all available rosidl_typesupport_cpp: rosidl_typesupport_fastrtps_cpp;rosidl_typesupport_introspection_cpp
-- Found PythonInterp: /usr/bin/python3 (found suitable version "3.10.12", minimum required is "3.6") 
-- Found python_cmake_module: 0.10.0 (/opt/ros/humble/share/python_cmake_module/cmake)
-- Found PythonLibs: /usr/lib/x86_64-linux-gnu/libpython3.10.so (found suitable version "3.10.12", minimum required is "3.5") 
-- Using PYTHON_EXECUTABLE: /usr/bin/python3
-- Using PYTHON_INCLUDE_DIRS: /usr/include/python3.10
-- Using PYTHON_LIBRARIES: /usr/lib/x86_64-linux-gnu/libpython3.10.so
-- Found PythonExtra: .so  
-- Found ament_lint_auto: 0.12.14 (/opt/ros/humble/share/ament_lint_auto/cmake)
-- Added test 'lint_cmake' to check CMake code style
-- Added test 'xmllint' to check XML markup files
-- Configuring done
-- Generating done
-- Build files have been written to: /home/yangsangmin/ws/build/erp42_msgs
[  2%] [34m[1mGenerating C code for ROS interfaces[0m
[  4%] [34m[1mGenerating C++ code for ROS interfaces[0m
[  4%] Built target ament_cmake_python_copy_erp42_msgs
running egg_info
creating erp42_msgs.egg-info
writing erp42_msgs.egg-info/PKG-INFO
writing dependency_links to erp42_msgs.egg-info/dependency_links.txt
writing top-level names to erp42_msgs.egg-info/top_level.txt
writing manifest file 'erp42_msgs.egg-info/SOURCES.txt'
reading manifest file 'erp42_msgs.egg-info/SOURCES.txt'
writing manifest file 'erp42_msgs.egg-info/SOURCES.txt'
[  4%] Built target ament_cmake_python_build_erp42_msgs_egg
[  6%] [32mBuilding C object CMakeFiles/erp42_msgs__rosidl_generator_c.dir/rosidl_generator_c/erp42_msgs/msg/detail/serial_feed_back__functions.c.o[0m
[  8%] [32mBuilding C object CMakeFiles/erp42_msgs__rosidl_generator_c.dir/rosidl_generator_c/erp42_msgs/msg/detail/control_message__functions.c.o[0m
[ 10%] [32mBuilding C object CMakeFiles/erp42_msgs__rosidl_generator_c.dir/rosidl_generator_c/erp42_msgs/msg/detail/stanley_error__functions.c.o[0m
[ 10%] Built target erp42_msgs__cpp
[ 12%] [34m[1mGenerating C++ type support for eProsima Fast-RTPS[0m
[ 17%] [34m[1mGenerating C++ introspection for ROS interfaces[0m
[ 17%] [34m[1mGenerating C++ type support dispatch for ROS interfaces[0m
[ 19%] [32m[1mLinking C shared library liberp42_msgs__rosidl_generator_c.so[0m
[ 19%] Built target erp42_msgs__rosidl_generator_c
[ 21%] [34m[1mGenerating C type support for eProsima Fast-RTPS[0m
[ 25%] [34m[1mGenerating C introspection for ROS interfaces[0m
[ 25%] [34m[1mGenerating C type support dispatch for ROS interfaces[0m
[ 27%] [32mBuilding CXX object CMakeFiles/erp42_msgs__rosidl_typesupport_introspection_cpp.dir/rosidl_typesupport_introspection_cpp/erp42_msgs/msg/detail/stanley_error__type_support.cpp.o[0m
[ 29%] [32mBuilding CXX object CMakeFiles/erp42_msgs__rosidl_typesupport_introspection_cpp.dir/rosidl_typesupport_introspection_cpp/erp42_msgs/msg/detail/control_message__type_support.cpp.o[0m
[ 31%] [32mBuilding CXX object CMakeFiles/erp42_msgs__rosidl_typesupport_introspection_cpp.dir/rosidl_typesupport_introspection_cpp/erp42_msgs/msg/detail/serial_feed_back__type_support.cpp.o[0m
[ 34%] [32mBuilding CXX object CMakeFiles/erp42_msgs__rosidl_typesupport_cpp.dir/rosidl_typesupport_cpp/erp42_msgs/msg/serial_feed_back__type_support.cpp.o[0m
[ 36%] [32mBuilding CXX object CMakeFiles/erp42_msgs__rosidl_typesupport_fastrtps_cpp.dir/rosidl_typesupport_fastrtps_cpp/erp42_msgs/msg/detail/dds_fastrtps/serial_feed_back__type_support.cpp.o[0m
[ 38%] [32mBuilding CXX object CMakeFiles/erp42_msgs__rosidl_typesupport_c.dir/rosidl_typesupport_c/erp42_msgs/msg/serial_feed_back__type_support.cpp.o[0m
[ 40%] [32mBuilding CXX object CMakeFiles/erp42_msgs__rosidl_typesupport_c.dir/rosidl_typesupport_c/erp42_msgs/msg/control_message__type_support.cpp.o[0m
[ 42%] [32mBuilding CXX object CMakeFiles/erp42_msgs__rosidl_typesupport_c.dir/rosidl_typesupport_c/erp42_msgs/msg/stanley_error__type_support.cpp.o[0m
[ 44%] [32mBuilding C object CMakeFiles/erp42_msgs__rosidl_typesupport_introspection_c.dir/rosidl_typesupport_introspection_c/erp42_msgs/msg/detail/serial_feed_back__type_support.c.o[0m
[ 46%] [32mBuilding CXX object CMakeFiles/erp42_msgs__rosidl_typesupport_fastrtps_c.dir/rosidl_typesupport_fastrtps_c/erp42_msgs/msg/detail/serial_feed_back__type_support_c.cpp.o[0m
[ 48%] [32m[1mLinking CXX shared library liberp42_msgs__rosidl_typesupport_c.so[0m
[ 53%] [32mBuilding CXX object CMakeFiles/erp42_msgs__rosidl_typesupport_cpp.dir/rosidl_typesupport_cpp/erp42_msgs/msg/control_message__type_support.cpp.o[0m
[ 53%] [32mBuilding C object CMakeFiles/erp42_msgs__rosidl_typesupport_introspection_c.dir/rosidl_typesupport_introspection_c/erp42_msgs/msg/detail/control_message__type_support.c.o[0m
[ 53%] Built target erp42_msgs__rosidl_typesupport_c
[ 55%] [32mBuilding C object CMakeFiles/erp42_msgs__rosidl_typesupport_introspection_c.dir/rosidl_typesupport_introspection_c/erp42_msgs/msg/detail/stanley_error__type_support.c.o[0m
[ 57%] [32mBuilding CXX object CMakeFiles/erp42_msgs__rosidl_typesupport_fastrtps_c.dir/rosidl_typesupport_fastrtps_c/erp42_msgs/msg/detail/control_message__type_support_c.cpp.o[0m
[ 59%] [32m[1mLinking C shared library liberp42_msgs__rosidl_typesupport_introspection_c.so[0m
[ 59%] Built target erp42_msgs__rosidl_typesupport_introspection_c
[ 61%] [32mBuilding CXX object CMakeFiles/erp42_msgs__rosidl_typesupport_fastrtps_c.dir/rosidl_typesupport_fastrtps_c/erp42_msgs/msg/detail/stanley_error__type_support_c.cpp.o[0m
[ 63%] [32mBuilding CXX object CMakeFiles/erp42_msgs__rosidl_typesupport_fastrtps_cpp.dir/rosidl_typesupport_fastrtps_cpp/erp42_msgs/msg/detail/dds_fastrtps/control_message__type_support.cpp.o[0m
[ 65%] [32mBuilding CXX object CMakeFiles/erp42_msgs__rosidl_typesupport_fastrtps_cpp.dir/rosidl_typesupport_fastrtps_cpp/erp42_msgs/msg/detail/dds_fastrtps/stanley_error__type_support.cpp.o[0m
[ 68%] [32m[1mLinking CXX shared library liberp42_msgs__rosidl_typesupport_introspection_cpp.so[0m
[ 68%] Built target erp42_msgs__rosidl_typesupport_introspection_cpp
[ 70%] [32mBuilding CXX object CMakeFiles/erp42_msgs__rosidl_typesupport_cpp.dir/rosidl_typesupport_cpp/erp42_msgs/msg/stanley_error__type_support.cpp.o[0m
[ 72%] [32m[1mLinking CXX shared library liberp42_msgs__rosidl_typesupport_cpp.so[0m
[ 74%] [32m[1mLinking CXX shared library liberp42_msgs__rosidl_typesupport_fastrtps_c.so[0m
[ 74%] Built target erp42_msgs__rosidl_typesupport_cpp
[ 74%] Built target erp42_msgs__rosidl_typesupport_fastrtps_c
[ 76%] [32m[1mLinking CXX shared library liberp42_msgs__rosidl_typesupport_fastrtps_cpp.so[0m
[ 76%] Built target erp42_msgs__rosidl_typesupport_fastrtps_cpp
[ 76%] Built target erp42_msgs
[ 78%] [34m[1mGenerating Python code for ROS interfaces[0m
[ 78%] Built target erp42_msgs__py
[ 85%] [32mBuilding C object CMakeFiles/erp42_msgs__rosidl_generator_py.dir/rosidl_generator_py/erp42_msgs/msg/_control_message_s.c.o[0m
[ 85%] [32mBuilding C object CMakeFiles/erp42_msgs__rosidl_generator_py.dir/rosidl_generator_py/erp42_msgs/msg/_serial_feed_back_s.c.o[0m
[ 85%] [32mBuilding C object CMakeFiles/erp42_msgs__rosidl_generator_py.dir/rosidl_generator_py/erp42_msgs/msg/_stanley_error_s.c.o[0m
[ 87%] [32m[1mLinking C shared library rosidl_generator_py/erp42_msgs/liberp42_msgs__rosidl_generator_py.so[0m
[ 87%] Built target erp42_msgs__rosidl_generator_py
[ 93%] [32mBuilding C object CMakeFiles/erp42_msgs__rosidl_typesupport_introspection_c__pyext.dir/rosidl_generator_py/erp42_msgs/_erp42_msgs_s.ep.rosidl_typesupport_introspection_c.c.o[0m
[ 93%] [32mBuilding C object CMakeFiles/erp42_msgs__rosidl_typesupport_fastrtps_c__pyext.dir/rosidl_generator_py/erp42_msgs/_erp42_msgs_s.ep.rosidl_typesupport_fastrtps_c.c.o[0m
[ 93%] [32mBuilding C object CMakeFiles/erp42_msgs__rosidl_typesupport_c__pyext.dir/rosidl_generator_py/erp42_msgs/_erp42_msgs_s.ep.rosidl_typesupport_c.c.o[0m
[ 97%] [32m[1mLinking C shared library rosidl_generator_py/erp42_msgs/erp42_msgs_s__rosidl_typesupport_introspection_c.cpython-310-x86_64-linux-gnu.so[0m
[ 97%] [32m[1mLinking C shared library rosidl_generator_py/erp42_msgs/erp42_msgs_s__rosidl_typesupport_c.cpython-310-x86_64-linux-gnu.so[0m
[100%] [32m[1mLinking C shared library rosidl_generator_py/erp42_msgs/erp42_msgs_s__rosidl_typesupport_fastrtps_c.cpython-310-x86_64-linux-gnu.so[0m
[100%] Built target erp42_msgs__rosidl_typesupport_c__pyext
[100%] Built target erp42_msgs__rosidl_typesupport_fastrtps_c__pyext
[100%] Built target erp42_msgs__rosidl_typesupport_introspection_c__pyext
-- Install configuration: ""
-- Installing: /home/yangsangmin/ws/install/erp42_msgs/share/ament_index/resource_index/rosidl_interfaces/erp42_msgs
-- Installing: /home/yangsangmin/ws/install/erp42_msgs/include/erp42_msgs/erp42_msgs
-- Installing: /home/yangsangmin/ws/install/erp42_msgs/include/erp42_msgs/erp42_msgs/msg
-- Installing: /home/yangsangmin/ws/install/erp42_msgs/include/erp42_msgs/erp42_msgs/msg/control_message.h
-- Installing: /home/yangsangmin/ws/install/erp42_msgs/include/erp42_msgs/erp42_msgs/msg/rosidl_generator_c__visibility_control.h
-- Installing: /home/yangsangmin/ws/install/erp42_msgs/include/erp42_msgs/erp42_msgs/msg/serial_feed_back.h
-- Installing: /home/yangsangmin/ws/install/erp42_msgs/include/erp42_msgs/erp42_msgs/msg/stanley_error.h
-- Installing: /home/yangsangmin/ws/install/erp42_msgs/include/erp42_msgs/erp42_msgs/msg/detail
-- Installing: /home/yangsangmin/ws/install/erp42_msgs/include/erp42_msgs/erp42_msgs/msg/detail/serial_feed_back__functions.c
-- Installing: /home/yangsangmin/ws/install/erp42_msgs/include/erp42_msgs/erp42_msgs/msg/detail/serial_feed_back__type_support.h
-- Installing: /home/yangsangmin/ws/install/erp42_msgs/include/erp42_msgs/erp42_msgs/msg/detail/serial_feed_back__functions.h
-- Installing: /home/yangsangmin/ws/install/erp42_msgs/include/erp42_msgs/erp42_msgs/msg/detail/stanley_error__struct.h
-- Installing: /home/yangsangmin/ws/install/erp42_msgs/include/erp42_msgs/erp42_msgs/msg/detail/control_message__functions.h
-- Installing: /home/yangsangmin/ws/install/erp42_msgs/include/erp42_msgs/erp42_msgs/msg/detail/stanley_error__functions.h
-- Installing: /home/yangsangmin/ws/install/erp42_msgs/include/erp42_msgs/erp42_msgs/msg/detail/control_message__struct.h
-- Installing: /home/yangsangmin/ws/install/erp42_msgs/include/erp42_msgs/erp42_msgs/msg/detail/control_message__type_support.h
-- Installing: /home/yangsangmin/ws/install/erp42_msgs/include/erp42_msgs/erp42_msgs/msg/detail/stanley_error__type_support.h
-- Installing: /home/yangsangmin/ws/install/erp42_msgs/include/erp42_msgs/erp42_msgs/msg/detail/stanley_error__functions.c
-- Installing: /home/yangsangmin/ws/install/erp42_msgs/include/erp42_msgs/erp42_msgs/msg/detail/control_message__functions.c
-- Installing: /home/yangsangmin/ws/install/erp42_msgs/include/erp42_msgs/erp42_msgs/msg/detail/serial_feed_back__struct.h
-- Installing: /home/yangsangmin/ws/install/erp42_msgs/share/erp42_msgs/environment/library_path.sh
-- Installing: /home/yangsangmin/ws/install/erp42_msgs/share/erp42_msgs/environment/library_path.dsv
-- Installing: /home/yangsangmin/ws/install/erp42_msgs/lib/liberp42_msgs__rosidl_generator_c.so
-- Set runtime path of "/home/yangsangmin/ws/install/erp42_msgs/lib/liberp42_msgs__rosidl_generator_c.so" to ""
-- Up-to-date: /home/yangsangmin/ws/install/erp42_msgs/include/erp42_msgs/erp42_msgs
-- Up-to-date: /home/yangsangmin/ws/install/erp42_msgs/include/erp42_msgs/erp42_msgs/msg
-- Installing: /home/yangsangmin/ws/install/erp42_msgs/include/erp42_msgs/erp42_msgs/msg/rosidl_typesupport_fastrtps_c__visibility_control.h
-- Up-to-date: /home/yangsangmin/ws/install/erp42_msgs/include/erp42_msgs/erp42_msgs/msg/detail
-- Installing: /home/yangsangmin/ws/install/erp42_msgs/include/erp42_msgs/erp42_msgs/msg/detail/control_message__rosidl_typesupport_fastrtps_c.h
-- Installing: /home/yangsangmin/ws/install/erp42_msgs/include/erp42_msgs/erp42_msgs/msg/detail/serial_feed_back__rosidl_typesupport_fastrtps_c.h
-- Installing: /home/yangsangmin/ws/install/erp42_msgs/include/erp42_msgs/erp42_msgs/msg/detail/stanley_error__rosidl_typesupport_fastrtps_c.h
-- Installing: /home/yangsangmin/ws/install/erp42_msgs/lib/liberp42_msgs__rosidl_typesupport_fastrtps_c.so
-- Set runtime path of "/home/yangsangmin/ws/install/erp42_msgs/lib/liberp42_msgs__rosidl_typesupport_fastrtps_c.so" to ""
-- Up-to-date: /home/yangsangmin/ws/install/erp42_msgs/include/erp42_msgs/erp42_msgs
-- Up-to-date: /home/yangsangmin/ws/install/erp42_msgs/include/erp42_msgs/erp42_msgs/msg
-- Installing: /home/yangsangmin/ws/install/erp42_msgs/include/erp42_msgs/erp42_msgs/msg/rosidl_typesupport_introspection_c__visibility_control.h
-- Up-to-date: /home/yangsangmin/ws/install/erp42_msgs/include/erp42_msgs/erp42_msgs/msg/detail
-- Installing: /home/yangsangmin/ws/install/erp42_msgs/include/erp42_msgs/erp42_msgs/msg/detail/control_message__type_support.c
-- Installing: /home/yangsangmin/ws/install/erp42_msgs/include/erp42_msgs/erp42_msgs/msg/detail/serial_feed_back__type_support.c
-- Installing: /home/yangsangmin/ws/install/erp42_msgs/include/erp42_msgs/erp42_msgs/msg/detail/stanley_error__rosidl_typesupport_introspection_c.h
-- Installing: /home/yangsangmin/ws/install/erp42_msgs/include/erp42_msgs/erp42_msgs/msg/detail/control_message__rosidl_typesupport_introspection_c.h
-- Installing: /home/yangsangmin/ws/install/erp42_msgs/include/erp42_msgs/erp42_msgs/msg/detail/serial_feed_back__rosidl_typesupport_introspection_c.h
-- Installing: /home/yangsangmin/ws/install/erp42_msgs/include/erp42_msgs/erp42_msgs/msg/detail/stanley_error__type_support.c
-- Installing: /home/yangsangmin/ws/install/erp42_msgs/lib/liberp42_msgs__rosidl_typesupport_introspection_c.so
-- Set runtime path of "/home/yangsangmin/ws/install/erp42_msgs/lib/liberp42_msgs__rosidl_typesupport_introspection_c.so" to ""
-- Installing: /home/yangsangmin/ws/install/erp42_msgs/lib/liberp42_msgs__rosidl_typesupport_c.so
-- Set runtime path of "/home/yangsangmin/ws/install/erp42_msgs/lib/liberp42_msgs__rosidl_typesupport_c.so" to ""
-- Up-to-date: /home/yangsangmin/ws/install/erp42_msgs/include/erp42_msgs/erp42_msgs
-- Up-to-date: /home/yangsangmin/ws/install/erp42_msgs/include/erp42_msgs/erp42_msgs/msg
-- Installing: /home/yangsangmin/ws/install/erp42_msgs/include/erp42_msgs/erp42_msgs/msg/rosidl_generator_cpp__visibility_control.hpp
-- Installing: /home/yangsangmin/ws/install/erp42_msgs/include/erp42_msgs/erp42_msgs/msg/control_message.hpp
-- Installing: /home/yangsangmin/ws/install/erp42_msgs/include/erp42_msgs/erp42_msgs/msg/serial_feed_back.hpp
-- Up-to-date: /home/yangsangmin/ws/install/erp42_msgs/include/erp42_msgs/erp42_msgs/msg/detail
-- Installing: /home/yangsangmin/ws/install/erp42_msgs/include/erp42_msgs/erp42_msgs/msg/detail/control_message__traits.hpp
-- Installing: /home/yangsangmin/ws/install/erp42_msgs/include/erp42_msgs/erp42_msgs/msg/detail/stanley_error__struct.hpp
-- Installing: /home/yangsangmin/ws/install/erp42_msgs/include/erp42_msgs/erp42_msgs/msg/detail/control_message__type_support.hpp
-- Installing: /home/yangsangmin/ws/install/erp42_msgs/include/erp42_msgs/erp42_msgs/msg/detail/control_message__builder.hpp
-- Installing: /home/yangsangmin/ws/install/erp42_msgs/include/erp42_msgs/erp42_msgs/msg/detail/stanley_error__traits.hpp
-- Installing: /home/yangsangmin/ws/install/erp42_msgs/include/erp42_msgs/erp42_msgs/msg/detail/stanley_error__type_support.hpp
-- Installing: /home/yangsangmin/ws/install/erp42_msgs/include/erp42_msgs/erp42_msgs/msg/detail/control_message__struct.hpp
-- Installing: /home/yangsangmin/ws/install/erp42_msgs/include/erp42_msgs/erp42_msgs/msg/detail/serial_feed_back__traits.hpp
-- Installing: /home/yangsangmin/ws/install/erp42_msgs/include/erp42_msgs/erp42_msgs/msg/detail/serial_feed_back__type_support.hpp
-- Installing: /home/yangsangmin/ws/install/erp42_msgs/include/erp42_msgs/erp42_msgs/msg/detail/serial_feed_back__struct.hpp
-- Installing: /home/yangsangmin/ws/install/erp42_msgs/include/erp42_msgs/erp42_msgs/msg/detail/serial_feed_back__builder.hpp
-- Installing: /home/yangsangmin/ws/install/erp42_msgs/include/erp42_msgs/erp42_msgs/msg/detail/stanley_error__builder.hpp
-- Installing: /home/yangsangmin/ws/install/erp42_msgs/include/erp42_msgs/erp42_msgs/msg/stanley_error.hpp
-- Up-to-date: /home/yangsangmin/ws/install/erp42_msgs/include/erp42_msgs/erp42_msgs
-- Up-to-date: /home/yangsangmin/ws/install/erp42_msgs/include/erp42_msgs/erp42_msgs/msg
-- Installing: /home/yangsangmin/ws/install/erp42_msgs/include/erp42_msgs/erp42_msgs/msg/rosidl_typesupport_fastrtps_cpp__visibility_control.h
-- Up-to-date: /home/yangsangmin/ws/install/erp42_msgs/include/erp42_msgs/erp42_msgs/msg/detail
-- Installing: /home/yangsangmin/ws/install/erp42_msgs/include/erp42_msgs/erp42_msgs/msg/detail/serial_feed_back__rosidl_typesupport_fastrtps_cpp.hpp
-- Installing: /home/yangsangmin/ws/install/erp42_msgs/include/erp42_msgs/erp42_msgs/msg/detail/stanley_error__rosidl_typesupport_fastrtps_cpp.hpp
-- Installing: /home/yangsangmin/ws/install/erp42_msgs/include/erp42_msgs/erp42_msgs/msg/detail/dds_fastrtps
-- Installing: /home/yangsangmin/ws/install/erp42_msgs/include/erp42_msgs/erp42_msgs/msg/detail/control_message__rosidl_typesupport_fastrtps_cpp.hpp
-- Installing: /home/yangsangmin/ws/install/erp42_msgs/lib/liberp42_msgs__rosidl_typesupport_fastrtps_cpp.so
-- Set runtime path of "/home/yangsangmin/ws/install/erp42_msgs/lib/liberp42_msgs__rosidl_typesupport_fastrtps_cpp.so" to ""
-- Up-to-date: /home/yangsangmin/ws/install/erp42_msgs/include/erp42_msgs/erp42_msgs
-- Up-to-date: /home/yangsangmin/ws/install/erp42_msgs/include/erp42_msgs/erp42_msgs/msg
-- Up-to-date: /home/yangsangmin/ws/install/erp42_msgs/include/erp42_msgs/erp42_msgs/msg/detail
-- Installing: /home/yangsangmin/ws/install/erp42_msgs/include/erp42_msgs/erp42_msgs/msg/detail/stanley_error__rosidl_typesupport_introspection_cpp.hpp
-- Installing: /home/yangsangmin/ws/install/erp42_msgs/include/erp42_msgs/erp42_msgs/msg/detail/serial_feed_back__type_support.cpp
-- Installing: /home/yangsangmin/ws/install/erp42_msgs/include/erp42_msgs/erp42_msgs/msg/detail/control_message__rosidl_typesupport_introspection_cpp.hpp
-- Installing: /home/yangsangmin/ws/install/erp42_msgs/include/erp42_msgs/erp42_msgs/msg/detail/serial_feed_back__rosidl_typesupport_introspection_cpp.hpp
-- Installing: /home/yangsangmin/ws/install/erp42_msgs/include/erp42_msgs/erp42_msgs/msg/detail/stanley_error__type_support.cpp
-- Installing: /home/yangsangmin/ws/install/erp42_msgs/include/erp42_msgs/erp42_msgs/msg/detail/control_message__type_support.cpp
-- Installing: /home/yangsangmin/ws/install/erp42_msgs/lib/liberp42_msgs__rosidl_typesupport_introspection_cpp.so
-- Set runtime path of "/home/yangsangmin/ws/install/erp42_msgs/lib/liberp42_msgs__rosidl_typesupport_introspection_cpp.so" to ""
-- Installing: /home/yangsangmin/ws/install/erp42_msgs/lib/liberp42_msgs__rosidl_typesupport_cpp.so
-- Set runtime path of "/home/yangsangmin/ws/install/erp42_msgs/lib/liberp42_msgs__rosidl_typesupport_cpp.so" to ""
-- Installing: /home/yangsangmin/ws/install/erp42_msgs/share/erp42_msgs/environment/pythonpath.sh
-- Installing: /home/yangsangmin/ws/install/erp42_msgs/share/erp42_msgs/environment/pythonpath.dsv
-- Installing: /home/yangsangmin/ws/install/erp42_msgs/local/lib/python3.10/dist-packages/erp42_msgs-0.0.0-py3.10.egg-info
-- Installing: /home/yangsangmin/ws/install/erp42_msgs/local/lib/python3.10/dist-packages/erp42_msgs-0.0.0-py3.10.egg-info/PKG-INFO
-- Installing: /home/yangsangmin/ws/install/erp42_msgs/local/lib/python3.10/dist-packages/erp42_msgs-0.0.0-py3.10.egg-info/SOURCES.txt
-- Installing: /home/yangsangmin/ws/install/erp42_msgs/local/lib/python3.10/dist-packages/erp42_msgs-0.0.0-py3.10.egg-info/top_level.txt
-- Installing: /home/yangsangmin/ws/install/erp42_msgs/local/lib/python3.10/dist-packages/erp42_msgs-0.0.0-py3.10.egg-info/dependency_links.txt
-- Installing: /home/yangsangmin/ws/install/erp42_msgs/local/lib/python3.10/dist-packages/erp42_msgs
-- Installing: /home/yangsangmin/ws/install/erp42_msgs/local/lib/python3.10/dist-packages/erp42_msgs/_erp42_msgs_s.ep.rosidl_typesupport_introspection_c.c
-- Installing: /home/yangsangmin/ws/install/erp42_msgs/local/lib/python3.10/dist-packages/erp42_msgs/erp42_msgs_s__rosidl_typesupport_c.cpython-310-x86_64-linux-gnu.so
-- Installing: /home/yangsangmin/ws/install/erp42_msgs/local/lib/python3.10/dist-packages/erp42_msgs/msg
-- Installing: /home/yangsangmin/ws/install/erp42_msgs/local/lib/python3.10/dist-packages/erp42_msgs/msg/_stanley_error_s.c
-- Installing: /home/yangsangmin/ws/install/erp42_msgs/local/lib/python3.10/dist-packages/erp42_msgs/msg/_control_message.py
-- Installing: /home/yangsangmin/ws/install/erp42_msgs/local/lib/python3.10/dist-packages/erp42_msgs/msg/_control_message_s.c
-- Installing: /home/yangsangmin/ws/install/erp42_msgs/local/lib/python3.10/dist-packages/erp42_msgs/msg/__init__.py
-- Installing: /home/yangsangmin/ws/install/erp42_msgs/local/lib/python3.10/dist-packages/erp42_msgs/msg/_stanley_error.py
-- Installing: /home/yangsangmin/ws/install/erp42_msgs/local/lib/python3.10/dist-packages/erp42_msgs/msg/_serial_feed_back_s.c
-- Installing: /home/yangsangmin/ws/install/erp42_msgs/local/lib/python3.10/dist-packages/erp42_msgs/msg/_serial_feed_back.py
-- Installing: /home/yangsangmin/ws/install/erp42_msgs/local/lib/python3.10/dist-packages/erp42_msgs/erp42_msgs_s__rosidl_typesupport_introspection_c.cpython-310-x86_64-linux-gnu.so
-- Installing: /home/yangsangmin/ws/install/erp42_msgs/local/lib/python3.10/dist-packages/erp42_msgs/erp42_msgs_s__rosidl_typesupport_fastrtps_c.cpython-310-x86_64-linux-gnu.so
-- Installing: /home/yangsangmin/ws/install/erp42_msgs/local/lib/python3.10/dist-packages/erp42_msgs/_erp42_msgs_s.ep.rosidl_typesupport_c.c
-- Installing: /home/yangsangmin/ws/install/erp42_msgs/local/lib/python3.10/dist-packages/erp42_msgs/__init__.py
-- Installing: /home/yangsangmin/ws/install/erp42_msgs/local/lib/python3.10/dist-packages/erp42_msgs/liberp42_msgs__rosidl_generator_py.so
-- Installing: /home/yangsangmin/ws/install/erp42_msgs/local/lib/python3.10/dist-packages/erp42_msgs/_erp42_msgs_s.ep.rosidl_typesupport_fastrtps_c.c
Listing '/home/yangsangmin/ws/install/erp42_msgs/local/lib/python3.10/dist-packages/erp42_msgs'...
Compiling '/home/yangsangmin/ws/install/erp42_msgs/local/lib/python3.10/dist-packages/erp42_msgs/__init__.py'...
Listing '/home/yangsangmin/ws/install/erp42_msgs/local/lib/python3.10/dist-packages/erp42_msgs/msg'...
Compiling '/home/yangsangmin/ws/install/erp42_msgs/local/lib/python3.10/dist-packages/erp42_msgs/msg/__init__.py'...
Compiling '/home/yangsangmin/ws/install/erp42_msgs/local/lib/python3.10/dist-packages/erp42_msgs/msg/_control_message.py'...
Compiling '/home/yangsangmin/ws/install/erp42_msgs/local/lib/python3.10/dist-packages/erp42_msgs/msg/_serial_feed_back.py'...
Compiling '/home/yangsangmin/ws/install/erp42_msgs/local/lib/python3.10/dist-packages/erp42_msgs/msg/_stanley_error.py'...
-- Installing: /home/yangsangmin/ws/install/erp42_msgs/local/lib/python3.10/dist-packages/erp42_msgs/erp42_msgs_s__rosidl_typesupport_fastrtps_c.cpython-310-x86_64-linux-gnu.so
-- Set runtime path of "/home/yangsangmin/ws/install/erp42_msgs/local/lib/python3.10/dist-packages/erp42_msgs/erp42_msgs_s__rosidl_typesupport_fastrtps_c.cpython-310-x86_64-linux-gnu.so" to ""
-- Installing: /home/yangsangmin/ws/install/erp42_msgs/local/lib/python3.10/dist-packages/erp42_msgs/erp42_msgs_s__rosidl_typesupport_introspection_c.cpython-310-x86_64-linux-gnu.so
-- Set runtime path of "/home/yangsangmin/ws/install/erp42_msgs/local/lib/python3.10/dist-packages/erp42_msgs/erp42_msgs_s__rosidl_typesupport_introspection_c.cpython-310-x86_64-linux-gnu.so" to ""
-- Installing: /home/yangsangmin/ws/install/erp42_msgs/local/lib/python3.10/dist-packages/erp42_msgs/erp42_msgs_s__rosidl_typesupport_c.cpython-310-x86_64-linux-gnu.so
-- Set runtime path of "/home/yangsangmin/ws/install/erp42_msgs/local/lib/python3.10/dist-packages/erp42_msgs/erp42_msgs_s__rosidl_typesupport_c.cpython-310-x86_64-linux-gnu.so" to ""
-- Installing: /home/yangsangmin/ws/install/erp42_msgs/lib/liberp42_msgs__rosidl_generator_py.so
-- Set runtime path of "/home/yangsangmin/ws/install/erp42_msgs/lib/liberp42_msgs__rosidl_generator_py.so" to ""
-- Installing: /home/yangsangmin/ws/install/erp42_msgs/share/erp42_msgs/msg/SerialFeedBack.idl
-- Installing: /home/yangsangmin/ws/install/erp42_msgs/share/erp42_msgs/msg/ControlMessage.idl
-- Installing: /home/yangsangmin/ws/install/erp42_msgs/share/erp42_msgs/msg/StanleyError.idl
-- Installing: /home/yangsangmin/ws/install/erp42_msgs/share/erp42_msgs/msg/SerialFeedBack.msg
-- Installing: /home/yangsangmin/ws/install/erp42_msgs/share/erp42_msgs/msg/ControlMessage.msg
-- Installing: /home/yangsangmin/ws/install/erp42_msgs/share/erp42_msgs/msg/StanleyError.msg
-- Installing: /home/yangsangmin/ws/install/erp42_msgs/share/ament_index/resource_index/package_run_dependencies/erp42_msgs
-- Installing: /home/yangsangmin/ws/install/erp42_msgs/share/ament_index/resource_index/parent_prefix_path/erp42_msgs
-- Installing: /home/yangsangmin/ws/install/erp42_msgs/share/erp42_msgs/environment/ament_prefix_path.sh
-- Installing: /home/yangsangmin/ws/install/erp42_msgs/share/erp42_msgs/environment/ament_prefix_path.dsv
-- Installing: /home/yangsangmin/ws/install/erp42_msgs/share/erp42_msgs/environment/path.sh
-- Installing: /home/yangsangmin/ws/install/erp42_msgs/share/erp42_msgs/environment/path.dsv
-- Installing: /home/yangsangmin/ws/install/erp42_msgs/share/erp42_msgs/local_setup.bash
-- Installing: /home/yangsangmin/ws/install/erp42_msgs/share/erp42_msgs/local_setup.sh
-- Installing: /home/yangsangmin/ws/install/erp42_msgs/share/erp42_msgs/local_setup.zsh
-- Installing: /home/yangsangmin/ws/install/erp42_msgs/share/erp42_msgs/local_setup.dsv
-- Installing: /home/yangsangmin/ws/install/erp42_msgs/share/erp42_msgs/package.dsv
-- Installing: /home/yangsangmin/ws/install/erp42_msgs/share/ament_index/resource_index/packages/erp42_msgs
-- Installing: /home/yangsangmin/ws/install/erp42_msgs/share/erp42_msgs/cmake/export_erp42_msgs__rosidl_generator_cExport.cmake
-- Installing: /home/yangsangmin/ws/install/erp42_msgs/share/erp42_msgs/cmake/export_erp42_msgs__rosidl_generator_cExport-noconfig.cmake
-- Installing: /home/yangsangmin/ws/install/erp42_msgs/share/erp42_msgs/cmake/export_erp42_msgs__rosidl_typesupport_fastrtps_cExport.cmake
-- Installing: /home/yangsangmin/ws/install/erp42_msgs/share/erp42_msgs/cmake/export_erp42_msgs__rosidl_typesupport_fastrtps_cExport-noconfig.cmake
-- Installing: /home/yangsangmin/ws/install/erp42_msgs/share/erp42_msgs/cmake/erp42_msgs__rosidl_typesupport_introspection_cExport.cmake
-- Installing: /home/yangsangmin/ws/install/erp42_msgs/share/erp42_msgs/cmake/erp42_msgs__rosidl_typesupport_introspection_cExport-noconfig.cmake
-- Installing: /home/yangsangmin/ws/install/erp42_msgs/share/erp42_msgs/cmake/erp42_msgs__rosidl_typesupport_cExport.cmake
-- Installing: /home/yangsangmin/ws/install/erp42_msgs/share/erp42_msgs/cmake/erp42_msgs__rosidl_typesupport_cExport-noconfig.cmake
-- Installing: /home/yangsangmin/ws/install/erp42_msgs/share/erp42_msgs/cmake/export_erp42_msgs__rosidl_generator_cppExport.cmake
-- Installing: /home/yangsangmin/ws/install/erp42_msgs/share/erp42_msgs/cmake/export_erp42_msgs__rosidl_typesupport_fastrtps_cppExport.cmake
-- Installing: /home/yangsangmin/ws/install/erp42_msgs/share/erp42_msgs/cmake/export_erp42_msgs__rosidl_typesupport_fastrtps_cppExport-noconfig.cmake
-- Installing: /home/yangsangmin/ws/install/erp42_msgs/share/erp42_msgs/cmake/erp42_msgs__rosidl_typesupport_introspection_cppExport.cmake
-- Installing: /home/yangsangmin/ws/install/erp42_msgs/share/erp42_msgs/cmake/erp42_msgs__rosidl_typesupport_introspection_cppExport-noconfig.cmake
-- Installing: /home/yangsangmin/ws/install/erp42_msgs/share/erp42_msgs/cmake/erp42_msgs__rosidl_typesupport_cppExport.cmake
-- Installing: /home/yangsangmin/ws/install/erp42_msgs/share/erp42_msgs/cmake/erp42_msgs__rosidl_typesupport_cppExport-noconfig.cmake
-- Installing: /home/yangsangmin/ws/install/erp42_msgs/share/erp42_msgs/cmake/export_erp42_msgs__rosidl_generator_pyExport.cmake
-- Installing: /home/yangsangmin/ws/install/erp42_msgs/share/erp42_msgs/cmake/export_erp42_msgs__rosidl_generator_pyExport-noconfig.cmake
-- Installing: /home/yangsangmin/ws/install/erp42_msgs/share/erp42_msgs/cmake/rosidl_cmake-extras.cmake
-- Installing: /home/yangsangmin/ws/install/erp42_msgs/share/erp42_msgs/cmake/ament_cmake_export_include_directories-extras.cmake
-- Installing: /home/yangsangmin/ws/install/erp42_msgs/share/erp42_msgs/cmake/ament_cmake_export_libraries-extras.cmake
-- Installing: /home/yangsangmin/ws/install/erp42_msgs/share/erp42_msgs/cmake/ament_cmake_export_targets-extras.cmake
-- Installing: /home/yangsangmin/ws/install/erp42_msgs/share/erp42_msgs/cmake/rosidl_cmake_export_typesupport_targets-extras.cmake
-- Installing: /home/yangsangmin/ws/install/erp42_msgs/share/erp42_msgs/cmake/ament_cmake_export_dependencies-extras.cmake
-- Installing: /home/yangsangmin/ws/install/erp42_msgs/share/erp42_msgs/cmake/rosidl_cmake_export_typesupport_libraries-extras.cmake
-- Installing: /home/yangsangmin/ws/install/erp42_msgs/share/erp42_msgs/cmake/erp42_msgsConfig.cmake
-- Installing: /home/yangsangmin/ws/install/erp42_msgs/share/erp42_msgs/cmake/erp42_msgsConfig-version.cmake
-- Installing: /home/yangsangmin/ws/install/erp42_msgs/share/erp42_msgs/package.xml
