[35m[1mConsolidate compiler generated dependencies of target erp42_msgs__rosidl_generator_c[0m
[  6%] Built target erp42_msgs__cpp
[ 12%] Built target erp42_msgs__rosidl_generator_c
[ 12%] Built target ament_cmake_python_copy_erp42_msgs
[35m[1mConsolidate compiler generated dependencies of target erp42_msgs__rosidl_typesupport_cpp[0m
[35m[1mConsolidate compiler generated dependencies of target erp42_msgs__rosidl_typesupport_fastrtps_cpp[0m
[35m[1mConsolidate compiler generated dependencies of target erp42_msgs__rosidl_typesupport_introspection_cpp[0m
[35m[1mConsolidate compiler generated dependencies of target erp42_msgs__rosidl_typesupport_c[0m
[35m[1mConsolidate compiler generated dependencies of target erp42_msgs__rosidl_typesupport_fastrtps_c[0m
[35m[1mConsolidate compiler generated dependencies of target erp42_msgs__rosidl_typesupport_introspection_c[0m
[ 23%] Built target erp42_msgs__rosidl_typesupport_cpp
[ 34%] Built target erp42_msgs__rosidl_typesupport_fastrtps_cpp
[ 44%] Built target erp42_msgs__rosidl_typesupport_introspection_c
[ 55%] Built target erp42_msgs__rosidl_typesupport_introspection_cpp
[ 65%] Built target erp42_msgs__rosidl_typesupport_fastrtps_c
[ 76%] Built target erp42_msgs__rosidl_typesupport_c
[ 76%] Built target erp42_msgs
[ 78%] Built target erp42_msgs__py
[35m[1mConsolidate compiler generated dependencies of target erp42_msgs__rosidl_generator_py[0m
[ 87%] Built target erp42_msgs__rosidl_generator_py
[35m[1mConsolidate compiler generated dependencies of target erp42_msgs__rosidl_typesupport_fastrtps_c__pyext[0m
[35m[1mConsolidate compiler generated dependencies of target erp42_msgs__rosidl_typesupport_c__pyext[0m
[35m[1mConsolidate compiler generated dependencies of target erp42_msgs__rosidl_typesupport_introspection_c__pyext[0m
[ 91%] Built target erp42_msgs__rosidl_typesupport_fastrtps_c__pyext
[100%] Built target erp42_msgs__rosidl_typesupport_c__pyext
[100%] Built target erp42_msgs__rosidl_typesupport_introspection_c__pyext
running egg_info
writing erp42_msgs.egg-info/PKG-INFO
writing dependency_links to erp42_msgs.egg-info/dependency_links.txt
writing top-level names to erp42_msgs.egg-info/top_level.txt
reading manifest file 'erp42_msgs.egg-info/SOURCES.txt'
writing manifest file 'erp42_msgs.egg-info/SOURCES.txt'
[100%] Built target ament_cmake_python_build_erp42_msgs_egg
-- Install configuration: ""
-- Up-to-date: /home/yangsangmin/ws/install/erp42_msgs/share/ament_index/resource_index/rosidl_interfaces/erp42_msgs
-- Up-to-date: /home/yangsangmin/ws/install/erp42_msgs/include/erp42_msgs/erp42_msgs
-- Up-to-date: /home/yangsangmin/ws/install/erp42_msgs/include/erp42_msgs/erp42_msgs/msg
-- Up-to-date: /home/yangsangmin/ws/install/erp42_msgs/include/erp42_msgs/erp42_msgs/msg/control_message.h
-- Up-to-date: /home/yangsangmin/ws/install/erp42_msgs/include/erp42_msgs/erp42_msgs/msg/rosidl_generator_c__visibility_control.h
-- Up-to-date: /home/yangsangmin/ws/install/erp42_msgs/include/erp42_msgs/erp42_msgs/msg/serial_feed_back.h
-- Up-to-date: /home/yangsangmin/ws/install/erp42_msgs/include/erp42_msgs/erp42_msgs/msg/stanley_error.h
-- Up-to-date: /home/yangsangmin/ws/install/erp42_msgs/include/erp42_msgs/erp42_msgs/msg/detail
-- Up-to-date: /home/yangsangmin/ws/install/erp42_msgs/include/erp42_msgs/erp42_msgs/msg/detail/serial_feed_back__functions.c
-- Up-to-date: /home/yangsangmin/ws/install/erp42_msgs/include/erp42_msgs/erp42_msgs/msg/detail/serial_feed_back__type_support.h
-- Up-to-date: /home/yangsangmin/ws/install/erp42_msgs/include/erp42_msgs/erp42_msgs/msg/detail/serial_feed_back__functions.h
-- Up-to-date: /home/yangsangmin/ws/install/erp42_msgs/include/erp42_msgs/erp42_msgs/msg/detail/stanley_error__struct.h
-- Up-to-date: /home/yangsangmin/ws/install/erp42_msgs/include/erp42_msgs/erp42_msgs/msg/detail/control_message__functions.h
-- Up-to-date: /home/yangsangmin/ws/install/erp42_msgs/include/erp42_msgs/erp42_msgs/msg/detail/stanley_error__functions.h
-- Up-to-date: /home/yangsangmin/ws/install/erp42_msgs/include/erp42_msgs/erp42_msgs/msg/detail/control_message__struct.h
-- Up-to-date: /home/yangsangmin/ws/install/erp42_msgs/include/erp42_msgs/erp42_msgs/msg/detail/control_message__type_support.h
-- Up-to-date: /home/yangsangmin/ws/install/erp42_msgs/include/erp42_msgs/erp42_msgs/msg/detail/stanley_error__type_support.h
-- Up-to-date: /home/yangsangmin/ws/install/erp42_msgs/include/erp42_msgs/erp42_msgs/msg/detail/stanley_error__functions.c
-- Up-to-date: /home/yangsangmin/ws/install/erp42_msgs/include/erp42_msgs/erp42_msgs/msg/detail/control_message__functions.c
-- Up-to-date: /home/yangsangmin/ws/install/erp42_msgs/include/erp42_msgs/erp42_msgs/msg/detail/serial_feed_back__struct.h
-- Up-to-date: /home/yangsangmin/ws/install/erp42_msgs/share/erp42_msgs/environment/library_path.sh
-- Up-to-date: /home/yangsangmin/ws/install/erp42_msgs/share/erp42_msgs/environment/library_path.dsv
-- Up-to-date: /home/yangsangmin/ws/install/erp42_msgs/lib/liberp42_msgs__rosidl_generator_c.so
-- Up-to-date: /home/yangsangmin/ws/install/erp42_msgs/include/erp42_msgs/erp42_msgs
-- Up-to-date: /home/yangsangmin/ws/install/erp42_msgs/include/erp42_msgs/erp42_msgs/msg
-- Up-to-date: /home/yangsangmin/ws/install/erp42_msgs/include/erp42_msgs/erp42_msgs/msg/rosidl_typesupport_fastrtps_c__visibility_control.h
-- Up-to-date: /home/yangsangmin/ws/install/erp42_msgs/include/erp42_msgs/erp42_msgs/msg/detail
-- Up-to-date: /home/yangsangmin/ws/install/erp42_msgs/include/erp42_msgs/erp42_msgs/msg/detail/control_message__rosidl_typesupport_fastrtps_c.h
-- Up-to-date: /home/yangsangmin/ws/install/erp42_msgs/include/erp42_msgs/erp42_msgs/msg/detail/serial_feed_back__rosidl_typesupport_fastrtps_c.h
-- Up-to-date: /home/yangsangmin/ws/install/erp42_msgs/include/erp42_msgs/erp42_msgs/msg/detail/stanley_error__rosidl_typesupport_fastrtps_c.h
-- Up-to-date: /home/yangsangmin/ws/install/erp42_msgs/lib/liberp42_msgs__rosidl_typesupport_fastrtps_c.so
-- Up-to-date: /home/yangsangmin/ws/install/erp42_msgs/include/erp42_msgs/erp42_msgs
-- Up-to-date: /home/yangsangmin/ws/install/erp42_msgs/include/erp42_msgs/erp42_msgs/msg
-- Up-to-date: /home/yangsangmin/ws/install/erp42_msgs/include/erp42_msgs/erp42_msgs/msg/rosidl_typesupport_introspection_c__visibility_control.h
-- Up-to-date: /home/yangsangmin/ws/install/erp42_msgs/include/erp42_msgs/erp42_msgs/msg/detail
-- Up-to-date: /home/yangsangmin/ws/install/erp42_msgs/include/erp42_msgs/erp42_msgs/msg/detail/control_message__type_support.c
-- Up-to-date: /home/yangsangmin/ws/install/erp42_msgs/include/erp42_msgs/erp42_msgs/msg/detail/serial_feed_back__type_support.c
-- Up-to-date: /home/yangsangmin/ws/install/erp42_msgs/include/erp42_msgs/erp42_msgs/msg/detail/stanley_error__rosidl_typesupport_introspection_c.h
-- Up-to-date: /home/yangsangmin/ws/install/erp42_msgs/include/erp42_msgs/erp42_msgs/msg/detail/control_message__rosidl_typesupport_introspection_c.h
-- Up-to-date: /home/yangsangmin/ws/install/erp42_msgs/include/erp42_msgs/erp42_msgs/msg/detail/serial_feed_back__rosidl_typesupport_introspection_c.h
-- Up-to-date: /home/yangsangmin/ws/install/erp42_msgs/include/erp42_msgs/erp42_msgs/msg/detail/stanley_error__type_support.c
-- Up-to-date: /home/yangsangmin/ws/install/erp42_msgs/lib/liberp42_msgs__rosidl_typesupport_introspection_c.so
-- Up-to-date: /home/yangsangmin/ws/install/erp42_msgs/lib/liberp42_msgs__rosidl_typesupport_c.so
-- Up-to-date: /home/yangsangmin/ws/install/erp42_msgs/include/erp42_msgs/erp42_msgs
-- Up-to-date: /home/yangsangmin/ws/install/erp42_msgs/include/erp42_msgs/erp42_msgs/msg
-- Up-to-date: /home/yangsangmin/ws/install/erp42_msgs/include/erp42_msgs/erp42_msgs/msg/rosidl_generator_cpp__visibility_control.hpp
-- Up-to-date: /home/yangsangmin/ws/install/erp42_msgs/include/erp42_msgs/erp42_msgs/msg/control_message.hpp
-- Up-to-date: /home/yangsangmin/ws/install/erp42_msgs/include/erp42_msgs/erp42_msgs/msg/serial_feed_back.hpp
-- Up-to-date: /home/yangsangmin/ws/install/erp42_msgs/include/erp42_msgs/erp42_msgs/msg/detail
-- Up-to-date: /home/yangsangmin/ws/install/erp42_msgs/include/erp42_msgs/erp42_msgs/msg/detail/control_message__traits.hpp
-- Up-to-date: /home/yangsangmin/ws/install/erp42_msgs/include/erp42_msgs/erp42_msgs/msg/detail/stanley_error__struct.hpp
-- Up-to-date: /home/yangsangmin/ws/install/erp42_msgs/include/erp42_msgs/erp42_msgs/msg/detail/control_message__type_support.hpp
-- Up-to-date: /home/yangsangmin/ws/install/erp42_msgs/include/erp42_msgs/erp42_msgs/msg/detail/control_message__builder.hpp
-- Up-to-date: /home/yangsangmin/ws/install/erp42_msgs/include/erp42_msgs/erp42_msgs/msg/detail/stanley_error__traits.hpp
-- Up-to-date: /home/yangsangmin/ws/install/erp42_msgs/include/erp42_msgs/erp42_msgs/msg/detail/stanley_error__type_support.hpp
-- Up-to-date: /home/yangsangmin/ws/install/erp42_msgs/include/erp42_msgs/erp42_msgs/msg/detail/control_message__struct.hpp
-- Up-to-date: /home/yangsangmin/ws/install/erp42_msgs/include/erp42_msgs/erp42_msgs/msg/detail/serial_feed_back__traits.hpp
-- Up-to-date: /home/yangsangmin/ws/install/erp42_msgs/include/erp42_msgs/erp42_msgs/msg/detail/serial_feed_back__type_support.hpp
-- Up-to-date: /home/yangsangmin/ws/install/erp42_msgs/include/erp42_msgs/erp42_msgs/msg/detail/serial_feed_back__struct.hpp
-- Up-to-date: /home/yangsangmin/ws/install/erp42_msgs/include/erp42_msgs/erp42_msgs/msg/detail/serial_feed_back__builder.hpp
-- Up-to-date: /home/yangsangmin/ws/install/erp42_msgs/include/erp42_msgs/erp42_msgs/msg/detail/stanley_error__builder.hpp
-- Up-to-date: /home/yangsangmin/ws/install/erp42_msgs/include/erp42_msgs/erp42_msgs/msg/stanley_error.hpp
-- Up-to-date: /home/yangsangmin/ws/install/erp42_msgs/include/erp42_msgs/erp42_msgs
-- Up-to-date: /home/yangsangmin/ws/install/erp42_msgs/include/erp42_msgs/erp42_msgs/msg
-- Up-to-date: /home/yangsangmin/ws/install/erp42_msgs/include/erp42_msgs/erp42_msgs/msg/rosidl_typesupport_fastrtps_cpp__visibility_control.h
-- Up-to-date: /home/yangsangmin/ws/install/erp42_msgs/include/erp42_msgs/erp42_msgs/msg/detail
-- Up-to-date: /home/yangsangmin/ws/install/erp42_msgs/include/erp42_msgs/erp42_msgs/msg/detail/serial_feed_back__rosidl_typesupport_fastrtps_cpp.hpp
-- Up-to-date: /home/yangsangmin/ws/install/erp42_msgs/include/erp42_msgs/erp42_msgs/msg/detail/stanley_error__rosidl_typesupport_fastrtps_cpp.hpp
-- Up-to-date: /home/yangsangmin/ws/install/erp42_msgs/include/erp42_msgs/erp42_msgs/msg/detail/dds_fastrtps
-- Up-to-date: /home/yangsangmin/ws/install/erp42_msgs/include/erp42_msgs/erp42_msgs/msg/detail/control_message__rosidl_typesupport_fastrtps_cpp.hpp
-- Up-to-date: /home/yangsangmin/ws/install/erp42_msgs/lib/liberp42_msgs__rosidl_typesupport_fastrtps_cpp.so
-- Up-to-date: /home/yangsangmin/ws/install/erp42_msgs/include/erp42_msgs/erp42_msgs
-- Up-to-date: /home/yangsangmin/ws/install/erp42_msgs/include/erp42_msgs/erp42_msgs/msg
-- Up-to-date: /home/yangsangmin/ws/install/erp42_msgs/include/erp42_msgs/erp42_msgs/msg/detail
-- Up-to-date: /home/yangsangmin/ws/install/erp42_msgs/include/erp42_msgs/erp42_msgs/msg/detail/stanley_error__rosidl_typesupport_introspection_cpp.hpp
-- Up-to-date: /home/yangsangmin/ws/install/erp42_msgs/include/erp42_msgs/erp42_msgs/msg/detail/serial_feed_back__type_support.cpp
-- Up-to-date: /home/yangsangmin/ws/install/erp42_msgs/include/erp42_msgs/erp42_msgs/msg/detail/control_message__rosidl_typesupport_introspection_cpp.hpp
-- Up-to-date: /home/yangsangmin/ws/install/erp42_msgs/include/erp42_msgs/erp42_msgs/msg/detail/serial_feed_back__rosidl_typesupport_introspection_cpp.hpp
-- Up-to-date: /home/yangsangmin/ws/install/erp42_msgs/include/erp42_msgs/erp42_msgs/msg/detail/stanley_error__type_support.cpp
-- Up-to-date: /home/yangsangmin/ws/install/erp42_msgs/include/erp42_msgs/erp42_msgs/msg/detail/control_message__type_support.cpp
-- Up-to-date: /home/yangsangmin/ws/install/erp42_msgs/lib/liberp42_msgs__rosidl_typesupport_introspection_cpp.so
-- Up-to-date: /home/yangsangmin/ws/install/erp42_msgs/lib/liberp42_msgs__rosidl_typesupport_cpp.so
-- Up-to-date: /home/yangsangmin/ws/install/erp42_msgs/share/erp42_msgs/environment/pythonpath.sh
-- Up-to-date: /home/yangsangmin/ws/install/erp42_msgs/share/erp42_msgs/environment/pythonpath.dsv
-- Up-to-date: /home/yangsangmin/ws/install/erp42_msgs/local/lib/python3.10/dist-packages/erp42_msgs-0.0.0-py3.10.egg-info
-- Installing: /home/yangsangmin/ws/install/erp42_msgs/local/lib/python3.10/dist-packages/erp42_msgs-0.0.0-py3.10.egg-info/PKG-INFO
-- Installing: /home/yangsangmin/ws/install/erp42_msgs/local/lib/python3.10/dist-packages/erp42_msgs-0.0.0-py3.10.egg-info/SOURCES.txt
-- Installing: /home/yangsangmin/ws/install/erp42_msgs/local/lib/python3.10/dist-packages/erp42_msgs-0.0.0-py3.10.egg-info/top_level.txt
-- Installing: /home/yangsangmin/ws/install/erp42_msgs/local/lib/python3.10/dist-packages/erp42_msgs-0.0.0-py3.10.egg-info/dependency_links.txt
-- Up-to-date: /home/yangsangmin/ws/install/erp42_msgs/local/lib/python3.10/dist-packages/erp42_msgs
-- Up-to-date: /home/yangsangmin/ws/install/erp42_msgs/local/lib/python3.10/dist-packages/erp42_msgs/_erp42_msgs_s.ep.rosidl_typesupport_introspection_c.c
-- Up-to-date: /home/yangsangmin/ws/install/erp42_msgs/local/lib/python3.10/dist-packages/erp42_msgs/erp42_msgs_s__rosidl_typesupport_c.cpython-310-x86_64-linux-gnu.so
-- Up-to-date: /home/yangsangmin/ws/install/erp42_msgs/local/lib/python3.10/dist-packages/erp42_msgs/msg
-- Up-to-date: /home/yangsangmin/ws/install/erp42_msgs/local/lib/python3.10/dist-packages/erp42_msgs/msg/_stanley_error_s.c
-- Up-to-date: /home/yangsangmin/ws/install/erp42_msgs/local/lib/python3.10/dist-packages/erp42_msgs/msg/_control_message.py
-- Up-to-date: /home/yangsangmin/ws/install/erp42_msgs/local/lib/python3.10/dist-packages/erp42_msgs/msg/_control_message_s.c
-- Up-to-date: /home/yangsangmin/ws/install/erp42_msgs/local/lib/python3.10/dist-packages/erp42_msgs/msg/__init__.py
-- Up-to-date: /home/yangsangmin/ws/install/erp42_msgs/local/lib/python3.10/dist-packages/erp42_msgs/msg/_stanley_error.py
-- Up-to-date: /home/yangsangmin/ws/install/erp42_msgs/local/lib/python3.10/dist-packages/erp42_msgs/msg/_serial_feed_back_s.c
-- Up-to-date: /home/yangsangmin/ws/install/erp42_msgs/local/lib/python3.10/dist-packages/erp42_msgs/msg/_serial_feed_back.py
-- Up-to-date: /home/yangsangmin/ws/install/erp42_msgs/local/lib/python3.10/dist-packages/erp42_msgs/erp42_msgs_s__rosidl_typesupport_introspection_c.cpython-310-x86_64-linux-gnu.so
-- Up-to-date: /home/yangsangmin/ws/install/erp42_msgs/local/lib/python3.10/dist-packages/erp42_msgs/erp42_msgs_s__rosidl_typesupport_fastrtps_c.cpython-310-x86_64-linux-gnu.so
-- Up-to-date: /home/yangsangmin/ws/install/erp42_msgs/local/lib/python3.10/dist-packages/erp42_msgs/_erp42_msgs_s.ep.rosidl_typesupport_c.c
-- Up-to-date: /home/yangsangmin/ws/install/erp42_msgs/local/lib/python3.10/dist-packages/erp42_msgs/__init__.py
-- Up-to-date: /home/yangsangmin/ws/install/erp42_msgs/local/lib/python3.10/dist-packages/erp42_msgs/liberp42_msgs__rosidl_generator_py.so
-- Up-to-date: /home/yangsangmin/ws/install/erp42_msgs/local/lib/python3.10/dist-packages/erp42_msgs/_erp42_msgs_s.ep.rosidl_typesupport_fastrtps_c.c
Listing '/home/yangsangmin/ws/install/erp42_msgs/local/lib/python3.10/dist-packages/erp42_msgs'...
Listing '/home/yangsangmin/ws/install/erp42_msgs/local/lib/python3.10/dist-packages/erp42_msgs/msg'...
-- Up-to-date: /home/yangsangmin/ws/install/erp42_msgs/local/lib/python3.10/dist-packages/erp42_msgs/erp42_msgs_s__rosidl_typesupport_fastrtps_c.cpython-310-x86_64-linux-gnu.so
-- Up-to-date: /home/yangsangmin/ws/install/erp42_msgs/local/lib/python3.10/dist-packages/erp42_msgs/erp42_msgs_s__rosidl_typesupport_introspection_c.cpython-310-x86_64-linux-gnu.so
-- Up-to-date: /home/yangsangmin/ws/install/erp42_msgs/local/lib/python3.10/dist-packages/erp42_msgs/erp42_msgs_s__rosidl_typesupport_c.cpython-310-x86_64-linux-gnu.so
-- Up-to-date: /home/yangsangmin/ws/install/erp42_msgs/lib/liberp42_msgs__rosidl_generator_py.so
-- Up-to-date: /home/yangsangmin/ws/install/erp42_msgs/share/erp42_msgs/msg/SerialFeedBack.idl
-- Up-to-date: /home/yangsangmin/ws/install/erp42_msgs/share/erp42_msgs/msg/ControlMessage.idl
-- Up-to-date: /home/yangsangmin/ws/install/erp42_msgs/share/erp42_msgs/msg/StanleyError.idl
-- Up-to-date: /home/yangsangmin/ws/install/erp42_msgs/share/erp42_msgs/msg/SerialFeedBack.msg
-- Up-to-date: /home/yangsangmin/ws/install/erp42_msgs/share/erp42_msgs/msg/ControlMessage.msg
-- Up-to-date: /home/yangsangmin/ws/install/erp42_msgs/share/erp42_msgs/msg/StanleyError.msg
-- Up-to-date: /home/yangsangmin/ws/install/erp42_msgs/share/ament_index/resource_index/package_run_dependencies/erp42_msgs
-- Up-to-date: /home/yangsangmin/ws/install/erp42_msgs/share/ament_index/resource_index/parent_prefix_path/erp42_msgs
-- Up-to-date: /home/yangsangmin/ws/install/erp42_msgs/share/erp42_msgs/environment/ament_prefix_path.sh
-- Up-to-date: /home/yangsangmin/ws/install/erp42_msgs/share/erp42_msgs/environment/ament_prefix_path.dsv
-- Up-to-date: /home/yangsangmin/ws/install/erp42_msgs/share/erp42_msgs/environment/path.sh
-- Up-to-date: /home/yangsangmin/ws/install/erp42_msgs/share/erp42_msgs/environment/path.dsv
-- Up-to-date: /home/yangsangmin/ws/install/erp42_msgs/share/erp42_msgs/local_setup.bash
-- Up-to-date: /home/yangsangmin/ws/install/erp42_msgs/share/erp42_msgs/local_setup.sh
-- Up-to-date: /home/yangsangmin/ws/install/erp42_msgs/share/erp42_msgs/local_setup.zsh
-- Up-to-date: /home/yangsangmin/ws/install/erp42_msgs/share/erp42_msgs/local_setup.dsv
-- Installing: /home/yangsangmin/ws/install/erp42_msgs/share/erp42_msgs/package.dsv
-- Up-to-date: /home/yangsangmin/ws/install/erp42_msgs/share/ament_index/resource_index/packages/erp42_msgs
-- Up-to-date: /home/yangsangmin/ws/install/erp42_msgs/share/erp42_msgs/cmake/export_erp42_msgs__rosidl_generator_cExport.cmake
-- Up-to-date: /home/yangsangmin/ws/install/erp42_msgs/share/erp42_msgs/cmake/export_erp42_msgs__rosidl_generator_cExport-noconfig.cmake
-- Up-to-date: /home/yangsangmin/ws/install/erp42_msgs/share/erp42_msgs/cmake/export_erp42_msgs__rosidl_typesupport_fastrtps_cExport.cmake
-- Up-to-date: /home/yangsangmin/ws/install/erp42_msgs/share/erp42_msgs/cmake/export_erp42_msgs__rosidl_typesupport_fastrtps_cExport-noconfig.cmake
-- Up-to-date: /home/yangsangmin/ws/install/erp42_msgs/share/erp42_msgs/cmake/erp42_msgs__rosidl_typesupport_introspection_cExport.cmake
-- Up-to-date: /home/yangsangmin/ws/install/erp42_msgs/share/erp42_msgs/cmake/erp42_msgs__rosidl_typesupport_introspection_cExport-noconfig.cmake
-- Up-to-date: /home/yangsangmin/ws/install/erp42_msgs/share/erp42_msgs/cmake/erp42_msgs__rosidl_typesupport_cExport.cmake
-- Up-to-date: /home/yangsangmin/ws/install/erp42_msgs/share/erp42_msgs/cmake/erp42_msgs__rosidl_typesupport_cExport-noconfig.cmake
-- Up-to-date: /home/yangsangmin/ws/install/erp42_msgs/share/erp42_msgs/cmake/export_erp42_msgs__rosidl_generator_cppExport.cmake
-- Up-to-date: /home/yangsangmin/ws/install/erp42_msgs/share/erp42_msgs/cmake/export_erp42_msgs__rosidl_typesupport_fastrtps_cppExport.cmake
-- Up-to-date: /home/yangsangmin/ws/install/erp42_msgs/share/erp42_msgs/cmake/export_erp42_msgs__rosidl_typesupport_fastrtps_cppExport-noconfig.cmake
-- Up-to-date: /home/yangsangmin/ws/install/erp42_msgs/share/erp42_msgs/cmake/erp42_msgs__rosidl_typesupport_introspection_cppExport.cmake
-- Up-to-date: /home/yangsangmin/ws/install/erp42_msgs/share/erp42_msgs/cmake/erp42_msgs__rosidl_typesupport_introspection_cppExport-noconfig.cmake
-- Up-to-date: /home/yangsangmin/ws/install/erp42_msgs/share/erp42_msgs/cmake/erp42_msgs__rosidl_typesupport_cppExport.cmake
-- Up-to-date: /home/yangsangmin/ws/install/erp42_msgs/share/erp42_msgs/cmake/erp42_msgs__rosidl_typesupport_cppExport-noconfig.cmake
-- Up-to-date: /home/yangsangmin/ws/install/erp42_msgs/share/erp42_msgs/cmake/export_erp42_msgs__rosidl_generator_pyExport.cmake
-- Up-to-date: /home/yangsangmin/ws/install/erp42_msgs/share/erp42_msgs/cmake/export_erp42_msgs__rosidl_generator_pyExport-noconfig.cmake
-- Up-to-date: /home/yangsangmin/ws/install/erp42_msgs/share/erp42_msgs/cmake/rosidl_cmake-extras.cmake
-- Up-to-date: /home/yangsangmin/ws/install/erp42_msgs/share/erp42_msgs/cmake/ament_cmake_export_include_directories-extras.cmake
-- Up-to-date: /home/yangsangmin/ws/install/erp42_msgs/share/erp42_msgs/cmake/ament_cmake_export_libraries-extras.cmake
-- Up-to-date: /home/yangsangmin/ws/install/erp42_msgs/share/erp42_msgs/cmake/ament_cmake_export_targets-extras.cmake
-- Up-to-date: /home/yangsangmin/ws/install/erp42_msgs/share/erp42_msgs/cmake/rosidl_cmake_export_typesupport_targets-extras.cmake
-- Up-to-date: /home/yangsangmin/ws/install/erp42_msgs/share/erp42_msgs/cmake/ament_cmake_export_dependencies-extras.cmake
-- Up-to-date: /home/yangsangmin/ws/install/erp42_msgs/share/erp42_msgs/cmake/rosidl_cmake_export_typesupport_libraries-extras.cmake
-- Up-to-date: /home/yangsangmin/ws/install/erp42_msgs/share/erp42_msgs/cmake/erp42_msgsConfig.cmake
-- Up-to-date: /home/yangsangmin/ws/install/erp42_msgs/share/erp42_msgs/cmake/erp42_msgsConfig-version.cmake
-- Up-to-date: /home/yangsangmin/ws/install/erp42_msgs/share/erp42_msgs/package.xml
