[0.408s] Invoking command in '/home/yangsangmin/ws/src/my_robot': AMENT_PREFIX_PATH=/home/yangsangmin/ws/install/erp42_msgs:${AMENT_PREFIX_PATH} CMAKE_PREFIX_PATH=/home/yangsangmin/ws/install/erp42_msgs:${CMAKE_PREFIX_PATH} LD_LIBRARY_PATH=/home/yangsangmin/ws/install/erp42_msgs/lib:${LD_LIBRARY_PATH} PYTHONPATH=/home/yangsangmin/ws/build/my_robot/prefix_override:/usr/lib/python3/dist-packages/colcon_core/task/python/colcon_distutils_commands:/home/yangsangmin/ws/install/my_robot/lib/python3.10/site-packages:/home/yangsangmin/ws/install/erp42_msgs/local/lib/python3.10/dist-packages:${PYTHONPATH} /usr/bin/python3 -W ignore:setup.py install is deprecated -W ignore:easy_install command is deprecated setup.py egg_info --egg-base ../../build/my_robot build --build-base /home/yangsangmin/ws/build/my_robot/build install --record /home/yangsangmin/ws/build/my_robot/install.log --single-version-externally-managed install_data
[0.567s] running egg_info
[0.568s] writing ../../build/my_robot/my_robot.egg-info/PKG-INFO
[0.568s] writing dependency_links to ../../build/my_robot/my_robot.egg-info/dependency_links.txt
[0.568s] writing entry points to ../../build/my_robot/my_robot.egg-info/entry_points.txt
[0.568s] writing requirements to ../../build/my_robot/my_robot.egg-info/requires.txt
[0.568s] writing top-level names to ../../build/my_robot/my_robot.egg-info/top_level.txt
[0.569s] reading manifest file '../../build/my_robot/my_robot.egg-info/SOURCES.txt'
[0.570s] writing manifest file '../../build/my_robot/my_robot.egg-info/SOURCES.txt'
[0.570s] running build
[0.570s] running build_py
[0.570s] running install
[0.570s] running install_lib
[0.572s] running install_data
[0.572s] copying config/ekf.yaml -> /home/yangsangmin/ws/install/my_robot/share/my_robot/config
[0.572s] running install_egg_info
[0.573s] removing '/home/yangsangmin/ws/install/my_robot/lib/python3.10/site-packages/my_robot-0.0.0-py3.10.egg-info' (and everything under it)
[0.573s] Copying ../../build/my_robot/my_robot.egg-info to /home/yangsangmin/ws/install/my_robot/lib/python3.10/site-packages/my_robot-0.0.0-py3.10.egg-info
[0.574s] running install_scripts
[0.588s] Installing odom_predictor script to /home/yangsangmin/ws/install/my_robot/lib/my_robot
[0.588s] writing list of installed files to '/home/yangsangmin/ws/build/my_robot/install.log'
[0.606s] Invoked command in '/home/yangsangmin/ws/src/my_robot' returned '0': AMENT_PREFIX_PATH=/home/yangsangmin/ws/install/erp42_msgs:${AMENT_PREFIX_PATH} CMAKE_PREFIX_PATH=/home/yangsangmin/ws/install/erp42_msgs:${CMAKE_PREFIX_PATH} LD_LIBRARY_PATH=/home/yangsangmin/ws/install/erp42_msgs/lib:${LD_LIBRARY_PATH} PYTHONPATH=/home/yangsangmin/ws/build/my_robot/prefix_override:/usr/lib/python3/dist-packages/colcon_core/task/python/colcon_distutils_commands:/home/yangsangmin/ws/install/my_robot/lib/python3.10/site-packages:/home/yangsangmin/ws/install/erp42_msgs/local/lib/python3.10/dist-packages:${PYTHONPATH} /usr/bin/python3 -W ignore:setup.py install is deprecated -W ignore:easy_install command is deprecated setup.py egg_info --egg-base ../../build/my_robot build --build-base /home/yangsangmin/ws/build/my_robot/build install --record /home/yangsangmin/ws/build/my_robot/install.log --single-version-externally-managed install_data
