[0.458s] Invoking command in '/home/yangsangmin/ws/src/my_package': PYTHONPATH=/home/yangsangmin/ws/src/build/my_package/prefix_override:/usr/lib/python3/dist-packages/colcon_core/task/python/colcon_distutils_commands:/home/yangsangmin/ws/src/install/my_package/lib/python3.10/site-packages:${PYTHONPATH} /usr/bin/python3 -W ignore:setup.py install is deprecated -W ignore:easy_install command is deprecated setup.py egg_info --egg-base ../build/my_package build --build-base /home/yangsangmin/ws/src/build/my_package/build install --record /home/yangsangmin/ws/src/build/my_package/install.log --single-version-externally-managed install_data
[0.621s] running egg_info
[0.622s] creating ../build/my_package/my_package.egg-info
[0.622s] writing ../build/my_package/my_package.egg-info/PKG-INFO
[0.622s] writing dependency_links to ../build/my_package/my_package.egg-info/dependency_links.txt
[0.622s] writing entry points to ../build/my_package/my_package.egg-info/entry_points.txt
[0.622s] writing requirements to ../build/my_package/my_package.egg-info/requires.txt
[0.622s] writing top-level names to ../build/my_package/my_package.egg-info/top_level.txt
[0.622s] writing manifest file '../build/my_package/my_package.egg-info/SOURCES.txt'
[0.623s] reading manifest file '../build/my_package/my_package.egg-info/SOURCES.txt'
[0.625s] writing manifest file '../build/my_package/my_package.egg-info/SOURCES.txt'
[0.625s] running build
[0.625s] running build_py
[0.625s] creating /home/yangsangmin/ws/src/build/my_package/build
[0.625s] creating /home/yangsangmin/ws/src/build/my_package/build/lib
[0.625s] creating /home/yangsangmin/ws/src/build/my_package/build/lib/my_package
[0.625s] copying my_package/__init__.py -> /home/yangsangmin/ws/src/build/my_package/build/lib/my_package
[0.625s] copying my_package/my_node.py -> /home/yangsangmin/ws/src/build/my_package/build/lib/my_package
[0.625s] running install
[0.625s] running install_lib
[0.626s] creating /home/yangsangmin/ws/src/install/my_package/lib/python3.10/site-packages/my_package
[0.626s] copying /home/yangsangmin/ws/src/build/my_package/build/lib/my_package/__init__.py -> /home/yangsangmin/ws/src/install/my_package/lib/python3.10/site-packages/my_package
[0.626s] copying /home/yangsangmin/ws/src/build/my_package/build/lib/my_package/my_node.py -> /home/yangsangmin/ws/src/install/my_package/lib/python3.10/site-packages/my_package
[0.626s] byte-compiling /home/yangsangmin/ws/src/install/my_package/lib/python3.10/site-packages/my_package/__init__.py to __init__.cpython-310.pyc
[0.626s] byte-compiling /home/yangsangmin/ws/src/install/my_package/lib/python3.10/site-packages/my_package/my_node.py to my_node.cpython-310.pyc
[0.627s] running install_data
[0.627s] creating /home/yangsangmin/ws/src/install/my_package/share/ament_index
[0.627s] creating /home/yangsangmin/ws/src/install/my_package/share/ament_index/resource_index
[0.627s] creating /home/yangsangmin/ws/src/install/my_package/share/ament_index/resource_index/packages
[0.627s] copying resource/my_package -> /home/yangsangmin/ws/src/install/my_package/share/ament_index/resource_index/packages
[0.627s] copying package.xml -> /home/yangsangmin/ws/src/install/my_package/share/my_package
[0.627s] running install_egg_info
[0.628s] Copying ../build/my_package/my_package.egg-info to /home/yangsangmin/ws/src/install/my_package/lib/python3.10/site-packages/my_package-0.0.0-py3.10.egg-info
[0.629s] running install_scripts
[0.644s] Installing my_node script to /home/yangsangmin/ws/src/install/my_package/lib/my_package
[0.644s] writing list of installed files to '/home/yangsangmin/ws/src/build/my_package/install.log'
[0.662s] Invoked command in '/home/yangsangmin/ws/src/my_package' returned '0': PYTHONPATH=/home/yangsangmin/ws/src/build/my_package/prefix_override:/usr/lib/python3/dist-packages/colcon_core/task/python/colcon_distutils_commands:/home/yangsangmin/ws/src/install/my_package/lib/python3.10/site-packages:${PYTHONPATH} /usr/bin/python3 -W ignore:setup.py install is deprecated -W ignore:easy_install command is deprecated setup.py egg_info --egg-base ../build/my_package build --build-base /home/yangsangmin/ws/src/build/my_package/build install --record /home/yangsangmin/ws/src/build/my_package/install.log --single-version-externally-managed install_data
