[0.103s] DEBUG:colcon:Command line arguments: ['/usr/bin/colcon', 'build']
[0.103s] DEBUG:colcon:Parsed command line arguments: Namespace(log_base=None, log_level=None, verb_name='build', build_base='build', install_base='install', merge_install=False, symlink_install=False, test_result_base=None, continue_on_error=False, executor='parallel', parallel_workers=8, event_handlers=None, ignore_user_meta=False, metas=['./colcon.meta'], base_paths=['.'], packages_ignore=None, packages_ignore_regex=None, paths=None, packages_up_to=None, packages_up_to_regex=None, packages_above=None, packages_above_and_dependencies=None, packages_above_depth=None, packages_select_by_dep=None, packages_skip_by_dep=None, packages_skip_up_to=None, packages_select_build_failed=False, packages_skip_build_finished=False, packages_select_test_failures=False, packages_skip_test_passed=False, packages_select=None, packages_skip=None, packages_select_regex=None, packages_skip_regex=None, packages_start=None, packages_end=None, allow_overriding=[], cmake_args=None, cmake_target=None, cmake_target_skip_unavailable=False, cmake_clean_cache=False, cmake_clean_first=False, cmake_force_configure=False, ament_cmake_args=None, catkin_cmake_args=None, catkin_skip_building_tests=False, mixin_files=None, mixin=None, verb_parser=<colcon_mixin.mixin.mixin_argument.MixinArgumentDecorator object at 0x7dc6a2a4e290>, verb_extension=<colcon_core.verb.build.BuildVerb object at 0x7dc6a2a4dc90>, main=<bound method BuildVerb.main of <colcon_core.verb.build.BuildVerb object at 0x7dc6a2a4dc90>>, mixin_verb=('build',))
[0.314s] Level 1:colcon.colcon_core.package_discovery:discover_packages(colcon_meta) check parameters
[0.314s] Level 1:colcon.colcon_core.package_discovery:discover_packages(recursive) check parameters
[0.314s] Level 1:colcon.colcon_core.package_discovery:discover_packages(ignore) check parameters
[0.314s] Level 1:colcon.colcon_core.package_discovery:discover_packages(path) check parameters
[0.314s] Level 1:colcon.colcon_core.package_discovery:discover_packages(colcon_meta) discover
[0.314s] Level 1:colcon.colcon_core.package_discovery:discover_packages(recursive) discover
[0.314s] INFO:colcon.colcon_core.package_discovery:Crawling recursively for packages in '/home/yangsangmin/ws'
[0.314s] Level 1:colcon.colcon_core.package_identification:_identify(.) by extensions ['ignore', 'ignore_ament_install']
[0.314s] Level 1:colcon.colcon_core.package_identification:_identify(.) by extension 'ignore'
[0.314s] Level 1:colcon.colcon_core.package_identification:_identify(.) by extension 'ignore_ament_install'
[0.314s] Level 1:colcon.colcon_core.package_identification:_identify(.) by extensions ['colcon_pkg']
[0.314s] Level 1:colcon.colcon_core.package_identification:_identify(.) by extension 'colcon_pkg'
[0.314s] Level 1:colcon.colcon_core.package_identification:_identify(.) by extensions ['colcon_meta']
[0.314s] Level 1:colcon.colcon_core.package_identification:_identify(.) by extension 'colcon_meta'
[0.314s] Level 1:colcon.colcon_core.package_identification:_identify(.) by extensions ['ros']
[0.314s] Level 1:colcon.colcon_core.package_identification:_identify(.) by extension 'ros'
[0.324s] Level 1:colcon.colcon_core.package_identification:_identify(.) by extensions ['cmake', 'python']
[0.324s] Level 1:colcon.colcon_core.package_identification:_identify(.) by extension 'cmake'
[0.324s] Level 1:colcon.colcon_core.package_identification:_identify(.) by extension 'python'
[0.324s] Level 1:colcon.colcon_core.package_identification:_identify(.) by extensions ['python_setup_py']
[0.324s] Level 1:colcon.colcon_core.package_identification:_identify(.) by extension 'python_setup_py'
[0.324s] Level 1:colcon.colcon_core.package_identification:_identify(build) by extensions ['ignore', 'ignore_ament_install']
[0.324s] Level 1:colcon.colcon_core.package_identification:_identify(build) by extension 'ignore'
[0.324s] Level 1:colcon.colcon_core.package_identification:_identify(build) ignored
[0.325s] Level 1:colcon.colcon_core.package_identification:_identify(install) by extensions ['ignore', 'ignore_ament_install']
[0.325s] Level 1:colcon.colcon_core.package_identification:_identify(install) by extension 'ignore'
[0.325s] Level 1:colcon.colcon_core.package_identification:_identify(install) ignored
[0.325s] Level 1:colcon.colcon_core.package_identification:_identify(log) by extensions ['ignore', 'ignore_ament_install']
[0.325s] Level 1:colcon.colcon_core.package_identification:_identify(log) by extension 'ignore'
[0.325s] Level 1:colcon.colcon_core.package_identification:_identify(log) ignored
[0.325s] Level 1:colcon.colcon_core.package_identification:_identify(my_package) by extensions ['ignore', 'ignore_ament_install']
[0.325s] Level 1:colcon.colcon_core.package_identification:_identify(my_package) by extension 'ignore'
[0.325s] Level 1:colcon.colcon_core.package_identification:_identify(my_package) by extension 'ignore_ament_install'
[0.325s] Level 1:colcon.colcon_core.package_identification:_identify(my_package) by extensions ['colcon_pkg']
[0.325s] Level 1:colcon.colcon_core.package_identification:_identify(my_package) by extension 'colcon_pkg'
[0.325s] Level 1:colcon.colcon_core.package_identification:_identify(my_package) by extensions ['colcon_meta']
[0.325s] Level 1:colcon.colcon_core.package_identification:_identify(my_package) by extension 'colcon_meta'
[0.325s] Level 1:colcon.colcon_core.package_identification:_identify(my_package) by extensions ['ros']
[0.325s] Level 1:colcon.colcon_core.package_identification:_identify(my_package) by extension 'ros'
[0.325s] Level 1:colcon.colcon_core.package_identification:_identify(my_package) by extensions ['cmake', 'python']
[0.325s] Level 1:colcon.colcon_core.package_identification:_identify(my_package) by extension 'cmake'
[0.325s] Level 1:colcon.colcon_core.package_identification:_identify(my_package) by extension 'python'
[0.325s] Level 1:colcon.colcon_core.package_identification:_identify(my_package) by extensions ['python_setup_py']
[0.325s] Level 1:colcon.colcon_core.package_identification:_identify(my_package) by extension 'python_setup_py'
[0.325s] Level 1:colcon.colcon_core.package_identification:_identify(src) by extensions ['ignore', 'ignore_ament_install']
[0.325s] Level 1:colcon.colcon_core.package_identification:_identify(src) by extension 'ignore'
[0.325s] Level 1:colcon.colcon_core.package_identification:_identify(src) by extension 'ignore_ament_install'
[0.325s] Level 1:colcon.colcon_core.package_identification:_identify(src) by extensions ['colcon_pkg']
[0.325s] Level 1:colcon.colcon_core.package_identification:_identify(src) by extension 'colcon_pkg'
[0.325s] Level 1:colcon.colcon_core.package_identification:_identify(src) by extensions ['colcon_meta']
[0.325s] Level 1:colcon.colcon_core.package_identification:_identify(src) by extension 'colcon_meta'
[0.326s] Level 1:colcon.colcon_core.package_identification:_identify(src) by extensions ['ros']
[0.326s] Level 1:colcon.colcon_core.package_identification:_identify(src) by extension 'ros'
[0.326s] Level 1:colcon.colcon_core.package_identification:_identify(src) by extensions ['cmake', 'python']
[0.326s] Level 1:colcon.colcon_core.package_identification:_identify(src) by extension 'cmake'
[0.326s] Level 1:colcon.colcon_core.package_identification:_identify(src) by extension 'python'
[0.326s] Level 1:colcon.colcon_core.package_identification:_identify(src) by extensions ['python_setup_py']
[0.326s] Level 1:colcon.colcon_core.package_identification:_identify(src) by extension 'python_setup_py'
[0.326s] Level 1:colcon.colcon_core.package_identification:_identify(src/build) by extensions ['ignore', 'ignore_ament_install']
[0.326s] Level 1:colcon.colcon_core.package_identification:_identify(src/build) by extension 'ignore'
[0.326s] Level 1:colcon.colcon_core.package_identification:_identify(src/build) ignored
[0.326s] Level 1:colcon.colcon_core.package_identification:_identify(src/erp42_msgs) by extensions ['ignore', 'ignore_ament_install']
[0.326s] Level 1:colcon.colcon_core.package_identification:_identify(src/erp42_msgs) by extension 'ignore'
[0.326s] Level 1:colcon.colcon_core.package_identification:_identify(src/erp42_msgs) by extension 'ignore_ament_install'
[0.326s] Level 1:colcon.colcon_core.package_identification:_identify(src/erp42_msgs) by extensions ['colcon_pkg']
[0.326s] Level 1:colcon.colcon_core.package_identification:_identify(src/erp42_msgs) by extension 'colcon_pkg'
[0.326s] Level 1:colcon.colcon_core.package_identification:_identify(src/erp42_msgs) by extensions ['colcon_meta']
[0.326s] Level 1:colcon.colcon_core.package_identification:_identify(src/erp42_msgs) by extension 'colcon_meta'
[0.326s] Level 1:colcon.colcon_core.package_identification:_identify(src/erp42_msgs) by extensions ['ros']
[0.326s] Level 1:colcon.colcon_core.package_identification:_identify(src/erp42_msgs) by extension 'ros'
[0.330s] DEBUG:colcon.colcon_core.package_identification:Package 'src/erp42_msgs' with type 'ros.ament_cmake' and name 'erp42_msgs'
[0.330s] Level 1:colcon.colcon_core.package_identification:_identify(src/install) by extensions ['ignore', 'ignore_ament_install']
[0.330s] Level 1:colcon.colcon_core.package_identification:_identify(src/install) by extension 'ignore'
[0.330s] Level 1:colcon.colcon_core.package_identification:_identify(src/install) ignored
[0.330s] Level 1:colcon.colcon_core.package_identification:_identify(src/log) by extensions ['ignore', 'ignore_ament_install']
[0.330s] Level 1:colcon.colcon_core.package_identification:_identify(src/log) by extension 'ignore'
[0.330s] Level 1:colcon.colcon_core.package_identification:_identify(src/log) ignored
[0.330s] Level 1:colcon.colcon_core.package_identification:_identify(src/my_package) by extensions ['ignore', 'ignore_ament_install']
[0.330s] Level 1:colcon.colcon_core.package_identification:_identify(src/my_package) by extension 'ignore'
[0.330s] Level 1:colcon.colcon_core.package_identification:_identify(src/my_package) by extension 'ignore_ament_install'
[0.330s] Level 1:colcon.colcon_core.package_identification:_identify(src/my_package) by extensions ['colcon_pkg']
[0.330s] Level 1:colcon.colcon_core.package_identification:_identify(src/my_package) by extension 'colcon_pkg'
[0.330s] Level 1:colcon.colcon_core.package_identification:_identify(src/my_package) by extensions ['colcon_meta']
[0.330s] Level 1:colcon.colcon_core.package_identification:_identify(src/my_package) by extension 'colcon_meta'
[0.330s] Level 1:colcon.colcon_core.package_identification:_identify(src/my_package) by extensions ['ros']
[0.330s] Level 1:colcon.colcon_core.package_identification:_identify(src/my_package) by extension 'ros'
[0.331s] DEBUG:colcon.colcon_core.package_identification:Package 'src/my_package' with type 'ros.ament_python' and name 'my_package'
[0.331s] Level 1:colcon.colcon_core.package_identification:_identify(src/my_robot) by extensions ['ignore', 'ignore_ament_install']
[0.331s] Level 1:colcon.colcon_core.package_identification:_identify(src/my_robot) by extension 'ignore'
[0.331s] Level 1:colcon.colcon_core.package_identification:_identify(src/my_robot) by extension 'ignore_ament_install'
[0.331s] Level 1:colcon.colcon_core.package_identification:_identify(src/my_robot) by extensions ['colcon_pkg']
[0.331s] Level 1:colcon.colcon_core.package_identification:_identify(src/my_robot) by extension 'colcon_pkg'
[0.331s] Level 1:colcon.colcon_core.package_identification:_identify(src/my_robot) by extensions ['colcon_meta']
[0.331s] Level 1:colcon.colcon_core.package_identification:_identify(src/my_robot) by extension 'colcon_meta'
[0.331s] Level 1:colcon.colcon_core.package_identification:_identify(src/my_robot) by extensions ['ros']
[0.331s] Level 1:colcon.colcon_core.package_identification:_identify(src/my_robot) by extension 'ros'
[0.332s] DEBUG:colcon.colcon_core.package_identification:Package 'src/my_robot' with type 'ros.ament_python' and name 'my_robot'
[0.332s] Level 1:colcon.colcon_core.package_discovery:discover_packages(recursive) using defaults
[0.332s] Level 1:colcon.colcon_core.package_discovery:discover_packages(ignore) discover
[0.332s] Level 1:colcon.colcon_core.package_discovery:discover_packages(ignore) using defaults
[0.332s] Level 1:colcon.colcon_core.package_discovery:discover_packages(path) discover
[0.332s] Level 1:colcon.colcon_core.package_discovery:discover_packages(path) using defaults
[0.359s] Level 1:colcon.colcon_core.package_discovery:discover_packages(prefix_path) check parameters
[0.359s] Level 1:colcon.colcon_core.package_discovery:discover_packages(prefix_path) discover
[0.362s] DEBUG:colcon.colcon_installed_package_information.package_discovery:Found 1 installed packages in /home/yangsangmin/ws/install
[0.363s] DEBUG:colcon.colcon_installed_package_information.package_discovery:Found 2 installed packages in /home/yangsangmin/install
[0.364s] DEBUG:colcon.colcon_installed_package_information.package_discovery:Found 275 installed packages in /opt/ros/humble
[0.364s] Level 1:colcon.colcon_core.package_discovery:discover_packages(prefix_path) using defaults
[0.389s] Level 5:colcon.colcon_core.verb:set package 'erp42_msgs' build argument 'cmake_args' from command line to 'None'
[0.389s] Level 5:colcon.colcon_core.verb:set package 'erp42_msgs' build argument 'cmake_target' from command line to 'None'
[0.389s] Level 5:colcon.colcon_core.verb:set package 'erp42_msgs' build argument 'cmake_target_skip_unavailable' from command line to 'False'
[0.389s] Level 5:colcon.colcon_core.verb:set package 'erp42_msgs' build argument 'cmake_clean_cache' from command line to 'False'
[0.389s] Level 5:colcon.colcon_core.verb:set package 'erp42_msgs' build argument 'cmake_clean_first' from command line to 'False'
[0.389s] Level 5:colcon.colcon_core.verb:set package 'erp42_msgs' build argument 'cmake_force_configure' from command line to 'False'
[0.389s] Level 5:colcon.colcon_core.verb:set package 'erp42_msgs' build argument 'ament_cmake_args' from command line to 'None'
[0.389s] Level 5:colcon.colcon_core.verb:set package 'erp42_msgs' build argument 'catkin_cmake_args' from command line to 'None'
[0.389s] Level 5:colcon.colcon_core.verb:set package 'erp42_msgs' build argument 'catkin_skip_building_tests' from command line to 'False'
[0.389s] DEBUG:colcon.colcon_core.verb:Building package 'erp42_msgs' with the following arguments: {'ament_cmake_args': None, 'build_base': '/home/yangsangmin/ws/build/erp42_msgs', 'catkin_cmake_args': None, 'catkin_skip_building_tests': False, 'cmake_args': None, 'cmake_clean_cache': False, 'cmake_clean_first': False, 'cmake_force_configure': False, 'cmake_target': None, 'cmake_target_skip_unavailable': False, 'install_base': '/home/yangsangmin/ws/install/erp42_msgs', 'merge_install': False, 'path': '/home/yangsangmin/ws/src/erp42_msgs', 'symlink_install': False, 'test_result_base': None}
[0.389s] Level 5:colcon.colcon_core.verb:set package 'my_package' build argument 'cmake_args' from command line to 'None'
[0.389s] Level 5:colcon.colcon_core.verb:set package 'my_package' build argument 'cmake_target' from command line to 'None'
[0.389s] Level 5:colcon.colcon_core.verb:set package 'my_package' build argument 'cmake_target_skip_unavailable' from command line to 'False'
[0.389s] Level 5:colcon.colcon_core.verb:set package 'my_package' build argument 'cmake_clean_cache' from command line to 'False'
[0.389s] Level 5:colcon.colcon_core.verb:set package 'my_package' build argument 'cmake_clean_first' from command line to 'False'
[0.389s] Level 5:colcon.colcon_core.verb:set package 'my_package' build argument 'cmake_force_configure' from command line to 'False'
[0.389s] Level 5:colcon.colcon_core.verb:set package 'my_package' build argument 'ament_cmake_args' from command line to 'None'
[0.389s] Level 5:colcon.colcon_core.verb:set package 'my_package' build argument 'catkin_cmake_args' from command line to 'None'
[0.390s] Level 5:colcon.colcon_core.verb:set package 'my_package' build argument 'catkin_skip_building_tests' from command line to 'False'
[0.390s] DEBUG:colcon.colcon_core.verb:Building package 'my_package' with the following arguments: {'ament_cmake_args': None, 'build_base': '/home/yangsangmin/ws/build/my_package', 'catkin_cmake_args': None, 'catkin_skip_building_tests': False, 'cmake_args': None, 'cmake_clean_cache': False, 'cmake_clean_first': False, 'cmake_force_configure': False, 'cmake_target': None, 'cmake_target_skip_unavailable': False, 'install_base': '/home/yangsangmin/ws/install/my_package', 'merge_install': False, 'path': '/home/yangsangmin/ws/src/my_package', 'symlink_install': False, 'test_result_base': None}
[0.390s] Level 5:colcon.colcon_core.verb:set package 'my_robot' build argument 'cmake_args' from command line to 'None'
[0.390s] Level 5:colcon.colcon_core.verb:set package 'my_robot' build argument 'cmake_target' from command line to 'None'
[0.390s] Level 5:colcon.colcon_core.verb:set package 'my_robot' build argument 'cmake_target_skip_unavailable' from command line to 'False'
[0.390s] Level 5:colcon.colcon_core.verb:set package 'my_robot' build argument 'cmake_clean_cache' from command line to 'False'
[0.390s] Level 5:colcon.colcon_core.verb:set package 'my_robot' build argument 'cmake_clean_first' from command line to 'False'
[0.390s] Level 5:colcon.colcon_core.verb:set package 'my_robot' build argument 'cmake_force_configure' from command line to 'False'
[0.390s] Level 5:colcon.colcon_core.verb:set package 'my_robot' build argument 'ament_cmake_args' from command line to 'None'
[0.390s] Level 5:colcon.colcon_core.verb:set package 'my_robot' build argument 'catkin_cmake_args' from command line to 'None'
[0.390s] Level 5:colcon.colcon_core.verb:set package 'my_robot' build argument 'catkin_skip_building_tests' from command line to 'False'
[0.390s] DEBUG:colcon.colcon_core.verb:Building package 'my_robot' with the following arguments: {'ament_cmake_args': None, 'build_base': '/home/yangsangmin/ws/build/my_robot', 'catkin_cmake_args': None, 'catkin_skip_building_tests': False, 'cmake_args': None, 'cmake_clean_cache': False, 'cmake_clean_first': False, 'cmake_force_configure': False, 'cmake_target': None, 'cmake_target_skip_unavailable': False, 'install_base': '/home/yangsangmin/ws/install/my_robot', 'merge_install': False, 'path': '/home/yangsangmin/ws/src/my_robot', 'symlink_install': False, 'test_result_base': None}
[0.390s] INFO:colcon.colcon_core.executor:Executing jobs using 'parallel' executor
[0.391s] DEBUG:colcon.colcon_parallel_executor.executor.parallel:run_until_complete
[0.391s] INFO:colcon.colcon_ros.task.ament_cmake.build:Building ROS package in '/home/yangsangmin/ws/src/erp42_msgs' with build type 'ament_cmake'
[0.391s] INFO:colcon.colcon_cmake.task.cmake.build:Building CMake package in '/home/yangsangmin/ws/src/erp42_msgs'
[0.395s] INFO:colcon.colcon_core.plugin_system:Skipping extension 'colcon_core.shell.bat': Not used on non-Windows systems
[0.395s] INFO:colcon.colcon_core.shell:Skip shell extension 'powershell' for command environment: Not usable outside of PowerShell
[0.395s] DEBUG:colcon.colcon_core.shell:Skip shell extension 'dsv' for command environment
[0.398s] INFO:colcon.colcon_ros.task.ament_python.build:Building ROS package in '/home/yangsangmin/ws/src/my_package' with build type 'ament_python'
[0.398s] Level 1:colcon.colcon_core.shell:create_environment_hook('my_package', 'ament_prefix_path')
[0.398s] INFO:colcon.colcon_core.shell:Creating environment hook '/home/yangsangmin/ws/install/my_package/share/my_package/hook/ament_prefix_path.ps1'
[0.399s] INFO:colcon.colcon_core.shell:Creating environment descriptor '/home/yangsangmin/ws/install/my_package/share/my_package/hook/ament_prefix_path.dsv'
[0.399s] INFO:colcon.colcon_core.shell:Creating environment hook '/home/yangsangmin/ws/install/my_package/share/my_package/hook/ament_prefix_path.sh'
[0.400s] INFO:colcon.colcon_core.shell:Skip shell extension 'powershell' for command environment: Not usable outside of PowerShell
[0.400s] DEBUG:colcon.colcon_core.shell:Skip shell extension 'dsv' for command environment
[0.404s] DEBUG:colcon.colcon_core.event_handler.log_command:Invoking command in '/home/yangsangmin/ws/build/erp42_msgs': CMAKE_PREFIX_PATH=${CMAKE_PREFIX_PATH}:/home/yangsangmin/ws/install/my_robot:/home/yangsangmin/install/my_package:/opt/ros/humble /usr/bin/cmake /home/yangsangmin/ws/src/erp42_msgs -DCMAKE_INSTALL_PREFIX=/home/yangsangmin/ws/install/erp42_msgs
[0.592s] INFO:colcon.colcon_core.task.python.build:Building Python package in '/home/yangsangmin/ws/src/my_package'
[0.593s] INFO:colcon.colcon_core.shell:Skip shell extension 'powershell' for command environment: Not usable outside of PowerShell
[0.593s] DEBUG:colcon.colcon_core.shell:Skip shell extension 'dsv' for command environment
[0.868s] DEBUG:colcon.colcon_core.event_handler.log_command:Invoking command in '/home/yangsangmin/ws/src/my_package': PYTHONPATH=/home/yangsangmin/ws/build/my_package/prefix_override:/usr/lib/python3/dist-packages/colcon_core/task/python/colcon_distutils_commands:/home/yangsangmin/ws/install/my_package/lib/python3.10/site-packages:${PYTHONPATH} /usr/bin/python3 -W ignore:setup.py install is deprecated -W ignore:easy_install command is deprecated setup.py egg_info --egg-base ../../build/my_package build --build-base /home/yangsangmin/ws/build/my_package/build install --record /home/yangsangmin/ws/build/my_package/install.log --single-version-externally-managed install_data
[1.074s] DEBUG:colcon.colcon_core.event_handler.log_command:Invoked command in '/home/yangsangmin/ws/src/my_package' returned '0': PYTHONPATH=/home/yangsangmin/ws/build/my_package/prefix_override:/usr/lib/python3/dist-packages/colcon_core/task/python/colcon_distutils_commands:/home/yangsangmin/ws/install/my_package/lib/python3.10/site-packages:${PYTHONPATH} /usr/bin/python3 -W ignore:setup.py install is deprecated -W ignore:easy_install command is deprecated setup.py egg_info --egg-base ../../build/my_package build --build-base /home/yangsangmin/ws/build/my_package/build install --record /home/yangsangmin/ws/build/my_package/install.log --single-version-externally-managed install_data
[1.078s] Level 1:colcon.colcon_core.environment:checking '/home/yangsangmin/ws/install/my_package' for CMake module files
[1.078s] Level 1:colcon.colcon_core.environment:checking '/home/yangsangmin/ws/install/my_package' for CMake config files
[1.078s] Level 1:colcon.colcon_core.environment:checking '/home/yangsangmin/ws/install/my_package/lib'
[1.079s] Level 1:colcon.colcon_core.environment:checking '/home/yangsangmin/ws/install/my_package/bin'
[1.079s] Level 1:colcon.colcon_core.environment:checking '/home/yangsangmin/ws/install/my_package/lib/pkgconfig/my_package.pc'
[1.079s] Level 1:colcon.colcon_core.environment:checking '/home/yangsangmin/ws/install/my_package/lib/python3.10/site-packages'
[1.079s] Level 1:colcon.colcon_core.shell:create_environment_hook('my_package', 'pythonpath')
[1.079s] INFO:colcon.colcon_core.shell:Creating environment hook '/home/yangsangmin/ws/install/my_package/share/my_package/hook/pythonpath.ps1'
[1.079s] INFO:colcon.colcon_core.shell:Creating environment descriptor '/home/yangsangmin/ws/install/my_package/share/my_package/hook/pythonpath.dsv'
[1.080s] INFO:colcon.colcon_core.shell:Creating environment hook '/home/yangsangmin/ws/install/my_package/share/my_package/hook/pythonpath.sh'
[1.080s] Level 1:colcon.colcon_core.environment:checking '/home/yangsangmin/ws/install/my_package/bin'
[1.080s] Level 1:colcon.colcon_core.environment:create_environment_scripts_only(my_package)
[1.080s] INFO:colcon.colcon_core.shell:Creating package script '/home/yangsangmin/ws/install/my_package/share/my_package/package.ps1'
[1.081s] INFO:colcon.colcon_core.shell:Creating package descriptor '/home/yangsangmin/ws/install/my_package/share/my_package/package.dsv'
[1.082s] INFO:colcon.colcon_core.shell:Creating package script '/home/yangsangmin/ws/install/my_package/share/my_package/package.sh'
[1.083s] INFO:colcon.colcon_core.shell:Creating package script '/home/yangsangmin/ws/install/my_package/share/my_package/package.bash'
[1.083s] INFO:colcon.colcon_core.shell:Creating package script '/home/yangsangmin/ws/install/my_package/share/my_package/package.zsh'
[1.084s] Level 1:colcon.colcon_core.environment:create_file_with_runtime_dependencies(/home/yangsangmin/ws/install/my_package/share/colcon-core/packages/my_package)
[1.701s] DEBUG:colcon.colcon_core.event_handler.log_command:Invoked command in '/home/yangsangmin/ws/build/erp42_msgs' returned '0': CMAKE_PREFIX_PATH=${CMAKE_PREFIX_PATH}:/home/yangsangmin/ws/install/my_robot:/home/yangsangmin/install/my_package:/opt/ros/humble /usr/bin/cmake /home/yangsangmin/ws/src/erp42_msgs -DCMAKE_INSTALL_PREFIX=/home/yangsangmin/ws/install/erp42_msgs
[1.701s] DEBUG:colcon.colcon_core.event_handler.log_command:Invoking command in '/home/yangsangmin/ws/build/erp42_msgs': CMAKE_PREFIX_PATH=${CMAKE_PREFIX_PATH}:/home/yangsangmin/ws/install/my_robot:/home/yangsangmin/install/my_package:/opt/ros/humble /usr/bin/cmake --build /home/yangsangmin/ws/build/erp42_msgs -- -j8 -l8
[4.032s] DEBUG:colcon.colcon_core.event_handler.log_command:Invoked command in '/home/yangsangmin/ws/build/erp42_msgs' returned '0': CMAKE_PREFIX_PATH=${CMAKE_PREFIX_PATH}:/home/yangsangmin/ws/install/my_robot:/home/yangsangmin/install/my_package:/opt/ros/humble /usr/bin/cmake --build /home/yangsangmin/ws/build/erp42_msgs -- -j8 -l8
[4.040s] DEBUG:colcon.colcon_core.event_handler.log_command:Invoking command in '/home/yangsangmin/ws/build/erp42_msgs': CMAKE_PREFIX_PATH=${CMAKE_PREFIX_PATH}:/home/yangsangmin/ws/install/my_robot:/home/yangsangmin/install/my_package:/opt/ros/humble /usr/bin/cmake --install /home/yangsangmin/ws/build/erp42_msgs
[4.095s] Level 1:colcon.colcon_core.environment:create_environment_scripts_only(erp42_msgs)
[4.095s] Level 1:colcon.colcon_core.environment:checking '/home/yangsangmin/ws/install/erp42_msgs' for CMake module files
[4.096s] DEBUG:colcon.colcon_core.event_handler.log_command:Invoked command in '/home/yangsangmin/ws/build/erp42_msgs' returned '0': CMAKE_PREFIX_PATH=${CMAKE_PREFIX_PATH}:/home/yangsangmin/ws/install/my_robot:/home/yangsangmin/install/my_package:/opt/ros/humble /usr/bin/cmake --install /home/yangsangmin/ws/build/erp42_msgs
[4.096s] Level 1:colcon.colcon_core.environment:checking '/home/yangsangmin/ws/install/erp42_msgs' for CMake config files
[4.096s] Level 1:colcon.colcon_core.shell:create_environment_hook('erp42_msgs', 'cmake_prefix_path')
[4.096s] INFO:colcon.colcon_core.shell:Creating environment hook '/home/yangsangmin/ws/install/erp42_msgs/share/erp42_msgs/hook/cmake_prefix_path.ps1'
[4.097s] INFO:colcon.colcon_core.shell:Creating environment descriptor '/home/yangsangmin/ws/install/erp42_msgs/share/erp42_msgs/hook/cmake_prefix_path.dsv'
[4.097s] INFO:colcon.colcon_core.shell:Creating environment hook '/home/yangsangmin/ws/install/erp42_msgs/share/erp42_msgs/hook/cmake_prefix_path.sh'
[4.097s] Level 1:colcon.colcon_core.environment:checking '/home/yangsangmin/ws/install/erp42_msgs/lib'
[4.098s] Level 1:colcon.colcon_core.shell:create_environment_hook('erp42_msgs', 'ld_library_path_lib')
[4.098s] INFO:colcon.colcon_core.shell:Creating environment hook '/home/yangsangmin/ws/install/erp42_msgs/share/erp42_msgs/hook/ld_library_path_lib.ps1'
[4.098s] INFO:colcon.colcon_core.shell:Creating environment descriptor '/home/yangsangmin/ws/install/erp42_msgs/share/erp42_msgs/hook/ld_library_path_lib.dsv'
[4.098s] INFO:colcon.colcon_core.shell:Creating environment hook '/home/yangsangmin/ws/install/erp42_msgs/share/erp42_msgs/hook/ld_library_path_lib.sh'
[4.098s] Level 1:colcon.colcon_core.environment:checking '/home/yangsangmin/ws/install/erp42_msgs/bin'
[4.098s] Level 1:colcon.colcon_core.environment:checking '/home/yangsangmin/ws/install/erp42_msgs/lib/pkgconfig/erp42_msgs.pc'
[4.099s] Level 1:colcon.colcon_core.environment:checking '/home/yangsangmin/ws/install/erp42_msgs/lib/python3.10/site-packages'
[4.099s] Level 1:colcon.colcon_core.environment:checking '/home/yangsangmin/ws/install/erp42_msgs/bin'
[4.099s] INFO:colcon.colcon_core.shell:Creating package script '/home/yangsangmin/ws/install/erp42_msgs/share/erp42_msgs/package.ps1'
[4.099s] INFO:colcon.colcon_core.shell:Creating package descriptor '/home/yangsangmin/ws/install/erp42_msgs/share/erp42_msgs/package.dsv'
[4.100s] INFO:colcon.colcon_core.shell:Creating package script '/home/yangsangmin/ws/install/erp42_msgs/share/erp42_msgs/package.sh'
[4.100s] INFO:colcon.colcon_core.shell:Creating package script '/home/yangsangmin/ws/install/erp42_msgs/share/erp42_msgs/package.bash'
[4.100s] INFO:colcon.colcon_core.shell:Creating package script '/home/yangsangmin/ws/install/erp42_msgs/share/erp42_msgs/package.zsh'
[4.100s] Level 1:colcon.colcon_core.environment:create_file_with_runtime_dependencies(/home/yangsangmin/ws/install/erp42_msgs/share/colcon-core/packages/erp42_msgs)
[4.101s] Level 1:colcon.colcon_core.environment:create_environment_scripts_only(erp42_msgs)
[4.101s] Level 1:colcon.colcon_core.environment:checking '/home/yangsangmin/ws/install/erp42_msgs' for CMake module files
[4.101s] Level 1:colcon.colcon_core.environment:checking '/home/yangsangmin/ws/install/erp42_msgs' for CMake config files
[4.101s] Level 1:colcon.colcon_core.shell:create_environment_hook('erp42_msgs', 'cmake_prefix_path')
[4.101s] INFO:colcon.colcon_core.shell:Creating environment hook '/home/yangsangmin/ws/install/erp42_msgs/share/erp42_msgs/hook/cmake_prefix_path.ps1'
[4.102s] INFO:colcon.colcon_core.shell:Creating environment descriptor '/home/yangsangmin/ws/install/erp42_msgs/share/erp42_msgs/hook/cmake_prefix_path.dsv'
[4.102s] INFO:colcon.colcon_core.shell:Creating environment hook '/home/yangsangmin/ws/install/erp42_msgs/share/erp42_msgs/hook/cmake_prefix_path.sh'
[4.102s] Level 1:colcon.colcon_core.environment:checking '/home/yangsangmin/ws/install/erp42_msgs/lib'
[4.102s] Level 1:colcon.colcon_core.shell:create_environment_hook('erp42_msgs', 'ld_library_path_lib')
[4.102s] INFO:colcon.colcon_core.shell:Creating environment hook '/home/yangsangmin/ws/install/erp42_msgs/share/erp42_msgs/hook/ld_library_path_lib.ps1'
[4.103s] INFO:colcon.colcon_core.shell:Creating environment descriptor '/home/yangsangmin/ws/install/erp42_msgs/share/erp42_msgs/hook/ld_library_path_lib.dsv'
[4.103s] INFO:colcon.colcon_core.shell:Creating environment hook '/home/yangsangmin/ws/install/erp42_msgs/share/erp42_msgs/hook/ld_library_path_lib.sh'
[4.103s] Level 1:colcon.colcon_core.environment:checking '/home/yangsangmin/ws/install/erp42_msgs/bin'
[4.103s] Level 1:colcon.colcon_core.environment:checking '/home/yangsangmin/ws/install/erp42_msgs/lib/pkgconfig/erp42_msgs.pc'
[4.103s] Level 1:colcon.colcon_core.environment:checking '/home/yangsangmin/ws/install/erp42_msgs/lib/python3.10/site-packages'
[4.104s] Level 1:colcon.colcon_core.environment:checking '/home/yangsangmin/ws/install/erp42_msgs/bin'
[4.104s] INFO:colcon.colcon_core.shell:Creating package script '/home/yangsangmin/ws/install/erp42_msgs/share/erp42_msgs/package.ps1'
[4.104s] INFO:colcon.colcon_core.shell:Creating package descriptor '/home/yangsangmin/ws/install/erp42_msgs/share/erp42_msgs/package.dsv'
[4.104s] INFO:colcon.colcon_core.shell:Creating package script '/home/yangsangmin/ws/install/erp42_msgs/share/erp42_msgs/package.sh'
[4.105s] INFO:colcon.colcon_core.shell:Creating package script '/home/yangsangmin/ws/install/erp42_msgs/share/erp42_msgs/package.bash'
[4.105s] INFO:colcon.colcon_core.shell:Creating package script '/home/yangsangmin/ws/install/erp42_msgs/share/erp42_msgs/package.zsh'
[4.105s] Level 1:colcon.colcon_core.environment:create_file_with_runtime_dependencies(/home/yangsangmin/ws/install/erp42_msgs/share/colcon-core/packages/erp42_msgs)
[4.105s] INFO:colcon.colcon_ros.task.ament_python.build:Building ROS package in '/home/yangsangmin/ws/src/my_robot' with build type 'ament_python'
[4.106s] Level 1:colcon.colcon_core.shell:create_environment_hook('my_robot', 'ament_prefix_path')
[4.106s] INFO:colcon.colcon_core.shell:Creating environment hook '/home/yangsangmin/ws/install/my_robot/share/my_robot/hook/ament_prefix_path.ps1'
[4.106s] INFO:colcon.colcon_core.shell:Creating environment descriptor '/home/yangsangmin/ws/install/my_robot/share/my_robot/hook/ament_prefix_path.dsv'
[4.106s] INFO:colcon.colcon_core.shell:Creating environment hook '/home/yangsangmin/ws/install/my_robot/share/my_robot/hook/ament_prefix_path.sh'
[4.107s] INFO:colcon.colcon_core.shell:Skip shell extension 'powershell' for command environment: Not usable outside of PowerShell
[4.107s] DEBUG:colcon.colcon_core.shell:Skip shell extension 'dsv' for command environment
[4.279s] INFO:colcon.colcon_core.task.python.build:Building Python package in '/home/yangsangmin/ws/src/my_robot'
[4.280s] INFO:colcon.colcon_core.shell:Skip shell extension 'powershell' for command environment: Not usable outside of PowerShell
[4.280s] DEBUG:colcon.colcon_core.shell:Skip shell extension 'dsv' for command environment
[4.498s] DEBUG:colcon.colcon_core.event_handler.log_command:Invoking command in '/home/yangsangmin/ws/src/my_robot': AMENT_PREFIX_PATH=/home/yangsangmin/ws/install/erp42_msgs:${AMENT_PREFIX_PATH} CMAKE_PREFIX_PATH=/home/yangsangmin/ws/install/erp42_msgs:${CMAKE_PREFIX_PATH} LD_LIBRARY_PATH=/home/yangsangmin/ws/install/erp42_msgs/lib:${LD_LIBRARY_PATH} PYTHONPATH=/home/yangsangmin/ws/build/my_robot/prefix_override:/usr/lib/python3/dist-packages/colcon_core/task/python/colcon_distutils_commands:/home/yangsangmin/ws/install/my_robot/lib/python3.10/site-packages:/home/yangsangmin/ws/install/erp42_msgs/local/lib/python3.10/dist-packages:${PYTHONPATH} /usr/bin/python3 -W ignore:setup.py install is deprecated -W ignore:easy_install command is deprecated setup.py egg_info --egg-base ../../build/my_robot build --build-base /home/yangsangmin/ws/build/my_robot/build install --record /home/yangsangmin/ws/build/my_robot/install.log --single-version-externally-managed install_data
[4.691s] Level 1:colcon.colcon_core.environment:checking '/home/yangsangmin/ws/install/my_robot' for CMake module files
[4.691s] DEBUG:colcon.colcon_core.event_handler.log_command:Invoked command in '/home/yangsangmin/ws/src/my_robot' returned '0': AMENT_PREFIX_PATH=/home/yangsangmin/ws/install/erp42_msgs:${AMENT_PREFIX_PATH} CMAKE_PREFIX_PATH=/home/yangsangmin/ws/install/erp42_msgs:${CMAKE_PREFIX_PATH} LD_LIBRARY_PATH=/home/yangsangmin/ws/install/erp42_msgs/lib:${LD_LIBRARY_PATH} PYTHONPATH=/home/yangsangmin/ws/build/my_robot/prefix_override:/usr/lib/python3/dist-packages/colcon_core/task/python/colcon_distutils_commands:/home/yangsangmin/ws/install/my_robot/lib/python3.10/site-packages:/home/yangsangmin/ws/install/erp42_msgs/local/lib/python3.10/dist-packages:${PYTHONPATH} /usr/bin/python3 -W ignore:setup.py install is deprecated -W ignore:easy_install command is deprecated setup.py egg_info --egg-base ../../build/my_robot build --build-base /home/yangsangmin/ws/build/my_robot/build install --record /home/yangsangmin/ws/build/my_robot/install.log --single-version-externally-managed install_data
[4.692s] Level 1:colcon.colcon_core.environment:checking '/home/yangsangmin/ws/install/my_robot' for CMake config files
[4.692s] Level 1:colcon.colcon_core.environment:checking '/home/yangsangmin/ws/install/my_robot/lib'
[4.692s] Level 1:colcon.colcon_core.environment:checking '/home/yangsangmin/ws/install/my_robot/bin'
[4.692s] Level 1:colcon.colcon_core.environment:checking '/home/yangsangmin/ws/install/my_robot/lib/pkgconfig/my_robot.pc'
[4.692s] Level 1:colcon.colcon_core.environment:checking '/home/yangsangmin/ws/install/my_robot/lib/python3.10/site-packages'
[4.692s] Level 1:colcon.colcon_core.shell:create_environment_hook('my_robot', 'pythonpath')
[4.693s] INFO:colcon.colcon_core.shell:Creating environment hook '/home/yangsangmin/ws/install/my_robot/share/my_robot/hook/pythonpath.ps1'
[4.693s] INFO:colcon.colcon_core.shell:Creating environment descriptor '/home/yangsangmin/ws/install/my_robot/share/my_robot/hook/pythonpath.dsv'
[4.693s] INFO:colcon.colcon_core.shell:Creating environment hook '/home/yangsangmin/ws/install/my_robot/share/my_robot/hook/pythonpath.sh'
[4.694s] Level 1:colcon.colcon_core.environment:checking '/home/yangsangmin/ws/install/my_robot/bin'
[4.694s] Level 1:colcon.colcon_core.environment:create_environment_scripts_only(my_robot)
[4.694s] INFO:colcon.colcon_core.shell:Creating package script '/home/yangsangmin/ws/install/my_robot/share/my_robot/package.ps1'
[4.695s] INFO:colcon.colcon_core.shell:Creating package descriptor '/home/yangsangmin/ws/install/my_robot/share/my_robot/package.dsv'
[4.695s] INFO:colcon.colcon_core.shell:Creating package script '/home/yangsangmin/ws/install/my_robot/share/my_robot/package.sh'
[4.695s] INFO:colcon.colcon_core.shell:Creating package script '/home/yangsangmin/ws/install/my_robot/share/my_robot/package.bash'
[4.696s] INFO:colcon.colcon_core.shell:Creating package script '/home/yangsangmin/ws/install/my_robot/share/my_robot/package.zsh'
[4.696s] Level 1:colcon.colcon_core.environment:create_file_with_runtime_dependencies(/home/yangsangmin/ws/install/my_robot/share/colcon-core/packages/my_robot)
[4.696s] DEBUG:colcon.colcon_parallel_executor.executor.parallel:closing loop
[4.696s] DEBUG:colcon.colcon_parallel_executor.executor.parallel:loop closed
[4.696s] DEBUG:colcon.colcon_parallel_executor.executor.parallel:run_until_complete finished with '0'
[4.696s] DEBUG:colcon.colcon_core.event_reactor:joining thread
[4.702s] INFO:colcon.colcon_core.plugin_system:Skipping extension 'colcon_notification.desktop_notification.terminal_notifier': Not used on non-Darwin systems
[4.702s] INFO:colcon.colcon_core.plugin_system:Skipping extension 'colcon_notification.desktop_notification.win32': Not used on non-Windows systems
[4.702s] INFO:colcon.colcon_notification.desktop_notification:Sending desktop notification using 'notify2'
[4.710s] DEBUG:colcon.colcon_core.event_reactor:joined thread
[4.710s] INFO:colcon.colcon_core.shell:Creating prefix script '/home/yangsangmin/ws/install/local_setup.ps1'
[4.712s] INFO:colcon.colcon_core.shell:Creating prefix util module '/home/yangsangmin/ws/install/_local_setup_util_ps1.py'
[4.713s] INFO:colcon.colcon_core.shell:Creating prefix chain script '/home/yangsangmin/ws/install/setup.ps1'
[4.714s] INFO:colcon.colcon_core.shell:Creating prefix script '/home/yangsangmin/ws/install/local_setup.sh'
[4.715s] INFO:colcon.colcon_core.shell:Creating prefix util module '/home/yangsangmin/ws/install/_local_setup_util_sh.py'
[4.715s] INFO:colcon.colcon_core.shell:Creating prefix chain script '/home/yangsangmin/ws/install/setup.sh'
[4.716s] INFO:colcon.colcon_core.shell:Creating prefix script '/home/yangsangmin/ws/install/local_setup.bash'
[4.717s] INFO:colcon.colcon_core.shell:Creating prefix chain script '/home/yangsangmin/ws/install/setup.bash'
[4.718s] INFO:colcon.colcon_core.shell:Creating prefix script '/home/yangsangmin/ws/install/local_setup.zsh'
[4.719s] INFO:colcon.colcon_core.shell:Creating prefix chain script '/home/yangsangmin/ws/install/setup.zsh'
