[0.470s] Invoking command in '/home/yangsangmin/ws/src/my_package': PYTHONPATH=/home/yangsangmin/ws/build/my_package/prefix_override:/usr/lib/python3/dist-packages/colcon_core/task/python/colcon_distutils_commands:/home/yangsangmin/ws/install/my_package/lib/python3.10/site-packages:${PYTHONPATH} /usr/bin/python3 -W ignore:setup.py install is deprecated -W ignore:easy_install command is deprecated setup.py egg_info --egg-base ../../build/my_package build --build-base /home/yangsangmin/ws/build/my_package/build install --record /home/yangsangmin/ws/build/my_package/install.log --single-version-externally-managed install_data
[0.634s] running egg_info
[0.635s] creating ../../build/my_package/my_package.egg-info
[0.635s] writing ../../build/my_package/my_package.egg-info/PKG-INFO
[0.635s] writing dependency_links to ../../build/my_package/my_package.egg-info/dependency_links.txt
[0.635s] writing entry points to ../../build/my_package/my_package.egg-info/entry_points.txt
[0.636s] writing requirements to ../../build/my_package/my_package.egg-info/requires.txt
[0.636s] writing top-level names to ../../build/my_package/my_package.egg-info/top_level.txt
[0.636s] writing manifest file '../../build/my_package/my_package.egg-info/SOURCES.txt'
[0.637s] reading manifest file '../../build/my_package/my_package.egg-info/SOURCES.txt'
[0.638s] writing manifest file '../../build/my_package/my_package.egg-info/SOURCES.txt'
[0.638s] running build
[0.638s] running build_py
[0.639s] creating /home/yangsangmin/ws/build/my_package/build
[0.639s] creating /home/yangsangmin/ws/build/my_package/build/lib
[0.639s] creating /home/yangsangmin/ws/build/my_package/build/lib/my_package
[0.639s] copying my_package/__init__.py -> /home/yangsangmin/ws/build/my_package/build/lib/my_package
[0.639s] copying my_package/my_node.py -> /home/yangsangmin/ws/build/my_package/build/lib/my_package
[0.639s] running install
[0.639s] running install_lib
[0.640s] creating /home/yangsangmin/ws/install/my_package/lib/python3.10/site-packages/my_package
[0.640s] copying /home/yangsangmin/ws/build/my_package/build/lib/my_package/__init__.py -> /home/yangsangmin/ws/install/my_package/lib/python3.10/site-packages/my_package
[0.640s] copying /home/yangsangmin/ws/build/my_package/build/lib/my_package/my_node.py -> /home/yangsangmin/ws/install/my_package/lib/python3.10/site-packages/my_package
[0.640s] byte-compiling /home/yangsangmin/ws/install/my_package/lib/python3.10/site-packages/my_package/__init__.py to __init__.cpython-310.pyc
[0.641s] byte-compiling /home/yangsangmin/ws/install/my_package/lib/python3.10/site-packages/my_package/my_node.py to my_node.cpython-310.pyc
[0.641s] running install_data
[0.641s] creating /home/yangsangmin/ws/install/my_package/share/ament_index
[0.641s] creating /home/yangsangmin/ws/install/my_package/share/ament_index/resource_index
[0.641s] creating /home/yangsangmin/ws/install/my_package/share/ament_index/resource_index/packages
[0.641s] copying resource/my_package -> /home/yangsangmin/ws/install/my_package/share/ament_index/resource_index/packages
[0.641s] copying package.xml -> /home/yangsangmin/ws/install/my_package/share/my_package
[0.641s] running install_egg_info
[0.643s] Copying ../../build/my_package/my_package.egg-info to /home/yangsangmin/ws/install/my_package/lib/python3.10/site-packages/my_package-0.0.0-py3.10.egg-info
[0.643s] running install_scripts
[0.658s] Installing my_node script to /home/yangsangmin/ws/install/my_package/lib/my_package
[0.658s] writing list of installed files to '/home/yangsangmin/ws/build/my_package/install.log'
[0.676s] Invoked command in '/home/yangsangmin/ws/src/my_package' returned '0': PYTHONPATH=/home/yangsangmin/ws/build/my_package/prefix_override:/usr/lib/python3/dist-packages/colcon_core/task/python/colcon_distutils_commands:/home/yangsangmin/ws/install/my_package/lib/python3.10/site-packages:${PYTHONPATH} /usr/bin/python3 -W ignore:setup.py install is deprecated -W ignore:easy_install command is deprecated setup.py egg_info --egg-base ../../build/my_package build --build-base /home/yangsangmin/ws/build/my_package/build install --record /home/yangsangmin/ws/build/my_package/install.log --single-version-externally-managed install_data
