[0.104s] DEBUG:colcon:Command line arguments: ['/usr/bin/colcon', 'build']
[0.104s] DEBUG:colcon:Parsed command line arguments: Namespace(log_base=None, log_level=None, verb_name='build', build_base='build', install_base='install', merge_install=False, symlink_install=False, test_result_base=None, continue_on_error=False, executor='parallel', parallel_workers=8, event_handlers=None, ignore_user_meta=False, metas=['./colcon.meta'], base_paths=['.'], packages_ignore=None, packages_ignore_regex=None, paths=None, packages_up_to=None, packages_up_to_regex=None, packages_above=None, packages_above_and_dependencies=None, packages_above_depth=None, packages_select_by_dep=None, packages_skip_by_dep=None, packages_skip_up_to=None, packages_select_build_failed=False, packages_skip_build_finished=False, packages_select_test_failures=False, packages_skip_test_passed=False, packages_select=None, packages_skip=None, packages_select_regex=None, packages_skip_regex=None, packages_start=None, packages_end=None, allow_overriding=[], cmake_args=None, cmake_target=None, cmake_target_skip_unavailable=False, cmake_clean_cache=False, cmake_clean_first=False, cmake_force_configure=False, ament_cmake_args=None, catkin_cmake_args=None, catkin_skip_building_tests=False, mixin_files=None, mixin=None, verb_parser=<colcon_mixin.mixin.mixin_argument.MixinArgumentDecorator object at 0x76b22cd4e470>, verb_extension=<colcon_core.verb.build.BuildVerb object at 0x76b22cd4de70>, main=<bound method BuildVerb.main of <colcon_core.verb.build.BuildVerb object at 0x76b22cd4de70>>, mixin_verb=('build',))
[0.320s] Level 1:colcon.colcon_core.package_discovery:discover_packages(colcon_meta) check parameters
[0.320s] Level 1:colcon.colcon_core.package_discovery:discover_packages(recursive) check parameters
[0.320s] Level 1:colcon.colcon_core.package_discovery:discover_packages(ignore) check parameters
[0.320s] Level 1:colcon.colcon_core.package_discovery:discover_packages(path) check parameters
[0.320s] Level 1:colcon.colcon_core.package_discovery:discover_packages(colcon_meta) discover
[0.320s] Level 1:colcon.colcon_core.package_discovery:discover_packages(recursive) discover
[0.320s] INFO:colcon.colcon_core.package_discovery:Crawling recursively for packages in '/home/yangsangmin/ws/src'
[0.320s] Level 1:colcon.colcon_core.package_identification:_identify(.) by extensions ['ignore', 'ignore_ament_install']
[0.320s] Level 1:colcon.colcon_core.package_identification:_identify(.) by extension 'ignore'
[0.320s] Level 1:colcon.colcon_core.package_identification:_identify(.) by extension 'ignore_ament_install'
[0.321s] Level 1:colcon.colcon_core.package_identification:_identify(.) by extensions ['colcon_pkg']
[0.321s] Level 1:colcon.colcon_core.package_identification:_identify(.) by extension 'colcon_pkg'
[0.321s] Level 1:colcon.colcon_core.package_identification:_identify(.) by extensions ['colcon_meta']
[0.321s] Level 1:colcon.colcon_core.package_identification:_identify(.) by extension 'colcon_meta'
[0.321s] Level 1:colcon.colcon_core.package_identification:_identify(.) by extensions ['ros']
[0.321s] Level 1:colcon.colcon_core.package_identification:_identify(.) by extension 'ros'
[0.328s] Level 1:colcon.colcon_core.package_identification:_identify(.) by extensions ['cmake', 'python']
[0.328s] Level 1:colcon.colcon_core.package_identification:_identify(.) by extension 'cmake'
[0.328s] Level 1:colcon.colcon_core.package_identification:_identify(.) by extension 'python'
[0.328s] Level 1:colcon.colcon_core.package_identification:_identify(.) by extensions ['python_setup_py']
[0.328s] Level 1:colcon.colcon_core.package_identification:_identify(.) by extension 'python_setup_py'
[0.328s] Level 1:colcon.colcon_core.package_identification:_identify(build) by extensions ['ignore', 'ignore_ament_install']
[0.328s] Level 1:colcon.colcon_core.package_identification:_identify(build) by extension 'ignore'
[0.328s] Level 1:colcon.colcon_core.package_identification:_identify(build) ignored
[0.328s] Level 1:colcon.colcon_core.package_identification:_identify(erp42_msgs) by extensions ['ignore', 'ignore_ament_install']
[0.328s] Level 1:colcon.colcon_core.package_identification:_identify(erp42_msgs) by extension 'ignore'
[0.328s] Level 1:colcon.colcon_core.package_identification:_identify(erp42_msgs) by extension 'ignore_ament_install'
[0.328s] Level 1:colcon.colcon_core.package_identification:_identify(erp42_msgs) by extensions ['colcon_pkg']
[0.328s] Level 1:colcon.colcon_core.package_identification:_identify(erp42_msgs) by extension 'colcon_pkg'
[0.328s] Level 1:colcon.colcon_core.package_identification:_identify(erp42_msgs) by extensions ['colcon_meta']
[0.328s] Level 1:colcon.colcon_core.package_identification:_identify(erp42_msgs) by extension 'colcon_meta'
[0.328s] Level 1:colcon.colcon_core.package_identification:_identify(erp42_msgs) by extensions ['ros']
[0.328s] Level 1:colcon.colcon_core.package_identification:_identify(erp42_msgs) by extension 'ros'
[0.331s] DEBUG:colcon.colcon_core.package_identification:Package 'erp42_msgs' with type 'ros.ament_cmake' and name 'erp42_msgs'
[0.331s] Level 1:colcon.colcon_core.package_identification:_identify(install) by extensions ['ignore', 'ignore_ament_install']
[0.331s] Level 1:colcon.colcon_core.package_identification:_identify(install) by extension 'ignore'
[0.332s] Level 1:colcon.colcon_core.package_identification:_identify(install) ignored
[0.332s] Level 1:colcon.colcon_core.package_identification:_identify(log) by extensions ['ignore', 'ignore_ament_install']
[0.332s] Level 1:colcon.colcon_core.package_identification:_identify(log) by extension 'ignore'
[0.332s] Level 1:colcon.colcon_core.package_identification:_identify(log) ignored
[0.332s] Level 1:colcon.colcon_core.package_identification:_identify(my_package) by extensions ['ignore', 'ignore_ament_install']
[0.332s] Level 1:colcon.colcon_core.package_identification:_identify(my_package) by extension 'ignore'
[0.332s] Level 1:colcon.colcon_core.package_identification:_identify(my_package) by extension 'ignore_ament_install'
[0.332s] Level 1:colcon.colcon_core.package_identification:_identify(my_package) by extensions ['colcon_pkg']
[0.332s] Level 1:colcon.colcon_core.package_identification:_identify(my_package) by extension 'colcon_pkg'
[0.332s] Level 1:colcon.colcon_core.package_identification:_identify(my_package) by extensions ['colcon_meta']
[0.332s] Level 1:colcon.colcon_core.package_identification:_identify(my_package) by extension 'colcon_meta'
[0.332s] Level 1:colcon.colcon_core.package_identification:_identify(my_package) by extensions ['ros']
[0.332s] Level 1:colcon.colcon_core.package_identification:_identify(my_package) by extension 'ros'
[0.333s] DEBUG:colcon.colcon_core.package_identification:Package 'my_package' with type 'ros.ament_python' and name 'my_package'
[0.333s] Level 1:colcon.colcon_core.package_identification:_identify(my_robot) by extensions ['ignore', 'ignore_ament_install']
[0.333s] Level 1:colcon.colcon_core.package_identification:_identify(my_robot) by extension 'ignore'
[0.333s] Level 1:colcon.colcon_core.package_identification:_identify(my_robot) by extension 'ignore_ament_install'
[0.333s] Level 1:colcon.colcon_core.package_identification:_identify(my_robot) by extensions ['colcon_pkg']
[0.333s] Level 1:colcon.colcon_core.package_identification:_identify(my_robot) by extension 'colcon_pkg'
[0.333s] Level 1:colcon.colcon_core.package_identification:_identify(my_robot) by extensions ['colcon_meta']
[0.333s] Level 1:colcon.colcon_core.package_identification:_identify(my_robot) by extension 'colcon_meta'
[0.333s] Level 1:colcon.colcon_core.package_identification:_identify(my_robot) by extensions ['ros']
[0.333s] Level 1:colcon.colcon_core.package_identification:_identify(my_robot) by extension 'ros'
[0.333s] DEBUG:colcon.colcon_core.package_identification:Package 'my_robot' with type 'ros.ament_python' and name 'my_robot'
[0.333s] Level 1:colcon.colcon_core.package_discovery:discover_packages(recursive) using defaults
[0.333s] Level 1:colcon.colcon_core.package_discovery:discover_packages(ignore) discover
[0.333s] Level 1:colcon.colcon_core.package_discovery:discover_packages(ignore) using defaults
[0.333s] Level 1:colcon.colcon_core.package_discovery:discover_packages(path) discover
[0.333s] Level 1:colcon.colcon_core.package_discovery:discover_packages(path) using defaults
[0.365s] Level 1:colcon.colcon_core.package_discovery:discover_packages(prefix_path) check parameters
[0.365s] Level 1:colcon.colcon_core.package_discovery:discover_packages(prefix_path) discover
[0.368s] DEBUG:colcon.colcon_installed_package_information.package_discovery:Found 2 installed packages in /home/yangsangmin/ws/install
[0.368s] DEBUG:colcon.colcon_installed_package_information.package_discovery:Found 2 installed packages in /home/yangsangmin/install
[0.369s] DEBUG:colcon.colcon_installed_package_information.package_discovery:Found 275 installed packages in /opt/ros/humble
[0.370s] Level 1:colcon.colcon_core.package_discovery:discover_packages(prefix_path) using defaults
[0.395s] Level 5:colcon.colcon_core.verb:set package 'erp42_msgs' build argument 'cmake_args' from command line to 'None'
[0.395s] Level 5:colcon.colcon_core.verb:set package 'erp42_msgs' build argument 'cmake_target' from command line to 'None'
[0.395s] Level 5:colcon.colcon_core.verb:set package 'erp42_msgs' build argument 'cmake_target_skip_unavailable' from command line to 'False'
[0.395s] Level 5:colcon.colcon_core.verb:set package 'erp42_msgs' build argument 'cmake_clean_cache' from command line to 'False'
[0.395s] Level 5:colcon.colcon_core.verb:set package 'erp42_msgs' build argument 'cmake_clean_first' from command line to 'False'
[0.395s] Level 5:colcon.colcon_core.verb:set package 'erp42_msgs' build argument 'cmake_force_configure' from command line to 'False'
[0.395s] Level 5:colcon.colcon_core.verb:set package 'erp42_msgs' build argument 'ament_cmake_args' from command line to 'None'
[0.395s] Level 5:colcon.colcon_core.verb:set package 'erp42_msgs' build argument 'catkin_cmake_args' from command line to 'None'
[0.395s] Level 5:colcon.colcon_core.verb:set package 'erp42_msgs' build argument 'catkin_skip_building_tests' from command line to 'False'
[0.395s] DEBUG:colcon.colcon_core.verb:Building package 'erp42_msgs' with the following arguments: {'ament_cmake_args': None, 'build_base': '/home/yangsangmin/ws/src/build/erp42_msgs', 'catkin_cmake_args': None, 'catkin_skip_building_tests': False, 'cmake_args': None, 'cmake_clean_cache': False, 'cmake_clean_first': False, 'cmake_force_configure': False, 'cmake_target': None, 'cmake_target_skip_unavailable': False, 'install_base': '/home/yangsangmin/ws/src/install/erp42_msgs', 'merge_install': False, 'path': '/home/yangsangmin/ws/src/erp42_msgs', 'symlink_install': False, 'test_result_base': None}
[0.395s] Level 5:colcon.colcon_core.verb:set package 'my_package' build argument 'cmake_args' from command line to 'None'
[0.395s] Level 5:colcon.colcon_core.verb:set package 'my_package' build argument 'cmake_target' from command line to 'None'
[0.395s] Level 5:colcon.colcon_core.verb:set package 'my_package' build argument 'cmake_target_skip_unavailable' from command line to 'False'
[0.395s] Level 5:colcon.colcon_core.verb:set package 'my_package' build argument 'cmake_clean_cache' from command line to 'False'
[0.395s] Level 5:colcon.colcon_core.verb:set package 'my_package' build argument 'cmake_clean_first' from command line to 'False'
[0.395s] Level 5:colcon.colcon_core.verb:set package 'my_package' build argument 'cmake_force_configure' from command line to 'False'
[0.395s] Level 5:colcon.colcon_core.verb:set package 'my_package' build argument 'ament_cmake_args' from command line to 'None'
[0.395s] Level 5:colcon.colcon_core.verb:set package 'my_package' build argument 'catkin_cmake_args' from command line to 'None'
[0.395s] Level 5:colcon.colcon_core.verb:set package 'my_package' build argument 'catkin_skip_building_tests' from command line to 'False'
[0.395s] DEBUG:colcon.colcon_core.verb:Building package 'my_package' with the following arguments: {'ament_cmake_args': None, 'build_base': '/home/yangsangmin/ws/src/build/my_package', 'catkin_cmake_args': None, 'catkin_skip_building_tests': False, 'cmake_args': None, 'cmake_clean_cache': False, 'cmake_clean_first': False, 'cmake_force_configure': False, 'cmake_target': None, 'cmake_target_skip_unavailable': False, 'install_base': '/home/yangsangmin/ws/src/install/my_package', 'merge_install': False, 'path': '/home/yangsangmin/ws/src/my_package', 'symlink_install': False, 'test_result_base': None}
[0.396s] Level 5:colcon.colcon_core.verb:set package 'my_robot' build argument 'cmake_args' from command line to 'None'
[0.396s] Level 5:colcon.colcon_core.verb:set package 'my_robot' build argument 'cmake_target' from command line to 'None'
[0.396s] Level 5:colcon.colcon_core.verb:set package 'my_robot' build argument 'cmake_target_skip_unavailable' from command line to 'False'
[0.396s] Level 5:colcon.colcon_core.verb:set package 'my_robot' build argument 'cmake_clean_cache' from command line to 'False'
[0.396s] Level 5:colcon.colcon_core.verb:set package 'my_robot' build argument 'cmake_clean_first' from command line to 'False'
[0.396s] Level 5:colcon.colcon_core.verb:set package 'my_robot' build argument 'cmake_force_configure' from command line to 'False'
[0.396s] Level 5:colcon.colcon_core.verb:set package 'my_robot' build argument 'ament_cmake_args' from command line to 'None'
[0.396s] Level 5:colcon.colcon_core.verb:set package 'my_robot' build argument 'catkin_cmake_args' from command line to 'None'
[0.396s] Level 5:colcon.colcon_core.verb:set package 'my_robot' build argument 'catkin_skip_building_tests' from command line to 'False'
[0.396s] DEBUG:colcon.colcon_core.verb:Building package 'my_robot' with the following arguments: {'ament_cmake_args': None, 'build_base': '/home/yangsangmin/ws/src/build/my_robot', 'catkin_cmake_args': None, 'catkin_skip_building_tests': False, 'cmake_args': None, 'cmake_clean_cache': False, 'cmake_clean_first': False, 'cmake_force_configure': False, 'cmake_target': None, 'cmake_target_skip_unavailable': False, 'install_base': '/home/yangsangmin/ws/src/install/my_robot', 'merge_install': False, 'path': '/home/yangsangmin/ws/src/my_robot', 'symlink_install': False, 'test_result_base': None}
[0.396s] INFO:colcon.colcon_core.executor:Executing jobs using 'parallel' executor
[0.397s] DEBUG:colcon.colcon_parallel_executor.executor.parallel:run_until_complete
[0.397s] INFO:colcon.colcon_ros.task.ament_cmake.build:Building ROS package in '/home/yangsangmin/ws/src/erp42_msgs' with build type 'ament_cmake'
[0.397s] INFO:colcon.colcon_cmake.task.cmake.build:Building CMake package in '/home/yangsangmin/ws/src/erp42_msgs'
[0.400s] INFO:colcon.colcon_core.plugin_system:Skipping extension 'colcon_core.shell.bat': Not used on non-Windows systems
[0.400s] INFO:colcon.colcon_core.shell:Skip shell extension 'powershell' for command environment: Not usable outside of PowerShell
[0.400s] DEBUG:colcon.colcon_core.shell:Skip shell extension 'dsv' for command environment
[0.403s] INFO:colcon.colcon_ros.task.ament_python.build:Building ROS package in '/home/yangsangmin/ws/src/my_package' with build type 'ament_python'
[0.403s] Level 1:colcon.colcon_core.shell:create_environment_hook('my_package', 'ament_prefix_path')
[0.403s] INFO:colcon.colcon_core.shell:Creating environment hook '/home/yangsangmin/ws/src/install/my_package/share/my_package/hook/ament_prefix_path.ps1'
[0.404s] INFO:colcon.colcon_core.shell:Creating environment descriptor '/home/yangsangmin/ws/src/install/my_package/share/my_package/hook/ament_prefix_path.dsv'
[0.405s] INFO:colcon.colcon_core.shell:Creating environment hook '/home/yangsangmin/ws/src/install/my_package/share/my_package/hook/ament_prefix_path.sh'
[0.406s] INFO:colcon.colcon_core.shell:Skip shell extension 'powershell' for command environment: Not usable outside of PowerShell
[0.406s] DEBUG:colcon.colcon_core.shell:Skip shell extension 'dsv' for command environment
[0.409s] DEBUG:colcon.colcon_core.event_handler.log_command:Invoking command in '/home/yangsangmin/ws/src/build/erp42_msgs': CMAKE_PREFIX_PATH=${CMAKE_PREFIX_PATH}:/home/yangsangmin/ws/install/my_package:/home/yangsangmin/install/my_package:/opt/ros/humble /usr/bin/cmake /home/yangsangmin/ws/src/erp42_msgs -DCMAKE_INSTALL_PREFIX=/home/yangsangmin/ws/src/install/erp42_msgs
[0.590s] INFO:colcon.colcon_core.task.python.build:Building Python package in '/home/yangsangmin/ws/src/my_package'
[0.590s] INFO:colcon.colcon_core.shell:Skip shell extension 'powershell' for command environment: Not usable outside of PowerShell
[0.590s] DEBUG:colcon.colcon_core.shell:Skip shell extension 'dsv' for command environment
[0.861s] DEBUG:colcon.colcon_core.event_handler.log_command:Invoking command in '/home/yangsangmin/ws/src/my_package': PYTHONPATH=/home/yangsangmin/ws/src/build/my_package/prefix_override:/usr/lib/python3/dist-packages/colcon_core/task/python/colcon_distutils_commands:/home/yangsangmin/ws/src/install/my_package/lib/python3.10/site-packages:${PYTHONPATH} /usr/bin/python3 -W ignore:setup.py install is deprecated -W ignore:easy_install command is deprecated setup.py egg_info --egg-base ../build/my_package build --build-base /home/yangsangmin/ws/src/build/my_package/build install --record /home/yangsangmin/ws/src/build/my_package/install.log --single-version-externally-managed install_data
[1.066s] DEBUG:colcon.colcon_core.event_handler.log_command:Invoked command in '/home/yangsangmin/ws/src/my_package' returned '0': PYTHONPATH=/home/yangsangmin/ws/src/build/my_package/prefix_override:/usr/lib/python3/dist-packages/colcon_core/task/python/colcon_distutils_commands:/home/yangsangmin/ws/src/install/my_package/lib/python3.10/site-packages:${PYTHONPATH} /usr/bin/python3 -W ignore:setup.py install is deprecated -W ignore:easy_install command is deprecated setup.py egg_info --egg-base ../build/my_package build --build-base /home/yangsangmin/ws/src/build/my_package/build install --record /home/yangsangmin/ws/src/build/my_package/install.log --single-version-externally-managed install_data
[1.071s] Level 1:colcon.colcon_core.environment:checking '/home/yangsangmin/ws/src/install/my_package' for CMake module files
[1.071s] Level 1:colcon.colcon_core.environment:checking '/home/yangsangmin/ws/src/install/my_package' for CMake config files
[1.072s] Level 1:colcon.colcon_core.environment:checking '/home/yangsangmin/ws/src/install/my_package/lib'
[1.072s] Level 1:colcon.colcon_core.environment:checking '/home/yangsangmin/ws/src/install/my_package/bin'
[1.072s] Level 1:colcon.colcon_core.environment:checking '/home/yangsangmin/ws/src/install/my_package/lib/pkgconfig/my_package.pc'
[1.073s] Level 1:colcon.colcon_core.environment:checking '/home/yangsangmin/ws/src/install/my_package/lib/python3.10/site-packages'
[1.073s] Level 1:colcon.colcon_core.shell:create_environment_hook('my_package', 'pythonpath')
[1.073s] INFO:colcon.colcon_core.shell:Creating environment hook '/home/yangsangmin/ws/src/install/my_package/share/my_package/hook/pythonpath.ps1'
[1.073s] INFO:colcon.colcon_core.shell:Creating environment descriptor '/home/yangsangmin/ws/src/install/my_package/share/my_package/hook/pythonpath.dsv'
[1.074s] INFO:colcon.colcon_core.shell:Creating environment hook '/home/yangsangmin/ws/src/install/my_package/share/my_package/hook/pythonpath.sh'
[1.074s] Level 1:colcon.colcon_core.environment:checking '/home/yangsangmin/ws/src/install/my_package/bin'
[1.074s] Level 1:colcon.colcon_core.environment:create_environment_scripts_only(my_package)
[1.075s] INFO:colcon.colcon_core.shell:Creating package script '/home/yangsangmin/ws/src/install/my_package/share/my_package/package.ps1'
[1.076s] INFO:colcon.colcon_core.shell:Creating package descriptor '/home/yangsangmin/ws/src/install/my_package/share/my_package/package.dsv'
[1.077s] INFO:colcon.colcon_core.shell:Creating package script '/home/yangsangmin/ws/src/install/my_package/share/my_package/package.sh'
[1.078s] INFO:colcon.colcon_core.shell:Creating package script '/home/yangsangmin/ws/src/install/my_package/share/my_package/package.bash'
[1.079s] INFO:colcon.colcon_core.shell:Creating package script '/home/yangsangmin/ws/src/install/my_package/share/my_package/package.zsh'
[1.079s] Level 1:colcon.colcon_core.environment:create_file_with_runtime_dependencies(/home/yangsangmin/ws/src/install/my_package/share/colcon-core/packages/my_package)
[1.697s] DEBUG:colcon.colcon_core.event_handler.log_command:Invoked command in '/home/yangsangmin/ws/src/build/erp42_msgs' returned '0': CMAKE_PREFIX_PATH=${CMAKE_PREFIX_PATH}:/home/yangsangmin/ws/install/my_package:/home/yangsangmin/install/my_package:/opt/ros/humble /usr/bin/cmake /home/yangsangmin/ws/src/erp42_msgs -DCMAKE_INSTALL_PREFIX=/home/yangsangmin/ws/src/install/erp42_msgs
[1.698s] DEBUG:colcon.colcon_core.event_handler.log_command:Invoking command in '/home/yangsangmin/ws/src/build/erp42_msgs': CMAKE_PREFIX_PATH=${CMAKE_PREFIX_PATH}:/home/yangsangmin/ws/install/my_package:/home/yangsangmin/install/my_package:/opt/ros/humble /usr/bin/cmake --build /home/yangsangmin/ws/src/build/erp42_msgs -- -j8 -l8
[3.899s] DEBUG:colcon.colcon_core.event_handler.log_command:Invoked command in '/home/yangsangmin/ws/src/build/erp42_msgs' returned '0': CMAKE_PREFIX_PATH=${CMAKE_PREFIX_PATH}:/home/yangsangmin/ws/install/my_package:/home/yangsangmin/install/my_package:/opt/ros/humble /usr/bin/cmake --build /home/yangsangmin/ws/src/build/erp42_msgs -- -j8 -l8
[3.906s] DEBUG:colcon.colcon_core.event_handler.log_command:Invoking command in '/home/yangsangmin/ws/src/build/erp42_msgs': CMAKE_PREFIX_PATH=${CMAKE_PREFIX_PATH}:/home/yangsangmin/ws/install/my_package:/home/yangsangmin/install/my_package:/opt/ros/humble /usr/bin/cmake --install /home/yangsangmin/ws/src/build/erp42_msgs
[3.956s] Level 1:colcon.colcon_core.environment:create_environment_scripts_only(erp42_msgs)
[3.957s] Level 1:colcon.colcon_core.environment:checking '/home/yangsangmin/ws/src/install/erp42_msgs' for CMake module files
[3.957s] DEBUG:colcon.colcon_core.event_handler.log_command:Invoked command in '/home/yangsangmin/ws/src/build/erp42_msgs' returned '0': CMAKE_PREFIX_PATH=${CMAKE_PREFIX_PATH}:/home/yangsangmin/ws/install/my_package:/home/yangsangmin/install/my_package:/opt/ros/humble /usr/bin/cmake --install /home/yangsangmin/ws/src/build/erp42_msgs
[3.957s] Level 1:colcon.colcon_core.environment:checking '/home/yangsangmin/ws/src/install/erp42_msgs' for CMake config files
[3.957s] Level 1:colcon.colcon_core.shell:create_environment_hook('erp42_msgs', 'cmake_prefix_path')
[3.957s] INFO:colcon.colcon_core.shell:Creating environment hook '/home/yangsangmin/ws/src/install/erp42_msgs/share/erp42_msgs/hook/cmake_prefix_path.ps1'
[3.958s] INFO:colcon.colcon_core.shell:Creating environment descriptor '/home/yangsangmin/ws/src/install/erp42_msgs/share/erp42_msgs/hook/cmake_prefix_path.dsv'
[3.958s] INFO:colcon.colcon_core.shell:Creating environment hook '/home/yangsangmin/ws/src/install/erp42_msgs/share/erp42_msgs/hook/cmake_prefix_path.sh'
[3.958s] Level 1:colcon.colcon_core.environment:checking '/home/yangsangmin/ws/src/install/erp42_msgs/lib'
[3.958s] Level 1:colcon.colcon_core.shell:create_environment_hook('erp42_msgs', 'ld_library_path_lib')
[3.959s] INFO:colcon.colcon_core.shell:Creating environment hook '/home/yangsangmin/ws/src/install/erp42_msgs/share/erp42_msgs/hook/ld_library_path_lib.ps1'
[3.959s] INFO:colcon.colcon_core.shell:Creating environment descriptor '/home/yangsangmin/ws/src/install/erp42_msgs/share/erp42_msgs/hook/ld_library_path_lib.dsv'
[3.959s] INFO:colcon.colcon_core.shell:Creating environment hook '/home/yangsangmin/ws/src/install/erp42_msgs/share/erp42_msgs/hook/ld_library_path_lib.sh'
[3.959s] Level 1:colcon.colcon_core.environment:checking '/home/yangsangmin/ws/src/install/erp42_msgs/bin'
[3.959s] Level 1:colcon.colcon_core.environment:checking '/home/yangsangmin/ws/src/install/erp42_msgs/lib/pkgconfig/erp42_msgs.pc'
[3.960s] Level 1:colcon.colcon_core.environment:checking '/home/yangsangmin/ws/src/install/erp42_msgs/lib/python3.10/site-packages'
[3.960s] Level 1:colcon.colcon_core.environment:checking '/home/yangsangmin/ws/src/install/erp42_msgs/bin'
[3.960s] INFO:colcon.colcon_core.shell:Creating package script '/home/yangsangmin/ws/src/install/erp42_msgs/share/erp42_msgs/package.ps1'
[3.960s] INFO:colcon.colcon_core.shell:Creating package descriptor '/home/yangsangmin/ws/src/install/erp42_msgs/share/erp42_msgs/package.dsv'
[3.961s] INFO:colcon.colcon_core.shell:Creating package script '/home/yangsangmin/ws/src/install/erp42_msgs/share/erp42_msgs/package.sh'
[3.961s] INFO:colcon.colcon_core.shell:Creating package script '/home/yangsangmin/ws/src/install/erp42_msgs/share/erp42_msgs/package.bash'
[3.961s] INFO:colcon.colcon_core.shell:Creating package script '/home/yangsangmin/ws/src/install/erp42_msgs/share/erp42_msgs/package.zsh'
[3.961s] Level 1:colcon.colcon_core.environment:create_file_with_runtime_dependencies(/home/yangsangmin/ws/src/install/erp42_msgs/share/colcon-core/packages/erp42_msgs)
[3.962s] Level 1:colcon.colcon_core.environment:create_environment_scripts_only(erp42_msgs)
[3.962s] Level 1:colcon.colcon_core.environment:checking '/home/yangsangmin/ws/src/install/erp42_msgs' for CMake module files
[3.962s] Level 1:colcon.colcon_core.environment:checking '/home/yangsangmin/ws/src/install/erp42_msgs' for CMake config files
[3.962s] Level 1:colcon.colcon_core.shell:create_environment_hook('erp42_msgs', 'cmake_prefix_path')
[3.963s] INFO:colcon.colcon_core.shell:Creating environment hook '/home/yangsangmin/ws/src/install/erp42_msgs/share/erp42_msgs/hook/cmake_prefix_path.ps1'
[3.963s] INFO:colcon.colcon_core.shell:Creating environment descriptor '/home/yangsangmin/ws/src/install/erp42_msgs/share/erp42_msgs/hook/cmake_prefix_path.dsv'
[3.963s] INFO:colcon.colcon_core.shell:Creating environment hook '/home/yangsangmin/ws/src/install/erp42_msgs/share/erp42_msgs/hook/cmake_prefix_path.sh'
[3.963s] Level 1:colcon.colcon_core.environment:checking '/home/yangsangmin/ws/src/install/erp42_msgs/lib'
[3.963s] Level 1:colcon.colcon_core.shell:create_environment_hook('erp42_msgs', 'ld_library_path_lib')
[3.964s] INFO:colcon.colcon_core.shell:Creating environment hook '/home/yangsangmin/ws/src/install/erp42_msgs/share/erp42_msgs/hook/ld_library_path_lib.ps1'
[3.964s] INFO:colcon.colcon_core.shell:Creating environment descriptor '/home/yangsangmin/ws/src/install/erp42_msgs/share/erp42_msgs/hook/ld_library_path_lib.dsv'
[3.964s] INFO:colcon.colcon_core.shell:Creating environment hook '/home/yangsangmin/ws/src/install/erp42_msgs/share/erp42_msgs/hook/ld_library_path_lib.sh'
[3.964s] Level 1:colcon.colcon_core.environment:checking '/home/yangsangmin/ws/src/install/erp42_msgs/bin'
[3.964s] Level 1:colcon.colcon_core.environment:checking '/home/yangsangmin/ws/src/install/erp42_msgs/lib/pkgconfig/erp42_msgs.pc'
[3.964s] Level 1:colcon.colcon_core.environment:checking '/home/yangsangmin/ws/src/install/erp42_msgs/lib/python3.10/site-packages'
[3.965s] Level 1:colcon.colcon_core.environment:checking '/home/yangsangmin/ws/src/install/erp42_msgs/bin'
[3.965s] INFO:colcon.colcon_core.shell:Creating package script '/home/yangsangmin/ws/src/install/erp42_msgs/share/erp42_msgs/package.ps1'
[3.965s] INFO:colcon.colcon_core.shell:Creating package descriptor '/home/yangsangmin/ws/src/install/erp42_msgs/share/erp42_msgs/package.dsv'
[3.966s] INFO:colcon.colcon_core.shell:Creating package script '/home/yangsangmin/ws/src/install/erp42_msgs/share/erp42_msgs/package.sh'
[3.966s] INFO:colcon.colcon_core.shell:Creating package script '/home/yangsangmin/ws/src/install/erp42_msgs/share/erp42_msgs/package.bash'
[3.966s] INFO:colcon.colcon_core.shell:Creating package script '/home/yangsangmin/ws/src/install/erp42_msgs/share/erp42_msgs/package.zsh'
[3.966s] Level 1:colcon.colcon_core.environment:create_file_with_runtime_dependencies(/home/yangsangmin/ws/src/install/erp42_msgs/share/colcon-core/packages/erp42_msgs)
[3.967s] INFO:colcon.colcon_ros.task.ament_python.build:Building ROS package in '/home/yangsangmin/ws/src/my_robot' with build type 'ament_python'
[3.967s] Level 1:colcon.colcon_core.shell:create_environment_hook('my_robot', 'ament_prefix_path')
[3.967s] INFO:colcon.colcon_core.shell:Creating environment hook '/home/yangsangmin/ws/src/install/my_robot/share/my_robot/hook/ament_prefix_path.ps1'
[3.967s] INFO:colcon.colcon_core.shell:Creating environment descriptor '/home/yangsangmin/ws/src/install/my_robot/share/my_robot/hook/ament_prefix_path.dsv'
[3.968s] INFO:colcon.colcon_core.shell:Creating environment hook '/home/yangsangmin/ws/src/install/my_robot/share/my_robot/hook/ament_prefix_path.sh'
[3.968s] INFO:colcon.colcon_core.shell:Skip shell extension 'powershell' for command environment: Not usable outside of PowerShell
[3.968s] DEBUG:colcon.colcon_core.shell:Skip shell extension 'dsv' for command environment
[4.141s] INFO:colcon.colcon_core.task.python.build:Building Python package in '/home/yangsangmin/ws/src/my_robot'
[4.141s] INFO:colcon.colcon_core.shell:Skip shell extension 'powershell' for command environment: Not usable outside of PowerShell
[4.141s] DEBUG:colcon.colcon_core.shell:Skip shell extension 'dsv' for command environment
[4.362s] DEBUG:colcon.colcon_core.event_handler.log_command:Invoking command in '/home/yangsangmin/ws/src/my_robot': AMENT_PREFIX_PATH=/home/yangsangmin/ws/src/install/erp42_msgs:${AMENT_PREFIX_PATH} CMAKE_PREFIX_PATH=/home/yangsangmin/ws/src/install/erp42_msgs:${CMAKE_PREFIX_PATH} LD_LIBRARY_PATH=/home/yangsangmin/ws/src/install/erp42_msgs/lib:${LD_LIBRARY_PATH} PYTHONPATH=/home/yangsangmin/ws/src/build/my_robot/prefix_override:/usr/lib/python3/dist-packages/colcon_core/task/python/colcon_distutils_commands:/home/yangsangmin/ws/src/install/my_robot/lib/python3.10/site-packages:/home/yangsangmin/ws/src/install/erp42_msgs/local/lib/python3.10/dist-packages:${PYTHONPATH} /usr/bin/python3 -W ignore:setup.py install is deprecated -W ignore:easy_install command is deprecated setup.py egg_info --egg-base ../build/my_robot build --build-base /home/yangsangmin/ws/src/build/my_robot/build install --record /home/yangsangmin/ws/src/build/my_robot/install.log --single-version-externally-managed install_data
[4.564s] Level 1:colcon.colcon_core.environment:checking '/home/yangsangmin/ws/src/install/my_robot' for CMake module files
[4.564s] DEBUG:colcon.colcon_core.event_handler.log_command:Invoked command in '/home/yangsangmin/ws/src/my_robot' returned '0': AMENT_PREFIX_PATH=/home/yangsangmin/ws/src/install/erp42_msgs:${AMENT_PREFIX_PATH} CMAKE_PREFIX_PATH=/home/yangsangmin/ws/src/install/erp42_msgs:${CMAKE_PREFIX_PATH} LD_LIBRARY_PATH=/home/yangsangmin/ws/src/install/erp42_msgs/lib:${LD_LIBRARY_PATH} PYTHONPATH=/home/yangsangmin/ws/src/build/my_robot/prefix_override:/usr/lib/python3/dist-packages/colcon_core/task/python/colcon_distutils_commands:/home/yangsangmin/ws/src/install/my_robot/lib/python3.10/site-packages:/home/yangsangmin/ws/src/install/erp42_msgs/local/lib/python3.10/dist-packages:${PYTHONPATH} /usr/bin/python3 -W ignore:setup.py install is deprecated -W ignore:easy_install command is deprecated setup.py egg_info --egg-base ../build/my_robot build --build-base /home/yangsangmin/ws/src/build/my_robot/build install --record /home/yangsangmin/ws/src/build/my_robot/install.log --single-version-externally-managed install_data
[4.565s] Level 1:colcon.colcon_core.environment:checking '/home/yangsangmin/ws/src/install/my_robot' for CMake config files
[4.565s] Level 1:colcon.colcon_core.environment:checking '/home/yangsangmin/ws/src/install/my_robot/lib'
[4.565s] Level 1:colcon.colcon_core.environment:checking '/home/yangsangmin/ws/src/install/my_robot/bin'
[4.565s] Level 1:colcon.colcon_core.environment:checking '/home/yangsangmin/ws/src/install/my_robot/lib/pkgconfig/my_robot.pc'
[4.565s] Level 1:colcon.colcon_core.environment:checking '/home/yangsangmin/ws/src/install/my_robot/lib/python3.10/site-packages'
[4.565s] Level 1:colcon.colcon_core.shell:create_environment_hook('my_robot', 'pythonpath')
[4.565s] INFO:colcon.colcon_core.shell:Creating environment hook '/home/yangsangmin/ws/src/install/my_robot/share/my_robot/hook/pythonpath.ps1'
[4.566s] INFO:colcon.colcon_core.shell:Creating environment descriptor '/home/yangsangmin/ws/src/install/my_robot/share/my_robot/hook/pythonpath.dsv'
[4.566s] INFO:colcon.colcon_core.shell:Creating environment hook '/home/yangsangmin/ws/src/install/my_robot/share/my_robot/hook/pythonpath.sh'
[4.566s] Level 1:colcon.colcon_core.environment:checking '/home/yangsangmin/ws/src/install/my_robot/bin'
[4.566s] Level 1:colcon.colcon_core.environment:create_environment_scripts_only(my_robot)
[4.567s] INFO:colcon.colcon_core.shell:Creating package script '/home/yangsangmin/ws/src/install/my_robot/share/my_robot/package.ps1'
[4.567s] INFO:colcon.colcon_core.shell:Creating package descriptor '/home/yangsangmin/ws/src/install/my_robot/share/my_robot/package.dsv'
[4.567s] INFO:colcon.colcon_core.shell:Creating package script '/home/yangsangmin/ws/src/install/my_robot/share/my_robot/package.sh'
[4.567s] INFO:colcon.colcon_core.shell:Creating package script '/home/yangsangmin/ws/src/install/my_robot/share/my_robot/package.bash'
[4.567s] INFO:colcon.colcon_core.shell:Creating package script '/home/yangsangmin/ws/src/install/my_robot/share/my_robot/package.zsh'
[4.568s] Level 1:colcon.colcon_core.environment:create_file_with_runtime_dependencies(/home/yangsangmin/ws/src/install/my_robot/share/colcon-core/packages/my_robot)
[4.568s] DEBUG:colcon.colcon_parallel_executor.executor.parallel:closing loop
[4.568s] DEBUG:colcon.colcon_parallel_executor.executor.parallel:loop closed
[4.568s] DEBUG:colcon.colcon_parallel_executor.executor.parallel:run_until_complete finished with '0'
[4.568s] DEBUG:colcon.colcon_core.event_reactor:joining thread
[4.573s] INFO:colcon.colcon_core.plugin_system:Skipping extension 'colcon_notification.desktop_notification.terminal_notifier': Not used on non-Darwin systems
[4.573s] INFO:colcon.colcon_core.plugin_system:Skipping extension 'colcon_notification.desktop_notification.win32': Not used on non-Windows systems
[4.573s] INFO:colcon.colcon_notification.desktop_notification:Sending desktop notification using 'notify2'
[4.584s] DEBUG:colcon.colcon_core.event_reactor:joined thread
[4.584s] INFO:colcon.colcon_core.shell:Creating prefix script '/home/yangsangmin/ws/src/install/local_setup.ps1'
[4.585s] INFO:colcon.colcon_core.shell:Creating prefix util module '/home/yangsangmin/ws/src/install/_local_setup_util_ps1.py'
[4.587s] INFO:colcon.colcon_core.shell:Creating prefix chain script '/home/yangsangmin/ws/src/install/setup.ps1'
[4.588s] INFO:colcon.colcon_core.shell:Creating prefix script '/home/yangsangmin/ws/src/install/local_setup.sh'
[4.588s] INFO:colcon.colcon_core.shell:Creating prefix util module '/home/yangsangmin/ws/src/install/_local_setup_util_sh.py'
[4.589s] INFO:colcon.colcon_core.shell:Creating prefix chain script '/home/yangsangmin/ws/src/install/setup.sh'
[4.590s] INFO:colcon.colcon_core.shell:Creating prefix script '/home/yangsangmin/ws/src/install/local_setup.bash'
[4.590s] INFO:colcon.colcon_core.shell:Creating prefix chain script '/home/yangsangmin/ws/src/install/setup.bash'
[4.591s] INFO:colcon.colcon_core.shell:Creating prefix script '/home/yangsangmin/ws/src/install/local_setup.zsh'
[4.592s] INFO:colcon.colcon_core.shell:Creating prefix chain script '/home/yangsangmin/ws/src/install/setup.zsh'
