[0.080s] DEBUG:colcon:Command line arguments: ['/usr/bin/colcon', 'build']
[0.080s] DEBUG:colcon:Parsed command line arguments: Namespace(log_base=None, log_level=None, verb_name='build', build_base='build', install_base='install', merge_install=False, symlink_install=False, test_result_base=None, continue_on_error=False, executor='parallel', parallel_workers=8, event_handlers=None, ignore_user_meta=False, metas=['./colcon.meta'], base_paths=['.'], packages_ignore=None, packages_ignore_regex=None, paths=None, packages_up_to=None, packages_up_to_regex=None, packages_above=None, packages_above_and_dependencies=None, packages_above_depth=None, packages_select_by_dep=None, packages_skip_by_dep=None, packages_skip_up_to=None, packages_select_build_failed=False, packages_skip_build_finished=False, packages_select_test_failures=False, packages_skip_test_passed=False, packages_select=None, packages_skip=None, packages_select_regex=None, packages_skip_regex=None, packages_start=None, packages_end=None, allow_overriding=[], cmake_args=None, cmake_target=None, cmake_target_skip_unavailable=False, cmake_clean_cache=False, cmake_clean_first=False, cmake_force_configure=False, ament_cmake_args=None, catkin_cmake_args=None, catkin_skip_building_tests=False, mixin_files=None, mixin=None, verb_parser=<colcon_mixin.mixin.mixin_argument.MixinArgumentDecorator object at 0x74177634a770>, verb_extension=<colcon_core.verb.build.BuildVerb object at 0x74177634a170>, main=<bound method BuildVerb.main of <colcon_core.verb.build.BuildVerb object at 0x74177634a170>>, mixin_verb=('build',))
[0.191s] Level 1:colcon.colcon_core.package_discovery:discover_packages(colcon_meta) check parameters
[0.191s] Level 1:colcon.colcon_core.package_discovery:discover_packages(recursive) check parameters
[0.191s] Level 1:colcon.colcon_core.package_discovery:discover_packages(ignore) check parameters
[0.191s] Level 1:colcon.colcon_core.package_discovery:discover_packages(path) check parameters
[0.191s] Level 1:colcon.colcon_core.package_discovery:discover_packages(colcon_meta) discover
[0.191s] Level 1:colcon.colcon_core.package_discovery:discover_packages(recursive) discover
[0.191s] INFO:colcon.colcon_core.package_discovery:Crawling recursively for packages in '/home/yangsangmin/ws'
[0.191s] Level 1:colcon.colcon_core.package_identification:_identify(.) by extensions ['ignore', 'ignore_ament_install']
[0.191s] Level 1:colcon.colcon_core.package_identification:_identify(.) by extension 'ignore'
[0.192s] Level 1:colcon.colcon_core.package_identification:_identify(.) by extension 'ignore_ament_install'
[0.192s] Level 1:colcon.colcon_core.package_identification:_identify(.) by extensions ['colcon_pkg']
[0.192s] Level 1:colcon.colcon_core.package_identification:_identify(.) by extension 'colcon_pkg'
[0.192s] Level 1:colcon.colcon_core.package_identification:_identify(.) by extensions ['colcon_meta']
[0.192s] Level 1:colcon.colcon_core.package_identification:_identify(.) by extension 'colcon_meta'
[0.192s] Level 1:colcon.colcon_core.package_identification:_identify(.) by extensions ['ros']
[0.192s] Level 1:colcon.colcon_core.package_identification:_identify(.) by extension 'ros'
[0.199s] Level 1:colcon.colcon_core.package_identification:_identify(.) by extensions ['cmake', 'python']
[0.199s] Level 1:colcon.colcon_core.package_identification:_identify(.) by extension 'cmake'
[0.199s] Level 1:colcon.colcon_core.package_identification:_identify(.) by extension 'python'
[0.199s] Level 1:colcon.colcon_core.package_identification:_identify(.) by extensions ['python_setup_py']
[0.199s] Level 1:colcon.colcon_core.package_identification:_identify(.) by extension 'python_setup_py'
[0.200s] Level 1:colcon.colcon_core.package_identification:_identify(build) by extensions ['ignore', 'ignore_ament_install']
[0.200s] Level 1:colcon.colcon_core.package_identification:_identify(build) by extension 'ignore'
[0.200s] Level 1:colcon.colcon_core.package_identification:_identify(build) ignored
[0.200s] Level 1:colcon.colcon_core.package_identification:_identify(install) by extensions ['ignore', 'ignore_ament_install']
[0.200s] Level 1:colcon.colcon_core.package_identification:_identify(install) by extension 'ignore'
[0.200s] Level 1:colcon.colcon_core.package_identification:_identify(install) ignored
[0.200s] Level 1:colcon.colcon_core.package_identification:_identify(log) by extensions ['ignore', 'ignore_ament_install']
[0.200s] Level 1:colcon.colcon_core.package_identification:_identify(log) by extension 'ignore'
[0.200s] Level 1:colcon.colcon_core.package_identification:_identify(log) ignored
[0.200s] Level 1:colcon.colcon_core.package_identification:_identify(my_package) by extensions ['ignore', 'ignore_ament_install']
[0.200s] Level 1:colcon.colcon_core.package_identification:_identify(my_package) by extension 'ignore'
[0.200s] Level 1:colcon.colcon_core.package_identification:_identify(my_package) by extension 'ignore_ament_install'
[0.200s] Level 1:colcon.colcon_core.package_identification:_identify(my_package) by extensions ['colcon_pkg']
[0.200s] Level 1:colcon.colcon_core.package_identification:_identify(my_package) by extension 'colcon_pkg'
[0.200s] Level 1:colcon.colcon_core.package_identification:_identify(my_package) by extensions ['colcon_meta']
[0.200s] Level 1:colcon.colcon_core.package_identification:_identify(my_package) by extension 'colcon_meta'
[0.200s] Level 1:colcon.colcon_core.package_identification:_identify(my_package) by extensions ['ros']
[0.200s] Level 1:colcon.colcon_core.package_identification:_identify(my_package) by extension 'ros'
[0.200s] Level 1:colcon.colcon_core.package_identification:_identify(my_package) by extensions ['cmake', 'python']
[0.200s] Level 1:colcon.colcon_core.package_identification:_identify(my_package) by extension 'cmake'
[0.200s] Level 1:colcon.colcon_core.package_identification:_identify(my_package) by extension 'python'
[0.201s] Level 1:colcon.colcon_core.package_identification:_identify(my_package) by extensions ['python_setup_py']
[0.201s] Level 1:colcon.colcon_core.package_identification:_identify(my_package) by extension 'python_setup_py'
[0.201s] Level 1:colcon.colcon_core.package_identification:_identify(src) by extensions ['ignore', 'ignore_ament_install']
[0.201s] Level 1:colcon.colcon_core.package_identification:_identify(src) by extension 'ignore'
[0.201s] Level 1:colcon.colcon_core.package_identification:_identify(src) by extension 'ignore_ament_install'
[0.201s] Level 1:colcon.colcon_core.package_identification:_identify(src) by extensions ['colcon_pkg']
[0.201s] Level 1:colcon.colcon_core.package_identification:_identify(src) by extension 'colcon_pkg'
[0.201s] Level 1:colcon.colcon_core.package_identification:_identify(src) by extensions ['colcon_meta']
[0.201s] Level 1:colcon.colcon_core.package_identification:_identify(src) by extension 'colcon_meta'
[0.201s] Level 1:colcon.colcon_core.package_identification:_identify(src) by extensions ['ros']
[0.201s] Level 1:colcon.colcon_core.package_identification:_identify(src) by extension 'ros'
[0.201s] Level 1:colcon.colcon_core.package_identification:_identify(src) by extensions ['cmake', 'python']
[0.201s] Level 1:colcon.colcon_core.package_identification:_identify(src) by extension 'cmake'
[0.201s] Level 1:colcon.colcon_core.package_identification:_identify(src) by extension 'python'
[0.201s] Level 1:colcon.colcon_core.package_identification:_identify(src) by extensions ['python_setup_py']
[0.201s] Level 1:colcon.colcon_core.package_identification:_identify(src) by extension 'python_setup_py'
[0.201s] Level 1:colcon.colcon_core.package_identification:_identify(src/build) by extensions ['ignore', 'ignore_ament_install']
[0.201s] Level 1:colcon.colcon_core.package_identification:_identify(src/build) by extension 'ignore'
[0.201s] Level 1:colcon.colcon_core.package_identification:_identify(src/build) ignored
[0.201s] Level 1:colcon.colcon_core.package_identification:_identify(src/erp42_msgs) by extensions ['ignore', 'ignore_ament_install']
[0.201s] Level 1:colcon.colcon_core.package_identification:_identify(src/erp42_msgs) by extension 'ignore'
[0.201s] Level 1:colcon.colcon_core.package_identification:_identify(src/erp42_msgs) by extension 'ignore_ament_install'
[0.201s] Level 1:colcon.colcon_core.package_identification:_identify(src/erp42_msgs) by extensions ['colcon_pkg']
[0.201s] Level 1:colcon.colcon_core.package_identification:_identify(src/erp42_msgs) by extension 'colcon_pkg'
[0.201s] Level 1:colcon.colcon_core.package_identification:_identify(src/erp42_msgs) by extensions ['colcon_meta']
[0.201s] Level 1:colcon.colcon_core.package_identification:_identify(src/erp42_msgs) by extension 'colcon_meta'
[0.201s] Level 1:colcon.colcon_core.package_identification:_identify(src/erp42_msgs) by extensions ['ros']
[0.201s] Level 1:colcon.colcon_core.package_identification:_identify(src/erp42_msgs) by extension 'ros'
[0.203s] DEBUG:colcon.colcon_core.package_identification:Package 'src/erp42_msgs' with type 'ros.ament_cmake' and name 'erp42_msgs'
[0.203s] Level 1:colcon.colcon_core.package_identification:_identify(src/install) by extensions ['ignore', 'ignore_ament_install']
[0.204s] Level 1:colcon.colcon_core.package_identification:_identify(src/install) by extension 'ignore'
[0.204s] Level 1:colcon.colcon_core.package_identification:_identify(src/install) ignored
[0.204s] Level 1:colcon.colcon_core.package_identification:_identify(src/log) by extensions ['ignore', 'ignore_ament_install']
[0.204s] Level 1:colcon.colcon_core.package_identification:_identify(src/log) by extension 'ignore'
[0.204s] Level 1:colcon.colcon_core.package_identification:_identify(src/log) ignored
[0.204s] Level 1:colcon.colcon_core.package_identification:_identify(src/my_package) by extensions ['ignore', 'ignore_ament_install']
[0.204s] Level 1:colcon.colcon_core.package_identification:_identify(src/my_package) by extension 'ignore'
[0.204s] Level 1:colcon.colcon_core.package_identification:_identify(src/my_package) by extension 'ignore_ament_install'
[0.204s] Level 1:colcon.colcon_core.package_identification:_identify(src/my_package) by extensions ['colcon_pkg']
[0.204s] Level 1:colcon.colcon_core.package_identification:_identify(src/my_package) by extension 'colcon_pkg'
[0.204s] Level 1:colcon.colcon_core.package_identification:_identify(src/my_package) by extensions ['colcon_meta']
[0.204s] Level 1:colcon.colcon_core.package_identification:_identify(src/my_package) by extension 'colcon_meta'
[0.204s] Level 1:colcon.colcon_core.package_identification:_identify(src/my_package) by extensions ['ros']
[0.204s] Level 1:colcon.colcon_core.package_identification:_identify(src/my_package) by extension 'ros'
[0.204s] DEBUG:colcon.colcon_core.package_identification:Package 'src/my_package' with type 'ros.ament_python' and name 'my_package'
[0.205s] Level 1:colcon.colcon_core.package_identification:_identify(src/my_robot) by extensions ['ignore', 'ignore_ament_install']
[0.205s] Level 1:colcon.colcon_core.package_identification:_identify(src/my_robot) by extension 'ignore'
[0.205s] Level 1:colcon.colcon_core.package_identification:_identify(src/my_robot) by extension 'ignore_ament_install'
[0.205s] Level 1:colcon.colcon_core.package_identification:_identify(src/my_robot) by extensions ['colcon_pkg']
[0.205s] Level 1:colcon.colcon_core.package_identification:_identify(src/my_robot) by extension 'colcon_pkg'
[0.205s] Level 1:colcon.colcon_core.package_identification:_identify(src/my_robot) by extensions ['colcon_meta']
[0.205s] Level 1:colcon.colcon_core.package_identification:_identify(src/my_robot) by extension 'colcon_meta'
[0.205s] Level 1:colcon.colcon_core.package_identification:_identify(src/my_robot) by extensions ['ros']
[0.205s] Level 1:colcon.colcon_core.package_identification:_identify(src/my_robot) by extension 'ros'
[0.205s] DEBUG:colcon.colcon_core.package_identification:Package 'src/my_robot' with type 'ros.ament_python' and name 'my_robot'
[0.205s] Level 1:colcon.colcon_core.package_discovery:discover_packages(recursive) using defaults
[0.205s] Level 1:colcon.colcon_core.package_discovery:discover_packages(ignore) discover
[0.205s] Level 1:colcon.colcon_core.package_discovery:discover_packages(ignore) using defaults
[0.205s] Level 1:colcon.colcon_core.package_discovery:discover_packages(path) discover
[0.206s] Level 1:colcon.colcon_core.package_discovery:discover_packages(path) using defaults
[0.230s] Level 1:colcon.colcon_core.package_discovery:discover_packages(prefix_path) check parameters
[0.230s] Level 1:colcon.colcon_core.package_discovery:discover_packages(prefix_path) discover
[0.231s] DEBUG:colcon.colcon_installed_package_information.package_discovery:Found 3 installed packages in /home/yangsangmin/ws/install
[0.232s] DEBUG:colcon.colcon_installed_package_information.package_discovery:Found 2 installed packages in /home/yangsangmin/install
[0.232s] DEBUG:colcon.colcon_installed_package_information.package_discovery:Found 275 installed packages in /opt/ros/humble
[0.233s] Level 1:colcon.colcon_core.package_discovery:discover_packages(prefix_path) using defaults
[0.258s] Level 5:colcon.colcon_core.verb:set package 'erp42_msgs' build argument 'cmake_args' from command line to 'None'
[0.258s] Level 5:colcon.colcon_core.verb:set package 'erp42_msgs' build argument 'cmake_target' from command line to 'None'
[0.258s] Level 5:colcon.colcon_core.verb:set package 'erp42_msgs' build argument 'cmake_target_skip_unavailable' from command line to 'False'
[0.258s] Level 5:colcon.colcon_core.verb:set package 'erp42_msgs' build argument 'cmake_clean_cache' from command line to 'False'
[0.258s] Level 5:colcon.colcon_core.verb:set package 'erp42_msgs' build argument 'cmake_clean_first' from command line to 'False'
[0.258s] Level 5:colcon.colcon_core.verb:set package 'erp42_msgs' build argument 'cmake_force_configure' from command line to 'False'
[0.258s] Level 5:colcon.colcon_core.verb:set package 'erp42_msgs' build argument 'ament_cmake_args' from command line to 'None'
[0.258s] Level 5:colcon.colcon_core.verb:set package 'erp42_msgs' build argument 'catkin_cmake_args' from command line to 'None'
[0.259s] Level 5:colcon.colcon_core.verb:set package 'erp42_msgs' build argument 'catkin_skip_building_tests' from command line to 'False'
[0.259s] DEBUG:colcon.colcon_core.verb:Building package 'erp42_msgs' with the following arguments: {'ament_cmake_args': None, 'build_base': '/home/yangsangmin/ws/build/erp42_msgs', 'catkin_cmake_args': None, 'catkin_skip_building_tests': False, 'cmake_args': None, 'cmake_clean_cache': False, 'cmake_clean_first': False, 'cmake_force_configure': False, 'cmake_target': None, 'cmake_target_skip_unavailable': False, 'install_base': '/home/yangsangmin/ws/install/erp42_msgs', 'merge_install': False, 'path': '/home/yangsangmin/ws/src/erp42_msgs', 'symlink_install': False, 'test_result_base': None}
[0.259s] Level 5:colcon.colcon_core.verb:set package 'my_package' build argument 'cmake_args' from command line to 'None'
[0.259s] Level 5:colcon.colcon_core.verb:set package 'my_package' build argument 'cmake_target' from command line to 'None'
[0.259s] Level 5:colcon.colcon_core.verb:set package 'my_package' build argument 'cmake_target_skip_unavailable' from command line to 'False'
[0.259s] Level 5:colcon.colcon_core.verb:set package 'my_package' build argument 'cmake_clean_cache' from command line to 'False'
[0.259s] Level 5:colcon.colcon_core.verb:set package 'my_package' build argument 'cmake_clean_first' from command line to 'False'
[0.259s] Level 5:colcon.colcon_core.verb:set package 'my_package' build argument 'cmake_force_configure' from command line to 'False'
[0.259s] Level 5:colcon.colcon_core.verb:set package 'my_package' build argument 'ament_cmake_args' from command line to 'None'
[0.259s] Level 5:colcon.colcon_core.verb:set package 'my_package' build argument 'catkin_cmake_args' from command line to 'None'
[0.259s] Level 5:colcon.colcon_core.verb:set package 'my_package' build argument 'catkin_skip_building_tests' from command line to 'False'
[0.259s] DEBUG:colcon.colcon_core.verb:Building package 'my_package' with the following arguments: {'ament_cmake_args': None, 'build_base': '/home/yangsangmin/ws/build/my_package', 'catkin_cmake_args': None, 'catkin_skip_building_tests': False, 'cmake_args': None, 'cmake_clean_cache': False, 'cmake_clean_first': False, 'cmake_force_configure': False, 'cmake_target': None, 'cmake_target_skip_unavailable': False, 'install_base': '/home/yangsangmin/ws/install/my_package', 'merge_install': False, 'path': '/home/yangsangmin/ws/src/my_package', 'symlink_install': False, 'test_result_base': None}
[0.259s] Level 5:colcon.colcon_core.verb:set package 'my_robot' build argument 'cmake_args' from command line to 'None'
[0.259s] Level 5:colcon.colcon_core.verb:set package 'my_robot' build argument 'cmake_target' from command line to 'None'
[0.259s] Level 5:colcon.colcon_core.verb:set package 'my_robot' build argument 'cmake_target_skip_unavailable' from command line to 'False'
[0.259s] Level 5:colcon.colcon_core.verb:set package 'my_robot' build argument 'cmake_clean_cache' from command line to 'False'
[0.259s] Level 5:colcon.colcon_core.verb:set package 'my_robot' build argument 'cmake_clean_first' from command line to 'False'
[0.260s] Level 5:colcon.colcon_core.verb:set package 'my_robot' build argument 'cmake_force_configure' from command line to 'False'
[0.260s] Level 5:colcon.colcon_core.verb:set package 'my_robot' build argument 'ament_cmake_args' from command line to 'None'
[0.260s] Level 5:colcon.colcon_core.verb:set package 'my_robot' build argument 'catkin_cmake_args' from command line to 'None'
[0.260s] Level 5:colcon.colcon_core.verb:set package 'my_robot' build argument 'catkin_skip_building_tests' from command line to 'False'
[0.260s] DEBUG:colcon.colcon_core.verb:Building package 'my_robot' with the following arguments: {'ament_cmake_args': None, 'build_base': '/home/yangsangmin/ws/build/my_robot', 'catkin_cmake_args': None, 'catkin_skip_building_tests': False, 'cmake_args': None, 'cmake_clean_cache': False, 'cmake_clean_first': False, 'cmake_force_configure': False, 'cmake_target': None, 'cmake_target_skip_unavailable': False, 'install_base': '/home/yangsangmin/ws/install/my_robot', 'merge_install': False, 'path': '/home/yangsangmin/ws/src/my_robot', 'symlink_install': False, 'test_result_base': None}
[0.260s] INFO:colcon.colcon_core.executor:Executing jobs using 'parallel' executor
[0.261s] DEBUG:colcon.colcon_parallel_executor.executor.parallel:run_until_complete
[0.261s] INFO:colcon.colcon_ros.task.ament_cmake.build:Building ROS package in '/home/yangsangmin/ws/src/erp42_msgs' with build type 'ament_cmake'
[0.261s] INFO:colcon.colcon_cmake.task.cmake.build:Building CMake package in '/home/yangsangmin/ws/src/erp42_msgs'
[0.262s] INFO:colcon.colcon_core.plugin_system:Skipping extension 'colcon_core.shell.bat': Not used on non-Windows systems
[0.262s] INFO:colcon.colcon_core.shell:Skip shell extension 'powershell' for command environment: Not usable outside of PowerShell
[0.262s] DEBUG:colcon.colcon_core.shell:Skip shell extension 'dsv' for command environment
[0.265s] INFO:colcon.colcon_ros.task.ament_python.build:Building ROS package in '/home/yangsangmin/ws/src/my_package' with build type 'ament_python'
[0.265s] Level 1:colcon.colcon_core.shell:create_environment_hook('my_package', 'ament_prefix_path')
[0.265s] INFO:colcon.colcon_core.shell:Creating environment hook '/home/yangsangmin/ws/install/my_package/share/my_package/hook/ament_prefix_path.ps1'
[0.267s] INFO:colcon.colcon_core.shell:Creating environment descriptor '/home/yangsangmin/ws/install/my_package/share/my_package/hook/ament_prefix_path.dsv'
[0.268s] INFO:colcon.colcon_core.shell:Creating environment hook '/home/yangsangmin/ws/install/my_package/share/my_package/hook/ament_prefix_path.sh'
[0.269s] INFO:colcon.colcon_core.shell:Skip shell extension 'powershell' for command environment: Not usable outside of PowerShell
[0.269s] DEBUG:colcon.colcon_core.shell:Skip shell extension 'dsv' for command environment
[0.280s] DEBUG:colcon.colcon_core.event_handler.log_command:Invoking command in '/home/yangsangmin/ws/build/erp42_msgs': CMAKE_PREFIX_PATH=${CMAKE_PREFIX_PATH}:/home/yangsangmin/ws/install/my_package:/home/yangsangmin/ws/install/my_robot:/home/yangsangmin/install/my_package:/opt/ros/humble /usr/bin/cmake --build /home/yangsangmin/ws/build/erp42_msgs -- -j8 -l8
[0.486s] INFO:colcon.colcon_core.task.python.build:Building Python package in '/home/yangsangmin/ws/src/my_package'
[0.486s] INFO:colcon.colcon_core.shell:Skip shell extension 'powershell' for command environment: Not usable outside of PowerShell
[0.486s] DEBUG:colcon.colcon_core.shell:Skip shell extension 'dsv' for command environment
[0.601s] DEBUG:colcon.colcon_core.event_handler.log_command:Invoked command in '/home/yangsangmin/ws/build/erp42_msgs' returned '0': CMAKE_PREFIX_PATH=${CMAKE_PREFIX_PATH}:/home/yangsangmin/ws/install/my_package:/home/yangsangmin/ws/install/my_robot:/home/yangsangmin/install/my_package:/opt/ros/humble /usr/bin/cmake --build /home/yangsangmin/ws/build/erp42_msgs -- -j8 -l8
[0.610s] DEBUG:colcon.colcon_core.event_handler.log_command:Invoking command in '/home/yangsangmin/ws/build/erp42_msgs': CMAKE_PREFIX_PATH=${CMAKE_PREFIX_PATH}:/home/yangsangmin/ws/install/my_package:/home/yangsangmin/ws/install/my_robot:/home/yangsangmin/install/my_package:/opt/ros/humble /usr/bin/cmake --install /home/yangsangmin/ws/build/erp42_msgs
[0.655s] Level 1:colcon.colcon_core.environment:create_environment_scripts_only(erp42_msgs)
[0.656s] DEBUG:colcon.colcon_core.event_handler.log_command:Invoked command in '/home/yangsangmin/ws/build/erp42_msgs' returned '0': CMAKE_PREFIX_PATH=${CMAKE_PREFIX_PATH}:/home/yangsangmin/ws/install/my_package:/home/yangsangmin/ws/install/my_robot:/home/yangsangmin/install/my_package:/opt/ros/humble /usr/bin/cmake --install /home/yangsangmin/ws/build/erp42_msgs
[0.658s] Level 1:colcon.colcon_core.environment:checking '/home/yangsangmin/ws/install/erp42_msgs' for CMake module files
[0.659s] Level 1:colcon.colcon_core.environment:checking '/home/yangsangmin/ws/install/erp42_msgs' for CMake config files
[0.659s] Level 1:colcon.colcon_core.shell:create_environment_hook('erp42_msgs', 'cmake_prefix_path')
[0.660s] INFO:colcon.colcon_core.shell:Creating environment hook '/home/yangsangmin/ws/install/erp42_msgs/share/erp42_msgs/hook/cmake_prefix_path.ps1'
[0.660s] INFO:colcon.colcon_core.shell:Creating environment descriptor '/home/yangsangmin/ws/install/erp42_msgs/share/erp42_msgs/hook/cmake_prefix_path.dsv'
[0.661s] INFO:colcon.colcon_core.shell:Creating environment hook '/home/yangsangmin/ws/install/erp42_msgs/share/erp42_msgs/hook/cmake_prefix_path.sh'
[0.662s] Level 1:colcon.colcon_core.environment:checking '/home/yangsangmin/ws/install/erp42_msgs/lib'
[0.662s] Level 1:colcon.colcon_core.shell:create_environment_hook('erp42_msgs', 'ld_library_path_lib')
[0.662s] INFO:colcon.colcon_core.shell:Creating environment hook '/home/yangsangmin/ws/install/erp42_msgs/share/erp42_msgs/hook/ld_library_path_lib.ps1'
[0.663s] INFO:colcon.colcon_core.shell:Creating environment descriptor '/home/yangsangmin/ws/install/erp42_msgs/share/erp42_msgs/hook/ld_library_path_lib.dsv'
[0.663s] INFO:colcon.colcon_core.shell:Creating environment hook '/home/yangsangmin/ws/install/erp42_msgs/share/erp42_msgs/hook/ld_library_path_lib.sh'
[0.663s] Level 1:colcon.colcon_core.environment:checking '/home/yangsangmin/ws/install/erp42_msgs/bin'
[0.663s] Level 1:colcon.colcon_core.environment:checking '/home/yangsangmin/ws/install/erp42_msgs/lib/pkgconfig/erp42_msgs.pc'
[0.664s] Level 1:colcon.colcon_core.environment:checking '/home/yangsangmin/ws/install/erp42_msgs/lib/python3.10/site-packages'
[0.664s] Level 1:colcon.colcon_core.environment:checking '/home/yangsangmin/ws/install/erp42_msgs/bin'
[0.665s] INFO:colcon.colcon_core.shell:Creating package script '/home/yangsangmin/ws/install/erp42_msgs/share/erp42_msgs/package.ps1'
[0.666s] INFO:colcon.colcon_core.shell:Creating package descriptor '/home/yangsangmin/ws/install/erp42_msgs/share/erp42_msgs/package.dsv'
[0.666s] INFO:colcon.colcon_core.shell:Creating package script '/home/yangsangmin/ws/install/erp42_msgs/share/erp42_msgs/package.sh'
[0.667s] INFO:colcon.colcon_core.shell:Creating package script '/home/yangsangmin/ws/install/erp42_msgs/share/erp42_msgs/package.bash'
[0.668s] INFO:colcon.colcon_core.shell:Creating package script '/home/yangsangmin/ws/install/erp42_msgs/share/erp42_msgs/package.zsh'
[0.669s] Level 1:colcon.colcon_core.environment:create_file_with_runtime_dependencies(/home/yangsangmin/ws/install/erp42_msgs/share/colcon-core/packages/erp42_msgs)
[0.670s] Level 1:colcon.colcon_core.environment:create_environment_scripts_only(erp42_msgs)
[0.670s] Level 1:colcon.colcon_core.environment:checking '/home/yangsangmin/ws/install/erp42_msgs' for CMake module files
[0.670s] Level 1:colcon.colcon_core.environment:checking '/home/yangsangmin/ws/install/erp42_msgs' for CMake config files
[0.671s] Level 1:colcon.colcon_core.shell:create_environment_hook('erp42_msgs', 'cmake_prefix_path')
[0.671s] INFO:colcon.colcon_core.shell:Creating environment hook '/home/yangsangmin/ws/install/erp42_msgs/share/erp42_msgs/hook/cmake_prefix_path.ps1'
[0.671s] INFO:colcon.colcon_core.shell:Creating environment descriptor '/home/yangsangmin/ws/install/erp42_msgs/share/erp42_msgs/hook/cmake_prefix_path.dsv'
[0.672s] INFO:colcon.colcon_core.shell:Creating environment hook '/home/yangsangmin/ws/install/erp42_msgs/share/erp42_msgs/hook/cmake_prefix_path.sh'
[0.672s] Level 1:colcon.colcon_core.environment:checking '/home/yangsangmin/ws/install/erp42_msgs/lib'
[0.672s] Level 1:colcon.colcon_core.shell:create_environment_hook('erp42_msgs', 'ld_library_path_lib')
[0.673s] INFO:colcon.colcon_core.shell:Creating environment hook '/home/yangsangmin/ws/install/erp42_msgs/share/erp42_msgs/hook/ld_library_path_lib.ps1'
[0.673s] INFO:colcon.colcon_core.shell:Creating environment descriptor '/home/yangsangmin/ws/install/erp42_msgs/share/erp42_msgs/hook/ld_library_path_lib.dsv'
[0.673s] INFO:colcon.colcon_core.shell:Creating environment hook '/home/yangsangmin/ws/install/erp42_msgs/share/erp42_msgs/hook/ld_library_path_lib.sh'
[0.674s] Level 1:colcon.colcon_core.environment:checking '/home/yangsangmin/ws/install/erp42_msgs/bin'
[0.674s] Level 1:colcon.colcon_core.environment:checking '/home/yangsangmin/ws/install/erp42_msgs/lib/pkgconfig/erp42_msgs.pc'
[0.674s] Level 1:colcon.colcon_core.environment:checking '/home/yangsangmin/ws/install/erp42_msgs/lib/python3.10/site-packages'
[0.675s] Level 1:colcon.colcon_core.environment:checking '/home/yangsangmin/ws/install/erp42_msgs/bin'
[0.675s] INFO:colcon.colcon_core.shell:Creating package script '/home/yangsangmin/ws/install/erp42_msgs/share/erp42_msgs/package.ps1'
[0.676s] INFO:colcon.colcon_core.shell:Creating package descriptor '/home/yangsangmin/ws/install/erp42_msgs/share/erp42_msgs/package.dsv'
[0.676s] INFO:colcon.colcon_core.shell:Creating package script '/home/yangsangmin/ws/install/erp42_msgs/share/erp42_msgs/package.sh'
[0.677s] INFO:colcon.colcon_core.shell:Creating package script '/home/yangsangmin/ws/install/erp42_msgs/share/erp42_msgs/package.bash'
[0.677s] INFO:colcon.colcon_core.shell:Creating package script '/home/yangsangmin/ws/install/erp42_msgs/share/erp42_msgs/package.zsh'
[0.677s] Level 1:colcon.colcon_core.environment:create_file_with_runtime_dependencies(/home/yangsangmin/ws/install/erp42_msgs/share/colcon-core/packages/erp42_msgs)
[0.678s] INFO:colcon.colcon_ros.task.ament_python.build:Building ROS package in '/home/yangsangmin/ws/src/my_robot' with build type 'ament_python'
[0.678s] Level 1:colcon.colcon_core.shell:create_environment_hook('my_robot', 'ament_prefix_path')
[0.678s] INFO:colcon.colcon_core.shell:Creating environment hook '/home/yangsangmin/ws/install/my_robot/share/my_robot/hook/ament_prefix_path.ps1'
[0.679s] INFO:colcon.colcon_core.shell:Creating environment descriptor '/home/yangsangmin/ws/install/my_robot/share/my_robot/hook/ament_prefix_path.dsv'
[0.680s] INFO:colcon.colcon_core.shell:Creating environment hook '/home/yangsangmin/ws/install/my_robot/share/my_robot/hook/ament_prefix_path.sh'
[0.680s] INFO:colcon.colcon_core.shell:Skip shell extension 'powershell' for command environment: Not usable outside of PowerShell
[0.680s] DEBUG:colcon.colcon_core.shell:Skip shell extension 'dsv' for command environment
[0.869s] INFO:colcon.colcon_core.task.python.build:Building Python package in '/home/yangsangmin/ws/src/my_robot'
[0.870s] INFO:colcon.colcon_core.shell:Skip shell extension 'powershell' for command environment: Not usable outside of PowerShell
[0.870s] DEBUG:colcon.colcon_core.shell:Skip shell extension 'dsv' for command environment
[0.875s] DEBUG:colcon.colcon_core.event_handler.log_command:Invoking command in '/home/yangsangmin/ws/src/my_package': PYTHONPATH=/home/yangsangmin/ws/build/my_package/prefix_override:/usr/lib/python3/dist-packages/colcon_core/task/python/colcon_distutils_commands:/home/yangsangmin/ws/install/my_package/lib/python3.10/site-packages:${PYTHONPATH} /usr/bin/python3 -W ignore:setup.py install is deprecated -W ignore:easy_install command is deprecated setup.py egg_info --egg-base ../../build/my_package build --build-base /home/yangsangmin/ws/build/my_package/build install --record /home/yangsangmin/ws/build/my_package/install.log --single-version-externally-managed install_data
[1.092s] Level 1:colcon.colcon_core.environment:checking '/home/yangsangmin/ws/install/my_package' for CMake module files
[1.093s] DEBUG:colcon.colcon_core.event_handler.log_command:Invoked command in '/home/yangsangmin/ws/src/my_package' returned '0': PYTHONPATH=/home/yangsangmin/ws/build/my_package/prefix_override:/usr/lib/python3/dist-packages/colcon_core/task/python/colcon_distutils_commands:/home/yangsangmin/ws/install/my_package/lib/python3.10/site-packages:${PYTHONPATH} /usr/bin/python3 -W ignore:setup.py install is deprecated -W ignore:easy_install command is deprecated setup.py egg_info --egg-base ../../build/my_package build --build-base /home/yangsangmin/ws/build/my_package/build install --record /home/yangsangmin/ws/build/my_package/install.log --single-version-externally-managed install_data
[1.093s] Level 1:colcon.colcon_core.environment:checking '/home/yangsangmin/ws/install/my_package' for CMake config files
[1.093s] Level 1:colcon.colcon_core.environment:checking '/home/yangsangmin/ws/install/my_package/lib'
[1.093s] Level 1:colcon.colcon_core.environment:checking '/home/yangsangmin/ws/install/my_package/bin'
[1.093s] Level 1:colcon.colcon_core.environment:checking '/home/yangsangmin/ws/install/my_package/lib/pkgconfig/my_package.pc'
[1.093s] Level 1:colcon.colcon_core.environment:checking '/home/yangsangmin/ws/install/my_package/lib/python3.10/site-packages'
[1.093s] Level 1:colcon.colcon_core.shell:create_environment_hook('my_package', 'pythonpath')
[1.094s] INFO:colcon.colcon_core.shell:Creating environment hook '/home/yangsangmin/ws/install/my_package/share/my_package/hook/pythonpath.ps1'
[1.094s] INFO:colcon.colcon_core.shell:Creating environment descriptor '/home/yangsangmin/ws/install/my_package/share/my_package/hook/pythonpath.dsv'
[1.094s] INFO:colcon.colcon_core.shell:Creating environment hook '/home/yangsangmin/ws/install/my_package/share/my_package/hook/pythonpath.sh'
[1.095s] Level 1:colcon.colcon_core.environment:checking '/home/yangsangmin/ws/install/my_package/bin'
[1.095s] Level 1:colcon.colcon_core.environment:create_environment_scripts_only(my_package)
[1.095s] INFO:colcon.colcon_core.shell:Creating package script '/home/yangsangmin/ws/install/my_package/share/my_package/package.ps1'
[1.095s] INFO:colcon.colcon_core.shell:Creating package descriptor '/home/yangsangmin/ws/install/my_package/share/my_package/package.dsv'
[1.096s] INFO:colcon.colcon_core.shell:Creating package script '/home/yangsangmin/ws/install/my_package/share/my_package/package.sh'
[1.096s] INFO:colcon.colcon_core.shell:Creating package script '/home/yangsangmin/ws/install/my_package/share/my_package/package.bash'
[1.096s] INFO:colcon.colcon_core.shell:Creating package script '/home/yangsangmin/ws/install/my_package/share/my_package/package.zsh'
[1.096s] Level 1:colcon.colcon_core.environment:create_file_with_runtime_dependencies(/home/yangsangmin/ws/install/my_package/share/colcon-core/packages/my_package)
[1.124s] DEBUG:colcon.colcon_core.event_handler.log_command:Invoking command in '/home/yangsangmin/ws/src/my_robot': PYTHONPATH=/home/yangsangmin/ws/build/my_robot/prefix_override:/usr/lib/python3/dist-packages/colcon_core/task/python/colcon_distutils_commands:/home/yangsangmin/ws/install/my_robot/lib/python3.10/site-packages:${PYTHONPATH} /usr/bin/python3 -W ignore:setup.py install is deprecated -W ignore:easy_install command is deprecated setup.py egg_info --egg-base ../../build/my_robot build --build-base /home/yangsangmin/ws/build/my_robot/build install --record /home/yangsangmin/ws/build/my_robot/install.log --single-version-externally-managed install_data
[1.344s] Level 1:colcon.colcon_core.environment:checking '/home/yangsangmin/ws/install/my_robot' for CMake module files
[1.345s] DEBUG:colcon.colcon_core.event_handler.log_command:Invoked command in '/home/yangsangmin/ws/src/my_robot' returned '0': PYTHONPATH=/home/yangsangmin/ws/build/my_robot/prefix_override:/usr/lib/python3/dist-packages/colcon_core/task/python/colcon_distutils_commands:/home/yangsangmin/ws/install/my_robot/lib/python3.10/site-packages:${PYTHONPATH} /usr/bin/python3 -W ignore:setup.py install is deprecated -W ignore:easy_install command is deprecated setup.py egg_info --egg-base ../../build/my_robot build --build-base /home/yangsangmin/ws/build/my_robot/build install --record /home/yangsangmin/ws/build/my_robot/install.log --single-version-externally-managed install_data
[1.345s] Level 1:colcon.colcon_core.environment:checking '/home/yangsangmin/ws/install/my_robot' for CMake config files
[1.346s] Level 1:colcon.colcon_core.environment:checking '/home/yangsangmin/ws/install/my_robot/lib'
[1.346s] Level 1:colcon.colcon_core.environment:checking '/home/yangsangmin/ws/install/my_robot/bin'
[1.346s] Level 1:colcon.colcon_core.environment:checking '/home/yangsangmin/ws/install/my_robot/lib/pkgconfig/my_robot.pc'
[1.346s] Level 1:colcon.colcon_core.environment:checking '/home/yangsangmin/ws/install/my_robot/lib/python3.10/site-packages'
[1.346s] Level 1:colcon.colcon_core.shell:create_environment_hook('my_robot', 'pythonpath')
[1.346s] INFO:colcon.colcon_core.shell:Creating environment hook '/home/yangsangmin/ws/install/my_robot/share/my_robot/hook/pythonpath.ps1'
[1.347s] INFO:colcon.colcon_core.shell:Creating environment descriptor '/home/yangsangmin/ws/install/my_robot/share/my_robot/hook/pythonpath.dsv'
[1.347s] INFO:colcon.colcon_core.shell:Creating environment hook '/home/yangsangmin/ws/install/my_robot/share/my_robot/hook/pythonpath.sh'
[1.347s] Level 1:colcon.colcon_core.environment:checking '/home/yangsangmin/ws/install/my_robot/bin'
[1.347s] Level 1:colcon.colcon_core.environment:create_environment_scripts_only(my_robot)
[1.348s] INFO:colcon.colcon_core.shell:Creating package script '/home/yangsangmin/ws/install/my_robot/share/my_robot/package.ps1'
[1.348s] INFO:colcon.colcon_core.shell:Creating package descriptor '/home/yangsangmin/ws/install/my_robot/share/my_robot/package.dsv'
[1.348s] INFO:colcon.colcon_core.shell:Creating package script '/home/yangsangmin/ws/install/my_robot/share/my_robot/package.sh'
[1.349s] INFO:colcon.colcon_core.shell:Creating package script '/home/yangsangmin/ws/install/my_robot/share/my_robot/package.bash'
[1.349s] INFO:colcon.colcon_core.shell:Creating package script '/home/yangsangmin/ws/install/my_robot/share/my_robot/package.zsh'
[1.349s] Level 1:colcon.colcon_core.environment:create_file_with_runtime_dependencies(/home/yangsangmin/ws/install/my_robot/share/colcon-core/packages/my_robot)
[1.349s] DEBUG:colcon.colcon_parallel_executor.executor.parallel:closing loop
[1.349s] DEBUG:colcon.colcon_parallel_executor.executor.parallel:loop closed
[1.350s] DEBUG:colcon.colcon_parallel_executor.executor.parallel:run_until_complete finished with '0'
[1.350s] DEBUG:colcon.colcon_core.event_reactor:joining thread
[1.357s] INFO:colcon.colcon_core.plugin_system:Skipping extension 'colcon_notification.desktop_notification.terminal_notifier': Not used on non-Darwin systems
[1.357s] INFO:colcon.colcon_core.plugin_system:Skipping extension 'colcon_notification.desktop_notification.win32': Not used on non-Windows systems
[1.357s] INFO:colcon.colcon_notification.desktop_notification:Sending desktop notification using 'notify2'
[1.366s] DEBUG:colcon.colcon_core.event_reactor:joined thread
[1.366s] INFO:colcon.colcon_core.shell:Creating prefix script '/home/yangsangmin/ws/install/local_setup.ps1'
[1.367s] INFO:colcon.colcon_core.shell:Creating prefix util module '/home/yangsangmin/ws/install/_local_setup_util_ps1.py'
[1.368s] INFO:colcon.colcon_core.shell:Creating prefix chain script '/home/yangsangmin/ws/install/setup.ps1'
[1.369s] INFO:colcon.colcon_core.shell:Creating prefix script '/home/yangsangmin/ws/install/local_setup.sh'
[1.370s] INFO:colcon.colcon_core.shell:Creating prefix util module '/home/yangsangmin/ws/install/_local_setup_util_sh.py'
[1.370s] INFO:colcon.colcon_core.shell:Creating prefix chain script '/home/yangsangmin/ws/install/setup.sh'
[1.371s] INFO:colcon.colcon_core.shell:Creating prefix script '/home/yangsangmin/ws/install/local_setup.bash'
[1.371s] INFO:colcon.colcon_core.shell:Creating prefix chain script '/home/yangsangmin/ws/install/setup.bash'
[1.372s] INFO:colcon.colcon_core.shell:Creating prefix script '/home/yangsangmin/ws/install/local_setup.zsh'
[1.372s] INFO:colcon.colcon_core.shell:Creating prefix chain script '/home/yangsangmin/ws/install/setup.zsh'
