[0.609s] Invoking command in '/home/yangsangmin/ws/src/my_package': PYTHONPATH=/home/yangsangmin/ws/build/my_package/prefix_override:/usr/lib/python3/dist-packages/colcon_core/task/python/colcon_distutils_commands:/home/yangsangmin/ws/install/my_package/lib/python3.10/site-packages:${PYTHONPATH} /usr/bin/python3 -W ignore:setup.py install is deprecated -W ignore:easy_install command is deprecated setup.py egg_info --egg-base ../../build/my_package build --build-base /home/yangsangmin/ws/build/my_package/build install --record /home/yangsangmin/ws/build/my_package/install.log --single-version-externally-managed install_data
[0.783s] running egg_info
[0.783s] writing ../../build/my_package/my_package.egg-info/PKG-INFO
[0.783s] writing dependency_links to ../../build/my_package/my_package.egg-info/dependency_links.txt
[0.784s] writing entry points to ../../build/my_package/my_package.egg-info/entry_points.txt
[0.784s] writing requirements to ../../build/my_package/my_package.egg-info/requires.txt
[0.784s] writing top-level names to ../../build/my_package/my_package.egg-info/top_level.txt
[0.785s] reading manifest file '../../build/my_package/my_package.egg-info/SOURCES.txt'
[0.786s] writing manifest file '../../build/my_package/my_package.egg-info/SOURCES.txt'
[0.787s] running build
[0.787s] running build_py
[0.787s] running install
[0.787s] running install_lib
[0.788s] running install_data
[0.788s] running install_egg_info
[0.789s] removing '/home/yangsangmin/ws/install/my_package/lib/python3.10/site-packages/my_package-0.0.0-py3.10.egg-info' (and everything under it)
[0.789s] Copying ../../build/my_package/my_package.egg-info to /home/yangsangmin/ws/install/my_package/lib/python3.10/site-packages/my_package-0.0.0-py3.10.egg-info
[0.790s] running install_scripts
[0.805s] Installing my_node script to /home/yangsangmin/ws/install/my_package/lib/my_package
[0.805s] writing list of installed files to '/home/yangsangmin/ws/build/my_package/install.log'
[0.827s] Invoked command in '/home/yangsangmin/ws/src/my_package' returned '0': PYTHONPATH=/home/yangsangmin/ws/build/my_package/prefix_override:/usr/lib/python3/dist-packages/colcon_core/task/python/colcon_distutils_commands:/home/yangsangmin/ws/install/my_package/lib/python3.10/site-packages:${PYTHONPATH} /usr/bin/python3 -W ignore:setup.py install is deprecated -W ignore:easy_install command is deprecated setup.py egg_info --egg-base ../../build/my_package build --build-base /home/yangsangmin/ws/build/my_package/build install --record /home/yangsangmin/ws/build/my_package/install.log --single-version-externally-managed install_data
